# JRE version: OpenJDK Runtime Environment (8.0_292-b10) (build 1.8.0_292-b10)
# Java VM: OpenJDK 64-Bit Server VM (25.292-b10 mixed mode windows-amd64 compressed oops)
Heap:
 PSYoungGen      total 164352K, used 72815K [0x00000000db300000, 0x00000000e8a00000, 0x0000000100000000)
  eden space 142336K, 35% used [0x00000000db300000,0x00000000de4aa218,0x00000000e3e00000)
  from space 22016K, 99% used [0x00000000e7480000,0x00000000e89f1d90,0x00000000e8a00000)
  to   space 25088K, 0% used [0x00000000e5900000,0x00000000e5900000,0x00000000e7180000)
 ParOldGen       total 85504K, used 35448K [0x0000000091800000, 0x0000000096b80000, 0x00000000db300000)
  object space 85504K, 41% used [0x0000000091800000,0x0000000093a9e1d8,0x0000000096b80000)
 Metaspace       used 24810K, capacity 25456K, committed 25600K, reserved 1071104K
  class space    used 2847K, capacity 3020K, committed 3072K, reserved 1048576K
GC Heap History (10 events):
Event: 4.884 GC heap before
{Heap before GC invocations=7 (full 0):
 PSYoungGen      total 66560K, used 64984K [0x00000000db300000, 0x00000000dff00000, 0x0000000100000000)
  eden space 56832K, 100% used [0x00000000db300000,0x00000000dea80000,0x00000000dea80000)
  from space 9728K, 83% used [0x00000000df480000,0x00000000dfc76030,0x00000000dfe00000)
  to   space 10240K, 0% used [0x00000000dea80000,0x00000000dea80000,0x00000000df480000)
 ParOldGen       total 76800K, used 10982K [0x0000000091800000, 0x0000000096300000, 0x00000000db300000)
  object space 76800K, 14% used [0x0000000091800000,0x00000000922b9bd8,0x0000000096300000)
 Metaspace       used 16926K, capacity 17366K, committed 17792K, reserved 1064960K
  class space    used 1939K, capacity 2050K, committed 2176K, reserved 1048576K
Event: 4.896 GC heap after
Heap after GC invocations=7 (full 0):
 PSYoungGen      total 67072K, used 10224K [0x00000000db300000, 0x00000000e3d00000, 0x0000000100000000)
  eden space 56832K, 0% used [0x00000000db300000,0x00000000db300000,0x00000000dea80000)
  from space 10240K, 99% used [0x00000000dea80000,0x00000000df47c030,0x00000000df480000)
  to   space 13824K, 0% used [0x00000000e2f80000,0x00000000e2f80000,0x00000000e3d00000)
 ParOldGen       total 76800K, used 16199K [0x0000000091800000, 0x0000000096300000, 0x00000000db300000)
  object space 76800K, 21% used [0x0000000091800000,0x00000000927d1d78,0x0000000096300000)
 Metaspace       used 16926K, capacity 17366K, committed 17792K, reserved 1064960K
  class space    used 1939K, capacity 2050K, committed 2176K, reserved 1048576K
}
Event: 5.534 GC heap before
{Heap before GC invocations=8 (full 0):
 PSYoungGen      total 67072K, used 67056K [0x00000000db300000, 0x00000000e3d00000, 0x0000000100000000)
  eden space 56832K, 100% used [0x00000000db300000,0x00000000dea80000,0x00000000dea80000)
  from space 10240K, 99% used [0x00000000dea80000,0x00000000df47c030,0x00000000df480000)
  to   space 13824K, 0% used [0x00000000e2f80000,0x00000000e2f80000,0x00000000e3d00000)
 ParOldGen       total 76800K, used 16199K [0x0000000091800000, 0x0000000096300000, 0x00000000db300000)
  object space 76800K, 21% used [0x0000000091800000,0x00000000927d1d78,0x0000000096300000)
 Metaspace       used 17094K, capacity 17500K, committed 17792K, reserved 1064960K
  class space    used 1941K, capacity 2051K, committed 2176K, reserved 1048576K
Event: 5.547 GC heap after
Heap after GC invocations=8 (full 0):
 PSYoungGen      total 123904K, used 13808K [0x00000000db300000, 0x00000000e4400000, 0x0000000100000000)
  eden space 110080K, 0% used [0x00000000db300000,0x00000000db300000,0x00000000e1e80000)
  from space 13824K, 99% used [0x00000000e2f80000,0x00000000e3cfc010,0x00000000e3d00000)
  to   space 17408K, 0% used [0x00000000e1e80000,0x00000000e1e80000,0x00000000e2f80000)
 ParOldGen       total 76800K, used 20398K [0x0000000091800000, 0x0000000096300000, 0x00000000db300000)
  object space 76800K, 26% used [0x0000000091800000,0x0000000092beb910,0x0000000096300000)
 Metaspace       used 17094K, capacity 17500K, committed 17792K, reserved 1064960K
  class space    used 1941K, capacity 2051K, committed 2176K, reserved 1048576K
}
Event: 7.707 GC heap before
{Heap before GC invocations=9 (full 0):
 PSYoungGen      total 123904K, used 107269K [0x00000000db300000, 0x00000000e4400000, 0x0000000100000000)
  eden space 110080K, 84% used [0x00000000db300000,0x00000000e0e453f0,0x00000000e1e80000)
  from space 13824K, 99% used [0x00000000e2f80000,0x00000000e3cfc010,0x00000000e3d00000)
  to   space 17408K, 0% used [0x00000000e1e80000,0x00000000e1e80000,0x00000000e2f80000)
 ParOldGen       total 76800K, used 20398K [0x0000000091800000, 0x0000000096300000, 0x00000000db300000)
  object space 76800K, 26% used [0x0000000091800000,0x0000000092beb910,0x0000000096300000)
 Metaspace       used 20636K, capacity 21182K, committed 21248K, reserved 1069056K
  class space    used 2401K, capacity 2556K, committed 2560K, reserved 1048576K
Event: 7.730 GC heap after
Heap after GC invocations=9 (full 0):
 PSYoungGen      total 127488K, used 17393K [0x00000000db300000, 0x00000000e8a00000, 0x0000000100000000)
  eden space 110080K, 0% used [0x00000000db300000,0x00000000db300000,0x00000000e1e80000)
  from space 17408K, 99% used [0x00000000e1e80000,0x00000000e2f7c620,0x00000000e2f80000)
  to   space 22016K, 0% used [0x00000000e7480000,0x00000000e7480000,0x00000000e8a00000)
 ParOldGen       total 76800K, used 25362K [0x0000000091800000, 0x0000000096300000, 0x00000000db300000)
  object space 76800K, 33% used [0x0000000091800000,0x00000000930c49d8,0x0000000096300000)
 Metaspace       used 20636K, capacity 21182K, committed 21248K, reserved 1069056K
  class space    used 2401K, capacity 2556K, committed 2560K, reserved 1048576K
}
Event: 7.730 GC heap before
{Heap before GC invocations=10 (full 1):
 PSYoungGen      total 127488K, used 17393K [0x00000000db300000, 0x00000000e8a00000, 0x0000000100000000)
  eden space 110080K, 0% used [0x00000000db300000,0x00000000db300000,0x00000000e1e80000)
  from space 17408K, 99% used [0x00000000e1e80000,0x00000000e2f7c620,0x00000000e2f80000)
  to   space 22016K, 0% used [0x00000000e7480000,0x00000000e7480000,0x00000000e8a00000)
 ParOldGen       total 76800K, used 25362K [0x0000000091800000, 0x0000000096300000, 0x00000000db300000)
  object space 76800K, 33% used [0x0000000091800000,0x00000000930c49d8,0x0000000096300000)
 Metaspace       used 20636K, capacity 21182K, committed 21248K, reserved 1069056K
  class space    used 2401K, capacity 2556K, committed 2560K, reserved 1048576K
Event: 7.826 GC heap after
Heap after GC invocations=10 (full 1):
 PSYoungGen      total 127488K, used 0K [0x00000000db300000, 0x00000000e8a00000, 0x0000000100000000)
  eden space 110080K, 0% used [0x00000000db300000,0x00000000db300000,0x00000000e1e80000)
  from space 17408K, 0% used [0x00000000e1e80000,0x00000000e1e80000,0x00000000e2f80000)
  to   space 22016K, 0% used [0x00000000e7480000,0x00000000e7480000,0x00000000e8a00000)
 ParOldGen       total 85504K, used 35440K [0x0000000091800000, 0x0000000096b80000, 0x00000000db300000)
  object space 85504K, 41% used [0x0000000091800000,0x0000000093a9c1d8,0x0000000096b80000)
 Metaspace       used 20636K, capacity 21182K, committed 21248K, reserved 1069056K
  class space    used 2401K, capacity 2556K, committed 2560K, reserved 1048576K
}
Event: 10.890 GC heap before
{Heap before GC invocations=11 (full 1):
 PSYoungGen      total 127488K, used 110080K [0x00000000db300000, 0x00000000e8a00000, 0x0000000100000000)
  eden space 110080K, 100% used [0x00000000db300000,0x00000000e1e80000,0x00000000e1e80000)
  from space 17408K, 0% used [0x00000000e1e80000,0x00000000e1e80000,0x00000000e2f80000)
  to   space 22016K, 0% used [0x00000000e7480000,0x00000000e7480000,0x00000000e8a00000)
 ParOldGen       total 85504K, used 35440K [0x0000000091800000, 0x0000000096b80000, 0x00000000db300000)
  object space 85504K, 41% used [0x0000000091800000,0x0000000093a9c1d8,0x0000000096b80000)
 Metaspace       used 24167K, capacity 24872K, committed 25088K, reserved 1071104K
  class space    used 2792K, capacity 2953K, committed 3072K, reserved 1048576K
Event: 10.909 GC heap after
Heap after GC invocations=11 (full 1):
 PSYoungGen      total 164352K, used 21959K [0x00000000db300000, 0x00000000e8a00000, 0x0000000100000000)
  eden space 142336K, 0% used [0x00000000db300000,0x00000000db300000,0x00000000e3e00000)
  from space 22016K, 99% used [0x00000000e7480000,0x00000000e89f1d90,0x00000000e8a00000)
  to   space 25088K, 0% used [0x00000000e5900000,0x00000000e5900000,0x00000000e7180000)
 ParOldGen       total 85504K, used 35448K [0x0000000091800000, 0x0000000096b80000, 0x00000000db300000)
  object space 85504K, 41% used [0x0000000091800000,0x0000000093a9e1d8,0x0000000096b80000)
 Metaspace       used 24167K, capacity 24872K, committed 25088K, reserved 1071104K
  class space    used 2792K, capacity 2953K, committed 3072K, reserved 1048576K
}

