# JRE version: OpenJDK Runtime Environment (8.0_292-b10) (build 1.8.0_292-b10)
# Java VM: OpenJDK 64-Bit Server VM (25.292-b10 mixed mode windows-amd64 compressed oops)
Heap:
 PSYoungGen      total 61952K, used 9154K [0x00000000db300000, 0x00000000df400000, 0x0000000100000000)
  eden space 57344K, 7% used [0x00000000db300000,0x00000000db771250,0x00000000deb00000)
  from space 4608K, 99% used [0x00000000def80000,0x00000000df3ff858,0x00000000df400000)
  to   space 4608K, 0% used [0x00000000deb00000,0x00000000deb00000,0x00000000def80000)
 ParOldGen       total 82944K, used 53550K [0x0000000091800000, 0x0000000096900000, 0x00000000db300000)
  object space 82944K, 64% used [0x0000000091800000,0x0000000094c4baa0,0x0000000096900000)
 Metaspace       used 25756K, capacity 26552K, committed 26752K, reserved 1073152K
  class space    used 2993K, capacity 3167K, committed 3200K, reserved 1048576K
GC Heap History (10 events):
Event: 4.973 GC heap before
{Heap before GC invocations=9 (full 0):
 PSYoungGen      total 61952K, used 11499K [0x00000000db300000, 0x00000000df400000, 0x0000000100000000)
  eden space 57344K, 12% used [0x00000000db300000,0x00000000db9bf880,0x00000000deb00000)
  from space 4608K, 99% used [0x00000000def80000,0x00000000df3fb448,0x00000000df400000)
  to   space 4608K, 0% used [0x00000000deb00000,0x00000000deb00000,0x00000000def80000)
 ParOldGen       total 76800K, used 35349K [0x0000000091800000, 0x0000000096300000, 0x00000000db300000)
  object space 76800K, 46% used [0x0000000091800000,0x0000000093a85400,0x0000000096300000)
 Metaspace       used 20704K, capacity 21182K, committed 21248K, reserved 1069056K
  class space    used 2430K, capacity 2556K, committed 2560K, reserved 1048576K
Event: 4.980 GC heap after
Heap after GC invocations=9 (full 0):
 PSYoungGen      total 61952K, used 4247K [0x00000000db300000, 0x00000000df400000, 0x0000000100000000)
  eden space 57344K, 0% used [0x00000000db300000,0x00000000db300000,0x00000000deb00000)
  from space 4608K, 92% used [0x00000000deb00000,0x00000000def25eb0,0x00000000def80000)
  to   space 4608K, 0% used [0x00000000def80000,0x00000000def80000,0x00000000df400000)
 ParOldGen       total 76800K, used 36405K [0x0000000091800000, 0x0000000096300000, 0x00000000db300000)
  object space 76800K, 47% used [0x0000000091800000,0x0000000093b8d400,0x0000000096300000)
 Metaspace       used 20704K, capacity 21182K, committed 21248K, reserved 1069056K
  class space    used 2430K, capacity 2556K, committed 2560K, reserved 1048576K
}
Event: 4.980 GC heap before
{Heap before GC invocations=10 (full 1):
 PSYoungGen      total 61952K, used 4247K [0x00000000db300000, 0x00000000df400000, 0x0000000100000000)
  eden space 57344K, 0% used [0x00000000db300000,0x00000000db300000,0x00000000deb00000)
  from space 4608K, 92% used [0x00000000deb00000,0x00000000def25eb0,0x00000000def80000)
  to   space 4608K, 0% used [0x00000000def80000,0x00000000def80000,0x00000000df400000)
 ParOldGen       total 76800K, used 36405K [0x0000000091800000, 0x0000000096300000, 0x00000000db300000)
  object space 76800K, 47% used [0x0000000091800000,0x0000000093b8d400,0x0000000096300000)
 Metaspace       used 20704K, capacity 21182K, committed 21248K, reserved 1069056K
  class space    used 2430K, capacity 2556K, committed 2560K, reserved 1048576K
Event: 5.061 GC heap after
Heap after GC invocations=10 (full 1):
 PSYoungGen      total 61952K, used 0K [0x00000000db300000, 0x00000000df400000, 0x0000000100000000)
  eden space 57344K, 0% used [0x00000000db300000,0x00000000db300000,0x00000000deb00000)
  from space 4608K, 0% used [0x00000000deb00000,0x00000000deb00000,0x00000000def80000)
  to   space 4608K, 0% used [0x00000000def80000,0x00000000def80000,0x00000000df400000)
 ParOldGen       total 82944K, used 31992K [0x0000000091800000, 0x0000000096900000, 0x00000000db300000)
  object space 82944K, 38% used [0x0000000091800000,0x000000009373e288,0x0000000096900000)
 Metaspace       used 20704K, capacity 21182K, committed 21248K, reserved 1069056K
  class space    used 2430K, capacity 2556K, committed 2560K, reserved 1048576K
}
Event: 5.952 GC heap before
{Heap before GC invocations=11 (full 1):
 PSYoungGen      total 61952K, used 57344K [0x00000000db300000, 0x00000000df400000, 0x0000000100000000)
  eden space 57344K, 100% used [0x00000000db300000,0x00000000deb00000,0x00000000deb00000)
  from space 4608K, 0% used [0x00000000deb00000,0x00000000deb00000,0x00000000def80000)
  to   space 4608K, 0% used [0x00000000def80000,0x00000000def80000,0x00000000df400000)
 ParOldGen       total 82944K, used 31992K [0x0000000091800000, 0x0000000096900000, 0x00000000db300000)
  object space 82944K, 38% used [0x0000000091800000,0x000000009373e288,0x0000000096900000)
 Metaspace       used 22246K, capacity 22814K, committed 23040K, reserved 1069056K
  class space    used 2578K, capacity 2716K, committed 2816K, reserved 1048576K
Event: 5.972 GC heap after
Heap after GC invocations=11 (full 1):
 PSYoungGen      total 61952K, used 4600K [0x00000000db300000, 0x00000000df400000, 0x0000000100000000)
  eden space 57344K, 0% used [0x00000000db300000,0x00000000db300000,0x00000000deb00000)
  from space 4608K, 99% used [0x00000000def80000,0x00000000df3fe108,0x00000000df400000)
  to   space 4608K, 0% used [0x00000000deb00000,0x00000000deb00000,0x00000000def80000)
 ParOldGen       total 82944K, used 46540K [0x0000000091800000, 0x0000000096900000, 0x00000000db300000)
  object space 82944K, 56% used [0x0000000091800000,0x0000000094573260,0x0000000096900000)
 Metaspace       used 22246K, capacity 22814K, committed 23040K, reserved 1069056K
  class space    used 2578K, capacity 2716K, committed 2816K, reserved 1048576K
}
Event: 7.236 GC heap before
{Heap before GC invocations=12 (full 1):
 PSYoungGen      total 61952K, used 61944K [0x00000000db300000, 0x00000000df400000, 0x0000000100000000)
  eden space 57344K, 100% used [0x00000000db300000,0x00000000deb00000,0x00000000deb00000)
  from space 4608K, 99% used [0x00000000def80000,0x00000000df3fe108,0x00000000df400000)
  to   space 4608K, 0% used [0x00000000deb00000,0x00000000deb00000,0x00000000def80000)
 ParOldGen       total 82944K, used 46540K [0x0000000091800000, 0x0000000096900000, 0x00000000db300000)
  object space 82944K, 56% used [0x0000000091800000,0x0000000094573260,0x0000000096900000)
 Metaspace       used 23964K, capacity 24624K, committed 24832K, reserved 1071104K
  class space    used 2773K, capacity 2956K, committed 3072K, reserved 1048576K
Event: 7.241 GC heap after
Heap after GC invocations=12 (full 1):
 PSYoungGen      total 61952K, used 3255K [0x00000000db300000, 0x00000000df400000, 0x0000000100000000)
  eden space 57344K, 0% used [0x00000000db300000,0x00000000db300000,0x00000000deb00000)
  from space 4608K, 70% used [0x00000000deb00000,0x00000000dee2dcf0,0x00000000def80000)
  to   space 4608K, 0% used [0x00000000def80000,0x00000000def80000,0x00000000df400000)
 ParOldGen       total 82944K, used 51070K [0x0000000091800000, 0x0000000096900000, 0x00000000db300000)
  object space 82944K, 61% used [0x0000000091800000,0x00000000949dfa40,0x0000000096900000)
 Metaspace       used 23964K, capacity 24624K, committed 24832K, reserved 1071104K
  class space    used 2773K, capacity 2956K, committed 3072K, reserved 1048576K
}
Event: 7.914 GC heap before
{Heap before GC invocations=13 (full 1):
 PSYoungGen      total 61952K, used 60599K [0x00000000db300000, 0x00000000df400000, 0x0000000100000000)
  eden space 57344K, 100% used [0x00000000db300000,0x00000000deb00000,0x00000000deb00000)
  from space 4608K, 70% used [0x00000000deb00000,0x00000000dee2dcf0,0x00000000def80000)
  to   space 4608K, 0% used [0x00000000def80000,0x00000000def80000,0x00000000df400000)
 ParOldGen       total 82944K, used 51070K [0x0000000091800000, 0x0000000096900000, 0x00000000db300000)
  object space 82944K, 61% used [0x0000000091800000,0x00000000949dfa40,0x0000000096900000)
 Metaspace       used 25412K, capacity 26256K, committed 26496K, reserved 1073152K
  class space    used 2948K, capacity 3135K, committed 3200K, reserved 1048576K
Event: 7.920 GC heap after
Heap after GC invocations=13 (full 1):
 PSYoungGen      total 61952K, used 4606K [0x00000000db300000, 0x00000000df400000, 0x0000000100000000)
  eden space 57344K, 0% used [0x00000000db300000,0x00000000db300000,0x00000000deb00000)
  from space 4608K, 99% used [0x00000000def80000,0x00000000df3ff858,0x00000000df400000)
  to   space 4608K, 0% used [0x00000000deb00000,0x00000000deb00000,0x00000000def80000)
 ParOldGen       total 82944K, used 53550K [0x0000000091800000, 0x0000000096900000, 0x00000000db300000)
  object space 82944K, 64% used [0x0000000091800000,0x0000000094c4baa0,0x0000000096900000)
 Metaspace       used 25412K, capacity 26256K, committed 26496K, reserved 1073152K
  class space    used 2948K, capacity 3135K, committed 3200K, reserved 1048576K
}

