# JRE version: OpenJDK Runtime Environment (8.0_292-b10) (build 1.8.0_292-b10)
# Java VM: OpenJDK 64-Bit Server VM (25.292-b10 mixed mode windows-amd64 compressed oops)
Heap:
 PSYoungGen      total 57344K, used 41571K [0x00000000db300000, 0x00000000df800000, 0x0000000100000000)
  eden space 45056K, 79% used [0x00000000db300000,0x00000000dd5f0d60,0x00000000ddf00000)
  from space 12288K, 47% used [0x00000000ddf00000,0x00000000de4a8000,0x00000000deb00000)
  to   space 12288K, 0% used [0x00000000deb00000,0x00000000deb00000,0x00000000df700000)
 ParOldGen       total 76800K, used 33620K [0x0000000091800000, 0x0000000096300000, 0x00000000db300000)
  object space 76800K, 43% used [0x0000000091800000,0x00000000938d50f0,0x0000000096300000)
 Metaspace       used 17988K, capacity 18426K, committed 18560K, reserved 1064960K
  class space    used 2029K, capacity 2124K, committed 2176K, reserved 1048576K
GC Heap History (10 events):
Event: 4.612 GC heap before
{Heap before GC invocations=7 (full 0):
 PSYoungGen      total 37888K, used 36216K [0x00000000db300000, 0x00000000de180000, 0x0000000100000000)
  eden space 28160K, 100% used [0x00000000db300000,0x00000000dce80000,0x00000000dce80000)
  from space 9728K, 82% used [0x00000000dd800000,0x00000000ddfde050,0x00000000de180000)
  to   space 4608K, 0% used [0x00000000dcf00000,0x00000000dcf00000,0x00000000dd380000)
 ParOldGen       total 76800K, used 11001K [0x0000000091800000, 0x0000000096300000, 0x00000000db300000)
  object space 76800K, 14% used [0x0000000091800000,0x00000000922be420,0x0000000096300000)
 Metaspace       used 16748K, capacity 17162K, committed 17408K, reserved 1064960K
  class space    used 1931K, capacity 2048K, committed 2048K, reserved 1048576K
Event: 4.621 GC heap after
Heap after GC invocations=7 (full 0):
 PSYoungGen      total 32768K, used 4576K [0x00000000db300000, 0x00000000de180000, 0x0000000100000000)
  eden space 28160K, 0% used [0x00000000db300000,0x00000000db300000,0x00000000dce80000)
  from space 4608K, 99% used [0x00000000dcf00000,0x00000000dd378020,0x00000000dd380000)
  to   space 9728K, 0% used [0x00000000dd800000,0x00000000dd800000,0x00000000de180000)
 ParOldGen       total 76800K, used 17255K [0x0000000091800000, 0x0000000096300000, 0x00000000db300000)
  object space 76800K, 22% used [0x0000000091800000,0x00000000928d9f90,0x0000000096300000)
 Metaspace       used 16748K, capacity 17162K, committed 17408K, reserved 1064960K
  class space    used 1931K, capacity 2048K, committed 2048K, reserved 1048576K
}
Event: 5.070 GC heap before
{Heap before GC invocations=8 (full 0):
 PSYoungGen      total 32768K, used 32736K [0x00000000db300000, 0x00000000de180000, 0x0000000100000000)
  eden space 28160K, 100% used [0x00000000db300000,0x00000000dce80000,0x00000000dce80000)
  from space 4608K, 99% used [0x00000000dcf00000,0x00000000dd378020,0x00000000dd380000)
  to   space 9728K, 0% used [0x00000000dd800000,0x00000000dd800000,0x00000000de180000)
 ParOldGen       total 76800K, used 17255K [0x0000000091800000, 0x0000000096300000, 0x00000000db300000)
  object space 76800K, 22% used [0x0000000091800000,0x00000000928d9f90,0x0000000096300000)
 Metaspace       used 16941K, capacity 17366K, committed 17792K, reserved 1064960K
  class space    used 1934K, capacity 2050K, committed 2176K, reserved 1048576K
Event: 5.079 GC heap after
Heap after GC invocations=8 (full 0):
 PSYoungGen      total 37888K, used 7232K [0x00000000db300000, 0x00000000de180000, 0x0000000100000000)
  eden space 28160K, 0% used [0x00000000db300000,0x00000000db300000,0x00000000dce80000)
  from space 9728K, 74% used [0x00000000dd800000,0x00000000ddf10020,0x00000000de180000)
  to   space 4608K, 0% used [0x00000000dcf00000,0x00000000dcf00000,0x00000000dd380000)
 ParOldGen       total 76800K, used 18897K [0x0000000091800000, 0x0000000096300000, 0x00000000db300000)
  object space 76800K, 24% used [0x0000000091800000,0x0000000092a747c0,0x0000000096300000)
 Metaspace       used 16941K, capacity 17366K, committed 17792K, reserved 1064960K
  class space    used 1934K, capacity 2050K, committed 2176K, reserved 1048576K
}
Event: 5.473 GC heap before
{Heap before GC invocations=9 (full 0):
 PSYoungGen      total 37888K, used 35392K [0x00000000db300000, 0x00000000de180000, 0x0000000100000000)
  eden space 28160K, 100% used [0x00000000db300000,0x00000000dce80000,0x00000000dce80000)
  from space 9728K, 74% used [0x00000000dd800000,0x00000000ddf10020,0x00000000de180000)
  to   space 4608K, 0% used [0x00000000dcf00000,0x00000000dcf00000,0x00000000dd380000)
 ParOldGen       total 76800K, used 18897K [0x0000000091800000, 0x0000000096300000, 0x00000000db300000)
  object space 76800K, 24% used [0x0000000091800000,0x0000000092a747c0,0x0000000096300000)
 Metaspace       used 17057K, capacity 17494K, committed 17792K, reserved 1064960K
  class space    used 1934K, capacity 2050K, committed 2176K, reserved 1048576K
Event: 5.484 GC heap after
Heap after GC invocations=9 (full 0):
 PSYoungGen      total 33280K, used 4608K [0x00000000db300000, 0x00000000df700000, 0x0000000100000000)
  eden space 28672K, 0% used [0x00000000db300000,0x00000000db300000,0x00000000dcf00000)
  from space 4608K, 100% used [0x00000000dcf00000,0x00000000dd380000,0x00000000dd380000)
  to   space 12288K, 0% used [0x00000000deb00000,0x00000000deb00000,0x00000000df700000)
 ParOldGen       total 76800K, used 25504K [0x0000000091800000, 0x0000000096300000, 0x00000000db300000)
  object space 76800K, 33% used [0x0000000091800000,0x00000000930e8230,0x0000000096300000)
 Metaspace       used 17057K, capacity 17494K, committed 17792K, reserved 1064960K
  class space    used 1934K, capacity 2050K, committed 2176K, reserved 1048576K
}
Event: 5.811 GC heap before
{Heap before GC invocations=10 (full 0):
 PSYoungGen      total 33280K, used 33280K [0x00000000db300000, 0x00000000df700000, 0x0000000100000000)
  eden space 28672K, 100% used [0x00000000db300000,0x00000000dcf00000,0x00000000dcf00000)
  from space 4608K, 100% used [0x00000000dcf00000,0x00000000dd380000,0x00000000dd380000)
  to   space 12288K, 0% used [0x00000000deb00000,0x00000000deb00000,0x00000000df700000)
 ParOldGen       total 76800K, used 25504K [0x0000000091800000, 0x0000000096300000, 0x00000000db300000)
  object space 76800K, 33% used [0x0000000091800000,0x00000000930e8230,0x0000000096300000)
 Metaspace       used 17107K, capacity 17500K, committed 17792K, reserved 1064960K
  class space    used 1936K, capacity 2051K, committed 2176K, reserved 1048576K
Event: 5.819 GC heap after
Heap after GC invocations=10 (full 0):
 PSYoungGen      total 57344K, used 5728K [0x00000000db300000, 0x00000000df800000, 0x0000000100000000)
  eden space 45056K, 0% used [0x00000000db300000,0x00000000db300000,0x00000000ddf00000)
  from space 12288K, 46% used [0x00000000deb00000,0x00000000df098000,0x00000000df700000)
  to   space 12288K, 0% used [0x00000000ddf00000,0x00000000ddf00000,0x00000000deb00000)
 ParOldGen       total 76800K, used 28243K [0x0000000091800000, 0x0000000096300000, 0x00000000db300000)
  object space 76800K, 36% used [0x0000000091800000,0x0000000093394f88,0x0000000096300000)
 Metaspace       used 17107K, capacity 17500K, committed 17792K, reserved 1064960K
  class space    used 1936K, capacity 2051K, committed 2176K, reserved 1048576K
}
Event: 7.018 GC heap before
{Heap before GC invocations=11 (full 0):
 PSYoungGen      total 57344K, used 50784K [0x00000000db300000, 0x00000000df800000, 0x0000000100000000)
  eden space 45056K, 100% used [0x00000000db300000,0x00000000ddf00000,0x00000000ddf00000)
  from space 12288K, 46% used [0x00000000deb00000,0x00000000df098000,0x00000000df700000)
  to   space 12288K, 0% used [0x00000000ddf00000,0x00000000ddf00000,0x00000000deb00000)
 ParOldGen       total 76800K, used 28243K [0x0000000091800000, 0x0000000096300000, 0x00000000db300000)
  object space 76800K, 36% used [0x0000000091800000,0x0000000093394f88,0x0000000096300000)
 Metaspace       used 17336K, capacity 17762K, committed 18048K, reserved 1064960K
  class space    used 1952K, capacity 2052K, committed 2176K, reserved 1048576K
Event: 7.029 GC heap after
Heap after GC invocations=11 (full 0):
 PSYoungGen      total 57344K, used 5792K [0x00000000db300000, 0x00000000df800000, 0x0000000100000000)
  eden space 45056K, 0% used [0x00000000db300000,0x00000000db300000,0x00000000ddf00000)
  from space 12288K, 47% used [0x00000000ddf00000,0x00000000de4a8000,0x00000000deb00000)
  to   space 12288K, 0% used [0x00000000deb00000,0x00000000deb00000,0x00000000df700000)
 ParOldGen       total 76800K, used 33620K [0x0000000091800000, 0x0000000096300000, 0x00000000db300000)
  object space 76800K, 43% used [0x0000000091800000,0x00000000938d50f0,0x0000000096300000)
 Metaspace       used 17336K, capacity 17762K, committed 18048K, reserved 1064960K
  class space    used 1952K, capacity 2052K, committed 2176K, reserved 1048576K
}

