# JRE version: OpenJDK Runtime Environment (8.0_292-b10) (build 1.8.0_292-b10)
# Java VM: OpenJDK 64-Bit Server VM (25.292-b10 mixed mode windows-amd64 compressed oops)
Heap:
 PSYoungGen      total 119808K, used 71680K [0x00000000db300000, 0x00000000e6480000, 0x0000000100000000)
  eden space 108032K, 55% used [0x00000000db300000,0x00000000ded87f60,0x00000000e1c80000)
  from space 11776K, 99% used [0x00000000e2d80000,0x00000000e38f8430,0x00000000e3900000)
  to   space 17408K, 0% used [0x00000000e1c80000,0x00000000e1c80000,0x00000000e2d80000)
 ParOldGen       total 73728K, used 30469K [0x0000000091800000, 0x0000000096000000, 0x00000000db300000)
  object space 73728K, 41% used [0x0000000091800000,0x00000000935c1598,0x0000000096000000)
 Metaspace       used 26168K, capacity 26998K, committed 27136K, reserved 1073152K
  class space    used 3044K, capacity 3272K, committed 3328K, reserved 1048576K
GC Heap History (10 events):
Event: 6.032 GC heap before
{Heap before GC invocations=7 (full 0):
 PSYoungGen      total 67584K, used 65210K [0x00000000db300000, 0x00000000e0100000, 0x0000000100000000)
  eden space 56832K, 100% used [0x00000000db300000,0x00000000dea80000,0x00000000dea80000)
  from space 10752K, 77% used [0x00000000df580000,0x00000000dfdae988,0x00000000e0000000)
  to   space 11264K, 0% used [0x00000000dea80000,0x00000000dea80000,0x00000000df580000)
 ParOldGen       total 76800K, used 12212K [0x0000000091800000, 0x0000000096300000, 0x00000000db300000)
  object space 76800K, 15% used [0x0000000091800000,0x00000000923ed188,0x0000000096300000)
 Metaspace       used 18261K, capacity 18828K, committed 19200K, reserved 1067008K
  class space    used 2075K, capacity 2227K, committed 2304K, reserved 1048576K
Event: 6.042 GC heap after
Heap after GC invocations=7 (full 0):
 PSYoungGen      total 68096K, used 9354K [0x00000000db300000, 0x00000000e3900000, 0x0000000100000000)
  eden space 56832K, 0% used [0x00000000db300000,0x00000000db300000,0x00000000dea80000)
  from space 11264K, 83% used [0x00000000dea80000,0x00000000df3a2950,0x00000000df580000)
  to   space 11776K, 0% used [0x00000000e2d80000,0x00000000e2d80000,0x00000000e3900000)
 ParOldGen       total 76800K, used 13256K [0x0000000091800000, 0x0000000096300000, 0x00000000db300000)
  object space 76800K, 17% used [0x0000000091800000,0x00000000924f21e8,0x0000000096300000)
 Metaspace       used 18261K, capacity 18828K, committed 19200K, reserved 1067008K
  class space    used 2075K, capacity 2227K, committed 2304K, reserved 1048576K
}
Event: 6.931 GC heap before
{Heap before GC invocations=8 (full 0):
 PSYoungGen      total 68096K, used 66186K [0x00000000db300000, 0x00000000e3900000, 0x0000000100000000)
  eden space 56832K, 100% used [0x00000000db300000,0x00000000dea80000,0x00000000dea80000)
  from space 11264K, 83% used [0x00000000dea80000,0x00000000df3a2950,0x00000000df580000)
  to   space 11776K, 0% used [0x00000000e2d80000,0x00000000e2d80000,0x00000000e3900000)
 ParOldGen       total 76800K, used 13256K [0x0000000091800000, 0x0000000096300000, 0x00000000db300000)
  object space 76800K, 17% used [0x0000000091800000,0x00000000924f21e8,0x0000000096300000)
 Metaspace       used 19438K, capacity 20132K, committed 20352K, reserved 1067008K
  class space    used 2227K, capacity 2414K, committed 2432K, reserved 1048576K
Event: 6.947 GC heap after
Heap after GC invocations=8 (full 0):
 PSYoungGen      total 122880K, used 11760K [0x00000000db300000, 0x00000000e3e00000, 0x0000000100000000)
  eden space 111104K, 0% used [0x00000000db300000,0x00000000db300000,0x00000000e1f80000)
  from space 11776K, 99% used [0x00000000e2d80000,0x00000000e38fc030,0x00000000e3900000)
  to   space 14336K, 0% used [0x00000000e1f80000,0x00000000e1f80000,0x00000000e2d80000)
 ParOldGen       total 76800K, used 15862K [0x0000000091800000, 0x0000000096300000, 0x00000000db300000)
  object space 76800K, 20% used [0x0000000091800000,0x000000009277dae0,0x0000000096300000)
 Metaspace       used 19438K, capacity 20132K, committed 20352K, reserved 1067008K
  class space    used 2227K, capacity 2414K, committed 2432K, reserved 1048576K
}
Event: 8.025 GC heap before
{Heap before GC invocations=9 (full 0):
 PSYoungGen      total 122880K, used 80350K [0x00000000db300000, 0x00000000e3e00000, 0x0000000100000000)
  eden space 111104K, 61% used [0x00000000db300000,0x00000000df5fbaa8,0x00000000e1f80000)
  from space 11776K, 99% used [0x00000000e2d80000,0x00000000e38fc030,0x00000000e3900000)
  to   space 14336K, 0% used [0x00000000e1f80000,0x00000000e1f80000,0x00000000e2d80000)
 ParOldGen       total 76800K, used 15862K [0x0000000091800000, 0x0000000096300000, 0x00000000db300000)
  object space 76800K, 20% used [0x0000000091800000,0x000000009277dae0,0x0000000096300000)
 Metaspace       used 20517K, capacity 21176K, committed 21248K, reserved 1069056K
  class space    used 2358K, capacity 2550K, committed 2560K, reserved 1048576K
Event: 8.040 GC heap after
Heap after GC invocations=9 (full 0):
 PSYoungGen      total 125440K, used 13968K [0x00000000db300000, 0x00000000e3e00000, 0x0000000100000000)
  eden space 111104K, 0% used [0x00000000db300000,0x00000000db300000,0x00000000e1f80000)
  from space 14336K, 97% used [0x00000000e1f80000,0x00000000e2d24010,0x00000000e2d80000)
  to   space 11776K, 0% used [0x00000000e2d80000,0x00000000e2d80000,0x00000000e3900000)
 ParOldGen       total 76800K, used 19823K [0x0000000091800000, 0x0000000096300000, 0x00000000db300000)
  object space 76800K, 25% used [0x0000000091800000,0x0000000092b5bcf8,0x0000000096300000)
 Metaspace       used 20517K, capacity 21176K, committed 21248K, reserved 1069056K
  class space    used 2358K, capacity 2550K, committed 2560K, reserved 1048576K
}
Event: 8.041 GC heap before
{Heap before GC invocations=10 (full 1):
 PSYoungGen      total 125440K, used 13968K [0x00000000db300000, 0x00000000e3e00000, 0x0000000100000000)
  eden space 111104K, 0% used [0x00000000db300000,0x00000000db300000,0x00000000e1f80000)
  from space 14336K, 97% used [0x00000000e1f80000,0x00000000e2d24010,0x00000000e2d80000)
  to   space 11776K, 0% used [0x00000000e2d80000,0x00000000e2d80000,0x00000000e3900000)
 ParOldGen       total 76800K, used 19823K [0x0000000091800000, 0x0000000096300000, 0x00000000db300000)
  object space 76800K, 25% used [0x0000000091800000,0x0000000092b5bcf8,0x0000000096300000)
 Metaspace       used 20517K, capacity 21176K, committed 21248K, reserved 1069056K
  class space    used 2358K, capacity 2550K, committed 2560K, reserved 1048576K
Event: 8.119 GC heap after
Heap after GC invocations=10 (full 1):
 PSYoungGen      total 125440K, used 0K [0x00000000db300000, 0x00000000e3e00000, 0x0000000100000000)
  eden space 111104K, 0% used [0x00000000db300000,0x00000000db300000,0x00000000e1f80000)
  from space 14336K, 0% used [0x00000000e1f80000,0x00000000e1f80000,0x00000000e2d80000)
  to   space 11776K, 0% used [0x00000000e2d80000,0x00000000e2d80000,0x00000000e3900000)
 ParOldGen       total 73728K, used 26781K [0x0000000091800000, 0x0000000096000000, 0x00000000db300000)
  object space 73728K, 36% used [0x0000000091800000,0x00000000932275a0,0x0000000096000000)
 Metaspace       used 20517K, capacity 21176K, committed 21248K, reserved 1069056K
  class space    used 2358K, capacity 2550K, committed 2560K, reserved 1048576K
}
Event: 10.867 GC heap before
{Heap before GC invocations=11 (full 1):
 PSYoungGen      total 125440K, used 111104K [0x00000000db300000, 0x00000000e3e00000, 0x0000000100000000)
  eden space 111104K, 100% used [0x00000000db300000,0x00000000e1f80000,0x00000000e1f80000)
  from space 14336K, 0% used [0x00000000e1f80000,0x00000000e1f80000,0x00000000e2d80000)
  to   space 11776K, 0% used [0x00000000e2d80000,0x00000000e2d80000,0x00000000e3900000)
 ParOldGen       total 73728K, used 26781K [0x0000000091800000, 0x0000000096000000, 0x00000000db300000)
  object space 73728K, 36% used [0x0000000091800000,0x00000000932275a0,0x0000000096000000)
 Metaspace       used 26094K, capacity 26864K, committed 27136K, reserved 1073152K
  class space    used 3043K, capacity 3271K, committed 3328K, reserved 1048576K
Event: 10.878 GC heap after
Heap after GC invocations=11 (full 1):
 PSYoungGen      total 119808K, used 11745K [0x00000000db300000, 0x00000000e6480000, 0x0000000100000000)
  eden space 108032K, 0% used [0x00000000db300000,0x00000000db300000,0x00000000e1c80000)
  from space 11776K, 99% used [0x00000000e2d80000,0x00000000e38f8430,0x00000000e3900000)
  to   space 17408K, 0% used [0x00000000e1c80000,0x00000000e1c80000,0x00000000e2d80000)
 ParOldGen       total 73728K, used 30469K [0x0000000091800000, 0x0000000096000000, 0x00000000db300000)
  object space 73728K, 41% used [0x0000000091800000,0x00000000935c1598,0x0000000096000000)
 Metaspace       used 26094K, capacity 26864K, committed 27136K, reserved 1073152K
  class space    used 3043K, capacity 3271K, committed 3328K, reserved 1048576K
}

