# JRE version: OpenJDK Runtime Environment (8.0_292-b10) (build 1.8.0_292-b10)
# Java VM: OpenJDK 64-Bit Server VM (25.292-b10 mixed mode windows-amd64 compressed oops)
Heap:
 PSYoungGen      total 124928K, used 96985K [0x00000000db300000, 0x00000000e8300000, 0x0000000100000000)
  eden space 111104K, 87% used [0x00000000db300000,0x00000000e11b6550,0x00000000e1f80000)
  from space 13824K, 0% used [0x00000000e1f80000,0x00000000e1f80000,0x00000000e2d00000)
  to   space 17408K, 0% used [0x00000000e7200000,0x00000000e7200000,0x00000000e8300000)
 ParOldGen       total 76288K, used 27150K [0x0000000091800000, 0x0000000096280000, 0x00000000db300000)
  object space 76288K, 35% used [0x0000000091800000,0x0000000093283b60,0x0000000096280000)
 Metaspace       used 25558K, capacity 26342K, committed 26624K, reserved 1073152K
  class space    used 2967K, capacity 3206K, committed 3328K, reserved 1048576K
GC Heap History (10 events):
Event: 5.575 GC heap before
{Heap before GC invocations=6 (full 0):
 PSYoungGen      total 33280K, used 33272K [0x00000000db300000, 0x00000000e0000000, 0x0000000100000000)
  eden space 28672K, 100% used [0x00000000db300000,0x00000000dcf00000,0x00000000dcf00000)
  from space 4608K, 99% used [0x00000000dcf00000,0x00000000dd37e030,0x00000000dd380000)
  to   space 10752K, 0% used [0x00000000df580000,0x00000000df580000,0x00000000e0000000)
 ParOldGen       total 76800K, used 12508K [0x0000000091800000, 0x0000000096300000, 0x00000000db300000)
  object space 76800K, 16% used [0x0000000091800000,0x0000000092437350,0x0000000096300000)
 Metaspace       used 17163K, capacity 17494K, committed 17792K, reserved 1064960K
  class space    used 2015K, capacity 2146K, committed 2176K, reserved 1048576K
Event: 5.586 GC heap after
Heap after GC invocations=6 (full 0):
 PSYoungGen      total 67584K, used 8330K [0x00000000db300000, 0x00000000e0100000, 0x0000000100000000)
  eden space 56832K, 0% used [0x00000000db300000,0x00000000db300000,0x00000000dea80000)
  from space 10752K, 77% used [0x00000000df580000,0x00000000dfda2978,0x00000000e0000000)
  to   space 11264K, 0% used [0x00000000dea80000,0x00000000dea80000,0x00000000df580000)
 ParOldGen       total 76800K, used 12516K [0x0000000091800000, 0x0000000096300000, 0x00000000db300000)
  object space 76800K, 16% used [0x0000000091800000,0x0000000092439350,0x0000000096300000)
 Metaspace       used 17163K, capacity 17494K, committed 17792K, reserved 1064960K
  class space    used 2015K, capacity 2146K, committed 2176K, reserved 1048576K
}
Event: 7.128 GC heap before
{Heap before GC invocations=7 (full 0):
 PSYoungGen      total 67584K, used 65162K [0x00000000db300000, 0x00000000e0100000, 0x0000000100000000)
  eden space 56832K, 100% used [0x00000000db300000,0x00000000dea80000,0x00000000dea80000)
  from space 10752K, 77% used [0x00000000df580000,0x00000000dfda2978,0x00000000e0000000)
  to   space 11264K, 0% used [0x00000000dea80000,0x00000000dea80000,0x00000000df580000)
 ParOldGen       total 76800K, used 12516K [0x0000000091800000, 0x0000000096300000, 0x00000000db300000)
  object space 76800K, 16% used [0x0000000091800000,0x0000000092439350,0x0000000096300000)
 Metaspace       used 17989K, capacity 18456K, committed 18688K, reserved 1064960K
  class space    used 2049K, capacity 2187K, committed 2304K, reserved 1048576K
Event: 7.142 GC heap after
Heap after GC invocations=7 (full 0):
 PSYoungGen      total 68096K, used 9032K [0x00000000db300000, 0x00000000e3800000, 0x0000000100000000)
  eden space 56832K, 0% used [0x00000000db300000,0x00000000db300000,0x00000000dea80000)
  from space 11264K, 80% used [0x00000000dea80000,0x00000000df352080,0x00000000df580000)
  to   space 11264K, 0% used [0x00000000e2d00000,0x00000000e2d00000,0x00000000e3800000)
 ParOldGen       total 76800K, used 13508K [0x0000000091800000, 0x0000000096300000, 0x00000000db300000)
  object space 76800K, 17% used [0x0000000091800000,0x0000000092531360,0x0000000096300000)
 Metaspace       used 17989K, capacity 18456K, committed 18688K, reserved 1064960K
  class space    used 2049K, capacity 2187K, committed 2304K, reserved 1048576K
}
Event: 9.163 GC heap before
{Heap before GC invocations=8 (full 0):
 PSYoungGen      total 68096K, used 65864K [0x00000000db300000, 0x00000000e3800000, 0x0000000100000000)
  eden space 56832K, 100% used [0x00000000db300000,0x00000000dea80000,0x00000000dea80000)
  from space 11264K, 80% used [0x00000000dea80000,0x00000000df352080,0x00000000df580000)
  to   space 11264K, 0% used [0x00000000e2d00000,0x00000000e2d00000,0x00000000e3800000)
 ParOldGen       total 76800K, used 13508K [0x0000000091800000, 0x0000000096300000, 0x00000000db300000)
  object space 76800K, 17% used [0x0000000091800000,0x0000000092531360,0x0000000096300000)
 Metaspace       used 19510K, capacity 20186K, committed 20352K, reserved 1067008K
  class space    used 2229K, capacity 2413K, committed 2432K, reserved 1048576K
Event: 9.186 GC heap after
Heap after GC invocations=8 (full 0):
 PSYoungGen      total 122368K, used 11248K [0x00000000db300000, 0x00000000e3d00000, 0x0000000100000000)
  eden space 111104K, 0% used [0x00000000db300000,0x00000000db300000,0x00000000e1f80000)
  from space 11264K, 99% used [0x00000000e2d00000,0x00000000e37fc010,0x00000000e3800000)
  to   space 13824K, 0% used [0x00000000e1f80000,0x00000000e1f80000,0x00000000e2d00000)
 ParOldGen       total 76800K, used 15976K [0x0000000091800000, 0x0000000096300000, 0x00000000db300000)
  object space 76800K, 20% used [0x0000000091800000,0x000000009279a140,0x0000000096300000)
 Metaspace       used 19510K, capacity 20186K, committed 20352K, reserved 1067008K
  class space    used 2229K, capacity 2413K, committed 2432K, reserved 1048576K
}
Event: 11.630 GC heap before
{Heap before GC invocations=9 (full 0):
 PSYoungGen      total 122368K, used 88778K [0x00000000db300000, 0x00000000e3d00000, 0x0000000100000000)
  eden space 111104K, 69% used [0x00000000db300000,0x00000000dfeb6ac0,0x00000000e1f80000)
  from space 11264K, 99% used [0x00000000e2d00000,0x00000000e37fc010,0x00000000e3800000)
  to   space 13824K, 0% used [0x00000000e1f80000,0x00000000e1f80000,0x00000000e2d00000)
 ParOldGen       total 76800K, used 15976K [0x0000000091800000, 0x0000000096300000, 0x00000000db300000)
  object space 76800K, 20% used [0x0000000091800000,0x000000009279a140,0x0000000096300000)
 Metaspace       used 20499K, capacity 21172K, committed 21248K, reserved 1069056K
  class space    used 2351K, capacity 2550K, committed 2560K, reserved 1048576K
Event: 11.655 GC heap after
Heap after GC invocations=9 (full 0):
 PSYoungGen      total 124928K, used 13811K [0x00000000db300000, 0x00000000e8300000, 0x0000000100000000)
  eden space 111104K, 0% used [0x00000000db300000,0x00000000db300000,0x00000000e1f80000)
  from space 13824K, 99% used [0x00000000e1f80000,0x00000000e2cfcde0,0x00000000e2d00000)
  to   space 17408K, 0% used [0x00000000e7200000,0x00000000e7200000,0x00000000e8300000)
 ParOldGen       total 76800K, used 20582K [0x0000000091800000, 0x0000000096300000, 0x00000000db300000)
  object space 76800K, 26% used [0x0000000091800000,0x0000000092c19be0,0x0000000096300000)
 Metaspace       used 20499K, capacity 21172K, committed 21248K, reserved 1069056K
  class space    used 2351K, capacity 2550K, committed 2560K, reserved 1048576K
}
Event: 11.655 GC heap before
{Heap before GC invocations=10 (full 1):
 PSYoungGen      total 124928K, used 13811K [0x00000000db300000, 0x00000000e8300000, 0x0000000100000000)
  eden space 111104K, 0% used [0x00000000db300000,0x00000000db300000,0x00000000e1f80000)
  from space 13824K, 99% used [0x00000000e1f80000,0x00000000e2cfcde0,0x00000000e2d00000)
  to   space 17408K, 0% used [0x00000000e7200000,0x00000000e7200000,0x00000000e8300000)
 ParOldGen       total 76800K, used 20582K [0x0000000091800000, 0x0000000096300000, 0x00000000db300000)
  object space 76800K, 26% used [0x0000000091800000,0x0000000092c19be0,0x0000000096300000)
 Metaspace       used 20499K, capacity 21172K, committed 21248K, reserved 1069056K
  class space    used 2351K, capacity 2550K, committed 2560K, reserved 1048576K
Event: 11.771 GC heap after
Heap after GC invocations=10 (full 1):
 PSYoungGen      total 124928K, used 0K [0x00000000db300000, 0x00000000e8300000, 0x0000000100000000)
  eden space 111104K, 0% used [0x00000000db300000,0x00000000db300000,0x00000000e1f80000)
  from space 13824K, 0% used [0x00000000e1f80000,0x00000000e1f80000,0x00000000e2d00000)
  to   space 17408K, 0% used [0x00000000e7200000,0x00000000e7200000,0x00000000e8300000)
 ParOldGen       total 76288K, used 27150K [0x0000000091800000, 0x0000000096280000, 0x00000000db300000)
  object space 76288K, 35% used [0x0000000091800000,0x0000000093283b60,0x0000000096280000)
 Metaspace       used 20499K, capacity 21172K, committed 21248K, reserved 1069056K
  class space    used 2351K, capacity 2550K, committed 2560K, reserved 1048576K
}

