# JRE version: OpenJDK Runtime Environment (8.0_292-b10) (build 1.8.0_292-b10)
# Java VM: OpenJDK 64-Bit Server VM (25.292-b10 mixed mode windows-amd64 compressed oops)
Heap:
 PSYoungGen      total 66048K, used 44157K [0x00000000db300000, 0x00000000e0480000, 0x0000000100000000)
  eden space 55808K, 60% used [0x00000000db300000,0x00000000dd42f5e0,0x00000000de980000)
  from space 10240K, 99% used [0x00000000deb00000,0x00000000df4f0000,0x00000000df500000)
  to   space 13824K, 0% used [0x00000000df700000,0x00000000df700000,0x00000000e0480000)
 ParOldGen       total 76800K, used 21520K [0x0000000091800000, 0x0000000096300000, 0x00000000db300000)
  object space 76800K, 28% used [0x0000000091800000,0x0000000092d04070,0x0000000096300000)
 Metaspace       used 19551K, capacity 20194K, committed 20352K, reserved 1067008K
  class space    used 2220K, capacity 2415K, committed 2432K, reserved 1048576K
GC Heap History (10 events):
Event: 4.117 GC heap before
{Heap before GC invocations=5 (full 0):
 PSYoungGen      total 33280K, used 33256K [0x00000000db300000, 0x00000000dd800000, 0x0000000100000000)
  eden space 28672K, 100% used [0x00000000db300000,0x00000000dcf00000,0x00000000dcf00000)
  from space 4608K, 99% used [0x00000000dd380000,0x00000000dd7fa060,0x00000000dd800000)
  to   space 4608K, 0% used [0x00000000dcf00000,0x00000000dcf00000,0x00000000dd380000)
 ParOldGen       total 76800K, used 7183K [0x0000000091800000, 0x0000000096300000, 0x00000000db300000)
  object space 76800K, 9% used [0x0000000091800000,0x0000000091f03d18,0x0000000096300000)
 Metaspace       used 16867K, capacity 17234K, committed 17536K, reserved 1064960K
  class space    used 1999K, capacity 2146K, committed 2176K, reserved 1048576K
Event: 4.127 GC heap after
Heap after GC invocations=5 (full 0):
 PSYoungGen      total 33280K, used 4576K [0x00000000db300000, 0x00000000dff00000, 0x0000000100000000)
  eden space 28672K, 0% used [0x00000000db300000,0x00000000db300000,0x00000000dcf00000)
  from space 4608K, 99% used [0x00000000dcf00000,0x00000000dd378040,0x00000000dd380000)
  to   space 10240K, 0% used [0x00000000df500000,0x00000000df500000,0x00000000dff00000)
 ParOldGen       total 76800K, used 11603K [0x0000000091800000, 0x0000000096300000, 0x00000000db300000)
  object space 76800K, 15% used [0x0000000091800000,0x0000000092354cb8,0x0000000096300000)
 Metaspace       used 16867K, capacity 17234K, committed 17536K, reserved 1064960K
  class space    used 1999K, capacity 2146K, committed 2176K, reserved 1048576K
}
Event: 4.746 GC heap before
{Heap before GC invocations=6 (full 0):
 PSYoungGen      total 33280K, used 33248K [0x00000000db300000, 0x00000000dff00000, 0x0000000100000000)
  eden space 28672K, 100% used [0x00000000db300000,0x00000000dcf00000,0x00000000dcf00000)
  from space 4608K, 99% used [0x00000000dcf00000,0x00000000dd378040,0x00000000dd380000)
  to   space 10240K, 0% used [0x00000000df500000,0x00000000df500000,0x00000000dff00000)
 ParOldGen       total 76800K, used 11603K [0x0000000091800000, 0x0000000096300000, 0x00000000db300000)
  object space 76800K, 15% used [0x0000000091800000,0x0000000092354cb8,0x0000000096300000)
 Metaspace       used 17114K, capacity 17490K, committed 17792K, reserved 1064960K
  class space    used 2004K, capacity 2146K, committed 2176K, reserved 1048576K
Event: 4.753 GC heap after
Heap after GC invocations=6 (full 0):
 PSYoungGen      total 67584K, used 8194K [0x00000000db300000, 0x00000000dff00000, 0x0000000100000000)
  eden space 57344K, 0% used [0x00000000db300000,0x00000000db300000,0x00000000deb00000)
  from space 10240K, 80% used [0x00000000df500000,0x00000000dfd00978,0x00000000dff00000)
  to   space 10240K, 0% used [0x00000000deb00000,0x00000000deb00000,0x00000000df500000)
 ParOldGen       total 76800K, used 11611K [0x0000000091800000, 0x0000000096300000, 0x00000000db300000)
  object space 76800K, 15% used [0x0000000091800000,0x0000000092356cb8,0x0000000096300000)
 Metaspace       used 17114K, capacity 17490K, committed 17792K, reserved 1064960K
  class space    used 2004K, capacity 2146K, committed 2176K, reserved 1048576K
}
Event: 6.163 GC heap before
{Heap before GC invocations=7 (full 0):
 PSYoungGen      total 67584K, used 65538K [0x00000000db300000, 0x00000000dff00000, 0x0000000100000000)
  eden space 57344K, 100% used [0x00000000db300000,0x00000000deb00000,0x00000000deb00000)
  from space 10240K, 80% used [0x00000000df500000,0x00000000dfd00978,0x00000000dff00000)
  to   space 10240K, 0% used [0x00000000deb00000,0x00000000deb00000,0x00000000df500000)
 ParOldGen       total 76800K, used 11611K [0x0000000091800000, 0x0000000096300000, 0x00000000db300000)
  object space 76800K, 15% used [0x0000000091800000,0x0000000092356cb8,0x0000000096300000)
 Metaspace       used 18270K, capacity 18826K, committed 19200K, reserved 1067008K
  class space    used 2068K, capacity 2228K, committed 2304K, reserved 1048576K
Event: 6.172 GC heap after
Heap after GC invocations=7 (full 0):
 PSYoungGen      total 67584K, used 9154K [0x00000000db300000, 0x00000000dff00000, 0x0000000100000000)
  eden space 57344K, 0% used [0x00000000db300000,0x00000000db300000,0x00000000deb00000)
  from space 10240K, 89% used [0x00000000deb00000,0x00000000df3f08b0,0x00000000df500000)
  to   space 10240K, 0% used [0x00000000df500000,0x00000000df500000,0x00000000dff00000)
 ParOldGen       total 76800K, used 12716K [0x0000000091800000, 0x0000000096300000, 0x00000000db300000)
  object space 76800K, 16% used [0x0000000091800000,0x000000009246b3c0,0x0000000096300000)
 Metaspace       used 18270K, capacity 18826K, committed 19200K, reserved 1067008K
  class space    used 2068K, capacity 2228K, committed 2304K, reserved 1048576K
}
Event: 7.678 GC heap before
{Heap before GC invocations=8 (full 0):
 PSYoungGen      total 67584K, used 66498K [0x00000000db300000, 0x00000000dff00000, 0x0000000100000000)
  eden space 57344K, 100% used [0x00000000db300000,0x00000000deb00000,0x00000000deb00000)
  from space 10240K, 89% used [0x00000000deb00000,0x00000000df3f08b0,0x00000000df500000)
  to   space 10240K, 0% used [0x00000000df500000,0x00000000df500000,0x00000000dff00000)
 ParOldGen       total 76800K, used 12716K [0x0000000091800000, 0x0000000096300000, 0x00000000db300000)
  object space 76800K, 16% used [0x0000000091800000,0x000000009246b3c0,0x0000000096300000)
 Metaspace       used 19406K, capacity 20124K, committed 20352K, reserved 1067008K
  class space    used 2219K, capacity 2414K, committed 2432K, reserved 1048576K
Event: 7.698 GC heap after
Heap after GC invocations=8 (full 0):
 PSYoungGen      total 67584K, used 10240K [0x00000000db300000, 0x00000000dff00000, 0x0000000100000000)
  eden space 57344K, 0% used [0x00000000db300000,0x00000000db300000,0x00000000deb00000)
  from space 10240K, 100% used [0x00000000df500000,0x00000000dff00000,0x00000000dff00000)
  to   space 10240K, 0% used [0x00000000deb00000,0x00000000deb00000,0x00000000df500000)
 ParOldGen       total 76800K, used 17146K [0x0000000091800000, 0x0000000096300000, 0x00000000db300000)
  object space 76800K, 22% used [0x0000000091800000,0x00000000928bebd8,0x0000000096300000)
 Metaspace       used 19406K, capacity 20124K, committed 20352K, reserved 1067008K
  class space    used 2219K, capacity 2414K, committed 2432K, reserved 1048576K
}
Event: 9.198 GC heap before
{Heap before GC invocations=9 (full 0):
 PSYoungGen      total 67584K, used 67584K [0x00000000db300000, 0x00000000dff00000, 0x0000000100000000)
  eden space 57344K, 100% used [0x00000000db300000,0x00000000deb00000,0x00000000deb00000)
  from space 10240K, 100% used [0x00000000df500000,0x00000000dff00000,0x00000000dff00000)
  to   space 10240K, 0% used [0x00000000deb00000,0x00000000deb00000,0x00000000df500000)
 ParOldGen       total 76800K, used 17146K [0x0000000091800000, 0x0000000096300000, 0x00000000db300000)
  object space 76800K, 22% used [0x0000000091800000,0x00000000928bebd8,0x0000000096300000)
 Metaspace       used 19515K, capacity 20188K, committed 20352K, reserved 1067008K
  class space    used 2219K, capacity 2414K, committed 2432K, reserved 1048576K
Event: 9.209 GC heap after
Heap after GC invocations=9 (full 0):
 PSYoungGen      total 66048K, used 10176K [0x00000000db300000, 0x00000000e0480000, 0x0000000100000000)
  eden space 55808K, 0% used [0x00000000db300000,0x00000000db300000,0x00000000de980000)
  from space 10240K, 99% used [0x00000000deb00000,0x00000000df4f0000,0x00000000df500000)
  to   space 13824K, 0% used [0x00000000df700000,0x00000000df700000,0x00000000e0480000)
 ParOldGen       total 76800K, used 21520K [0x0000000091800000, 0x0000000096300000, 0x00000000db300000)
  object space 76800K, 28% used [0x0000000091800000,0x0000000092d04070,0x0000000096300000)
 Metaspace       used 19515K, capacity 20188K, committed 20352K, reserved 1067008K
  class space    used 2219K, capacity 2414K, committed 2432K, reserved 1048576K
}

