# JRE version: OpenJDK Runtime Environment (8.0_292-b10) (build 1.8.0_292-b10)
# Java VM: OpenJDK 64-Bit Server VM (25.292-b10 mixed mode windows-amd64 compressed oops)
Heap:
 PSYoungGen      total 68608K, used 40128K [0x00000000db300000, 0x00000000e0100000, 0x0000000100000000)
  eden space 57344K, 53% used [0x00000000db300000,0x00000000dd11b260,0x00000000deb00000)
  from space 11264K, 82% used [0x00000000deb00000,0x00000000df4150f8,0x00000000df600000)
  to   space 11264K, 0% used [0x00000000df600000,0x00000000df600000,0x00000000e0100000)
 ParOldGen       total 76800K, used 13536K [0x0000000091800000, 0x0000000096300000, 0x00000000db300000)
  object space 76800K, 17% used [0x0000000091800000,0x0000000092538250,0x0000000096300000)
 Metaspace       used 19350K, capacity 20008K, committed 20096K, reserved 1067008K
  class space    used 2227K, capacity 2406K, committed 2432K, reserved 1048576K
GC Heap History (10 events):
Event: 2.056 GC heap before
{Heap before GC invocations=3 (full 0):
 PSYoungGen      total 33280K, used 33269K [0x00000000db300000, 0x00000000dd800000, 0x0000000100000000)
  eden space 28672K, 100% used [0x00000000db300000,0x00000000dcf00000,0x00000000dcf00000)
  from space 4608K, 99% used [0x00000000dd380000,0x00000000dd7fd480,0x00000000dd800000)
  to   space 4608K, 0% used [0x00000000dcf00000,0x00000000dcf00000,0x00000000dd380000)
 ParOldGen       total 76800K, used 1275K [0x0000000091800000, 0x0000000096300000, 0x00000000db300000)
  object space 76800K, 1% used [0x0000000091800000,0x000000009193ef20,0x0000000096300000)
 Metaspace       used 13352K, capacity 13586K, committed 13824K, reserved 1060864K
  class space    used 1651K, capacity 1736K, committed 1792K, reserved 1048576K
Event: 2.061 GC heap after
Heap after GC invocations=3 (full 0):
 PSYoungGen      total 33280K, used 4599K [0x00000000db300000, 0x00000000dd800000, 0x0000000100000000)
  eden space 28672K, 0% used [0x00000000db300000,0x00000000db300000,0x00000000dcf00000)
  from space 4608K, 99% used [0x00000000dcf00000,0x00000000dd37dda8,0x00000000dd380000)
  to   space 4608K, 0% used [0x00000000dd380000,0x00000000dd380000,0x00000000dd800000)
 ParOldGen       total 76800K, used 3451K [0x0000000091800000, 0x0000000096300000, 0x00000000db300000)
  object space 76800K, 4% used [0x0000000091800000,0x0000000091b5eed8,0x0000000096300000)
 Metaspace       used 13352K, capacity 13586K, committed 13824K, reserved 1060864K
  class space    used 1651K, capacity 1736K, committed 1792K, reserved 1048576K
}
Event: 2.753 GC heap before
{Heap before GC invocations=4 (full 0):
 PSYoungGen      total 33280K, used 33271K [0x00000000db300000, 0x00000000dd800000, 0x0000000100000000)
  eden space 28672K, 100% used [0x00000000db300000,0x00000000dcf00000,0x00000000dcf00000)
  from space 4608K, 99% used [0x00000000dcf00000,0x00000000dd37dda8,0x00000000dd380000)
  to   space 4608K, 0% used [0x00000000dd380000,0x00000000dd380000,0x00000000dd800000)
 ParOldGen       total 76800K, used 3451K [0x0000000091800000, 0x0000000096300000, 0x00000000db300000)
  object space 76800K, 4% used [0x0000000091800000,0x0000000091b5eed8,0x0000000096300000)
 Metaspace       used 15804K, capacity 16182K, committed 16384K, reserved 1062912K
  class space    used 1898K, capacity 2010K, committed 2048K, reserved 1048576K
Event: 2.761 GC heap after
Heap after GC invocations=4 (full 0):
 PSYoungGen      total 33280K, used 4584K [0x00000000db300000, 0x00000000dd800000, 0x0000000100000000)
  eden space 28672K, 0% used [0x00000000db300000,0x00000000db300000,0x00000000dcf00000)
  from space 4608K, 99% used [0x00000000dd380000,0x00000000dd7fa020,0x00000000dd800000)
  to   space 4608K, 0% used [0x00000000dcf00000,0x00000000dcf00000,0x00000000dd380000)
 ParOldGen       total 76800K, used 6334K [0x0000000091800000, 0x0000000096300000, 0x00000000db300000)
  object space 76800K, 8% used [0x0000000091800000,0x0000000091e2fa38,0x0000000096300000)
 Metaspace       used 15804K, capacity 16182K, committed 16384K, reserved 1062912K
  class space    used 1898K, capacity 2010K, committed 2048K, reserved 1048576K
}
Event: 3.194 GC heap before
{Heap before GC invocations=5 (full 0):
 PSYoungGen      total 33280K, used 33256K [0x00000000db300000, 0x00000000dd800000, 0x0000000100000000)
  eden space 28672K, 100% used [0x00000000db300000,0x00000000dcf00000,0x00000000dcf00000)
  from space 4608K, 99% used [0x00000000dd380000,0x00000000dd7fa020,0x00000000dd800000)
  to   space 4608K, 0% used [0x00000000dcf00000,0x00000000dcf00000,0x00000000dd380000)
 ParOldGen       total 76800K, used 6334K [0x0000000091800000, 0x0000000096300000, 0x00000000db300000)
  object space 76800K, 8% used [0x0000000091800000,0x0000000091e2fa38,0x0000000096300000)
 Metaspace       used 16340K, capacity 16662K, committed 16896K, reserved 1064960K
  class space    used 1933K, capacity 2042K, committed 2048K, reserved 1048576K
Event: 3.204 GC heap after
Heap after GC invocations=5 (full 0):
 PSYoungGen      total 33280K, used 4600K [0x00000000db300000, 0x00000000e0100000, 0x0000000100000000)
  eden space 28672K, 0% used [0x00000000db300000,0x00000000db300000,0x00000000dcf00000)
  from space 4608K, 99% used [0x00000000dcf00000,0x00000000dd37e030,0x00000000dd380000)
  to   space 11264K, 0% used [0x00000000df600000,0x00000000df600000,0x00000000e0100000)
 ParOldGen       total 76800K, used 12464K [0x0000000091800000, 0x0000000096300000, 0x00000000db300000)
  object space 76800K, 16% used [0x0000000091800000,0x000000009242c1b0,0x0000000096300000)
 Metaspace       used 16340K, capacity 16662K, committed 16896K, reserved 1064960K
  class space    used 1933K, capacity 2042K, committed 2048K, reserved 1048576K
}
Event: 3.631 GC heap before
{Heap before GC invocations=6 (full 0):
 PSYoungGen      total 33280K, used 33272K [0x00000000db300000, 0x00000000e0100000, 0x0000000100000000)
  eden space 28672K, 100% used [0x00000000db300000,0x00000000dcf00000,0x00000000dcf00000)
  from space 4608K, 99% used [0x00000000dcf00000,0x00000000dd37e030,0x00000000dd380000)
  to   space 11264K, 0% used [0x00000000df600000,0x00000000df600000,0x00000000e0100000)
 ParOldGen       total 76800K, used 12464K [0x0000000091800000, 0x0000000096300000, 0x00000000db300000)
  object space 76800K, 16% used [0x0000000091800000,0x000000009242c1b0,0x0000000096300000)
 Metaspace       used 17142K, capacity 17486K, committed 17792K, reserved 1064960K
  class space    used 2018K, capacity 2146K, committed 2176K, reserved 1048576K
Event: 3.640 GC heap after
Heap after GC invocations=6 (full 0):
 PSYoungGen      total 68608K, used 8462K [0x00000000db300000, 0x00000000e0100000, 0x0000000100000000)
  eden space 57344K, 0% used [0x00000000db300000,0x00000000db300000,0x00000000deb00000)
  from space 11264K, 75% used [0x00000000df600000,0x00000000dfe43908,0x00000000e0100000)
  to   space 11264K, 0% used [0x00000000deb00000,0x00000000deb00000,0x00000000df600000)
 ParOldGen       total 76800K, used 12472K [0x0000000091800000, 0x0000000096300000, 0x00000000db300000)
  object space 76800K, 16% used [0x0000000091800000,0x000000009242e1b0,0x0000000096300000)
 Metaspace       used 17142K, capacity 17486K, committed 17792K, reserved 1064960K
  class space    used 2018K, capacity 2146K, committed 2176K, reserved 1048576K
}
Event: 4.673 GC heap before
{Heap before GC invocations=7 (full 0):
 PSYoungGen      total 68608K, used 65806K [0x00000000db300000, 0x00000000e0100000, 0x0000000100000000)
  eden space 57344K, 100% used [0x00000000db300000,0x00000000deb00000,0x00000000deb00000)
  from space 11264K, 75% used [0x00000000df600000,0x00000000dfe43908,0x00000000e0100000)
  to   space 11264K, 0% used [0x00000000deb00000,0x00000000deb00000,0x00000000df600000)
 ParOldGen       total 76800K, used 12472K [0x0000000091800000, 0x0000000096300000, 0x00000000db300000)
  object space 76800K, 16% used [0x0000000091800000,0x000000009242e1b0,0x0000000096300000)
 Metaspace       used 18241K, capacity 18752K, committed 18944K, reserved 1067008K
  class space    used 2080K, capacity 2227K, committed 2304K, reserved 1048576K
Event: 4.686 GC heap after
Heap after GC invocations=7 (full 0):
 PSYoungGen      total 68608K, used 9300K [0x00000000db300000, 0x00000000e0100000, 0x0000000100000000)
  eden space 57344K, 0% used [0x00000000db300000,0x00000000db300000,0x00000000deb00000)
  from space 11264K, 82% used [0x00000000deb00000,0x00000000df4150f8,0x00000000df600000)
  to   space 11264K, 0% used [0x00000000df600000,0x00000000df600000,0x00000000e0100000)
 ParOldGen       total 76800K, used 13536K [0x0000000091800000, 0x0000000096300000, 0x00000000db300000)
  object space 76800K, 17% used [0x0000000091800000,0x0000000092538250,0x0000000096300000)
 Metaspace       used 18241K, capacity 18752K, committed 18944K, reserved 1067008K
  class space    used 2080K, capacity 2227K, committed 2304K, reserved 1048576K
}

