# JRE version: OpenJDK Runtime Environment (8.0_292-b10) (build 1.8.0_292-b10)
# Java VM: OpenJDK 64-Bit Server VM (25.292-b10 mixed mode windows-amd64 compressed oops)
Heap:
 PSYoungGen      total 118784K, used 24057K [0x00000000db300000, 0x00000000e6100000, 0x0000000100000000)
  eden space 107520K, 11% used [0x00000000db300000,0x00000000dbf81198,0x00000000e1c00000)
  from space 11264K, 99% used [0x00000000e2d00000,0x00000000e37fd440,0x00000000e3800000)
  to   space 17408K, 0% used [0x00000000e1c00000,0x00000000e1c00000,0x00000000e2d00000)
 ParOldGen       total 75264K, used 30959K [0x0000000091800000, 0x0000000096180000, 0x00000000db300000)
  object space 75264K, 41% used [0x0000000091800000,0x000000009363bef8,0x0000000096180000)
 Metaspace       used 26114K, capacity 26912K, committed 27136K, reserved 1073152K
  class space    used 3044K, capacity 3271K, committed 3328K, reserved 1048576K
GC Heap History (10 events):
Event: 4.575 GC heap before
{Heap before GC invocations=7 (full 0):
 PSYoungGen      total 67584K, used 65150K [0x00000000db300000, 0x00000000e0100000, 0x0000000100000000)
  eden space 56832K, 100% used [0x00000000db300000,0x00000000dea80000,0x00000000dea80000)
  from space 10752K, 77% used [0x00000000df580000,0x00000000dfd9f918,0x00000000e0000000)
  to   space 11264K, 0% used [0x00000000dea80000,0x00000000dea80000,0x00000000df580000)
 ParOldGen       total 76800K, used 12091K [0x0000000091800000, 0x0000000096300000, 0x00000000db300000)
  object space 76800K, 15% used [0x0000000091800000,0x00000000923ceea8,0x0000000096300000)
 Metaspace       used 18253K, capacity 18812K, committed 19200K, reserved 1067008K
  class space    used 2076K, capacity 2227K, committed 2304K, reserved 1048576K
Event: 4.586 GC heap after
Heap after GC invocations=7 (full 0):
 PSYoungGen      total 68096K, used 9012K [0x00000000db300000, 0x00000000e3800000, 0x0000000100000000)
  eden space 56832K, 0% used [0x00000000db300000,0x00000000db300000,0x00000000dea80000)
  from space 11264K, 80% used [0x00000000dea80000,0x00000000df34d098,0x00000000df580000)
  to   space 11264K, 0% used [0x00000000e2d00000,0x00000000e2d00000,0x00000000e3800000)
 ParOldGen       total 76800K, used 13343K [0x0000000091800000, 0x0000000096300000, 0x00000000db300000)
  object space 76800K, 17% used [0x0000000091800000,0x0000000092507f78,0x0000000096300000)
 Metaspace       used 18253K, capacity 18812K, committed 19200K, reserved 1067008K
  class space    used 2076K, capacity 2227K, committed 2304K, reserved 1048576K
}
Event: 5.485 GC heap before
{Heap before GC invocations=8 (full 0):
 PSYoungGen      total 68096K, used 65844K [0x00000000db300000, 0x00000000e3800000, 0x0000000100000000)
  eden space 56832K, 100% used [0x00000000db300000,0x00000000dea80000,0x00000000dea80000)
  from space 11264K, 80% used [0x00000000dea80000,0x00000000df34d098,0x00000000df580000)
  to   space 11264K, 0% used [0x00000000e2d00000,0x00000000e2d00000,0x00000000e3800000)
 ParOldGen       total 76800K, used 13343K [0x0000000091800000, 0x0000000096300000, 0x00000000db300000)
  object space 76800K, 17% used [0x0000000091800000,0x0000000092507f78,0x0000000096300000)
 Metaspace       used 19410K, capacity 20116K, committed 20352K, reserved 1067008K
  class space    used 2227K, capacity 2414K, committed 2432K, reserved 1048576K
Event: 5.500 GC heap after
Heap after GC invocations=8 (full 0):
 PSYoungGen      total 122368K, used 11248K [0x00000000db300000, 0x00000000e3d00000, 0x0000000100000000)
  eden space 111104K, 0% used [0x00000000db300000,0x00000000db300000,0x00000000e1f80000)
  from space 11264K, 99% used [0x00000000e2d00000,0x00000000e37fc010,0x00000000e3800000)
  to   space 13824K, 0% used [0x00000000e1f80000,0x00000000e1f80000,0x00000000e2d00000)
 ParOldGen       total 76800K, used 16090K [0x0000000091800000, 0x0000000096300000, 0x00000000db300000)
  object space 76800K, 20% used [0x0000000091800000,0x00000000927b6b18,0x0000000096300000)
 Metaspace       used 19410K, capacity 20116K, committed 20352K, reserved 1067008K
  class space    used 2227K, capacity 2414K, committed 2432K, reserved 1048576K
}
Event: 6.635 GC heap before
{Heap before GC invocations=9 (full 0):
 PSYoungGen      total 122368K, used 79974K [0x00000000db300000, 0x00000000e3d00000, 0x0000000100000000)
  eden space 111104K, 61% used [0x00000000db300000,0x00000000df61da18,0x00000000e1f80000)
  from space 11264K, 99% used [0x00000000e2d00000,0x00000000e37fc010,0x00000000e3800000)
  to   space 13824K, 0% used [0x00000000e1f80000,0x00000000e1f80000,0x00000000e2d00000)
 ParOldGen       total 76800K, used 16090K [0x0000000091800000, 0x0000000096300000, 0x00000000db300000)
  object space 76800K, 20% used [0x0000000091800000,0x00000000927b6b18,0x0000000096300000)
 Metaspace       used 20521K, capacity 21160K, committed 21248K, reserved 1069056K
  class space    used 2359K, capacity 2550K, committed 2560K, reserved 1048576K
Event: 6.651 GC heap after
Heap after GC invocations=9 (full 0):
 PSYoungGen      total 124928K, used 13760K [0x00000000db300000, 0x00000000e3d00000, 0x0000000100000000)
  eden space 111104K, 0% used [0x00000000db300000,0x00000000db300000,0x00000000e1f80000)
  from space 13824K, 99% used [0x00000000e1f80000,0x00000000e2cf03c8,0x00000000e2d00000)
  to   space 11264K, 0% used [0x00000000e2d00000,0x00000000e2d00000,0x00000000e3800000)
 ParOldGen       total 76800K, used 19886K [0x0000000091800000, 0x0000000096300000, 0x00000000db300000)
  object space 76800K, 25% used [0x0000000091800000,0x0000000092b6b900,0x0000000096300000)
 Metaspace       used 20521K, capacity 21160K, committed 21248K, reserved 1069056K
  class space    used 2359K, capacity 2550K, committed 2560K, reserved 1048576K
}
Event: 6.651 GC heap before
{Heap before GC invocations=10 (full 1):
 PSYoungGen      total 124928K, used 13760K [0x00000000db300000, 0x00000000e3d00000, 0x0000000100000000)
  eden space 111104K, 0% used [0x00000000db300000,0x00000000db300000,0x00000000e1f80000)
  from space 13824K, 99% used [0x00000000e1f80000,0x00000000e2cf03c8,0x00000000e2d00000)
  to   space 11264K, 0% used [0x00000000e2d00000,0x00000000e2d00000,0x00000000e3800000)
 ParOldGen       total 76800K, used 19886K [0x0000000091800000, 0x0000000096300000, 0x00000000db300000)
  object space 76800K, 25% used [0x0000000091800000,0x0000000092b6b900,0x0000000096300000)
 Metaspace       used 20521K, capacity 21160K, committed 21248K, reserved 1069056K
  class space    used 2359K, capacity 2550K, committed 2560K, reserved 1048576K
Event: 6.737 GC heap after
Heap after GC invocations=10 (full 1):
 PSYoungGen      total 124928K, used 0K [0x00000000db300000, 0x00000000e3d00000, 0x0000000100000000)
  eden space 111104K, 0% used [0x00000000db300000,0x00000000db300000,0x00000000e1f80000)
  from space 13824K, 0% used [0x00000000e1f80000,0x00000000e1f80000,0x00000000e2d00000)
  to   space 11264K, 0% used [0x00000000e2d00000,0x00000000e2d00000,0x00000000e3800000)
 ParOldGen       total 75264K, used 26794K [0x0000000091800000, 0x0000000096180000, 0x00000000db300000)
  object space 75264K, 35% used [0x0000000091800000,0x000000009322a8b8,0x0000000096180000)
 Metaspace       used 20521K, capacity 21160K, committed 21248K, reserved 1069056K
  class space    used 2359K, capacity 2550K, committed 2560K, reserved 1048576K
}
Event: 9.438 GC heap before
{Heap before GC invocations=11 (full 1):
 PSYoungGen      total 124928K, used 111104K [0x00000000db300000, 0x00000000e3d00000, 0x0000000100000000)
  eden space 111104K, 100% used [0x00000000db300000,0x00000000e1f80000,0x00000000e1f80000)
  from space 13824K, 0% used [0x00000000e1f80000,0x00000000e1f80000,0x00000000e2d00000)
  to   space 11264K, 0% used [0x00000000e2d00000,0x00000000e2d00000,0x00000000e3800000)
 ParOldGen       total 75264K, used 26794K [0x0000000091800000, 0x0000000096180000, 0x00000000db300000)
  object space 75264K, 35% used [0x0000000091800000,0x000000009322a8b8,0x0000000096180000)
 Metaspace       used 26104K, capacity 26912K, committed 27136K, reserved 1073152K
  class space    used 3044K, capacity 3271K, committed 3328K, reserved 1048576K
Event: 9.450 GC heap after
Heap after GC invocations=11 (full 1):
 PSYoungGen      total 118784K, used 11253K [0x00000000db300000, 0x00000000e6100000, 0x0000000100000000)
  eden space 107520K, 0% used [0x00000000db300000,0x00000000db300000,0x00000000e1c00000)
  from space 11264K, 99% used [0x00000000e2d00000,0x00000000e37fd440,0x00000000e3800000)
  to   space 17408K, 0% used [0x00000000e1c00000,0x00000000e1c00000,0x00000000e2d00000)
 ParOldGen       total 75264K, used 30959K [0x0000000091800000, 0x0000000096180000, 0x00000000db300000)
  object space 75264K, 41% used [0x0000000091800000,0x000000009363bef8,0x0000000096180000)
 Metaspace       used 26104K, capacity 26912K, committed 27136K, reserved 1073152K
  class space    used 3044K, capacity 3271K, committed 3328K, reserved 1048576K
}

