# JRE version: OpenJDK Runtime Environment (8.0_292-b10) (build 1.8.0_292-b10)
# Java VM: OpenJDK 64-Bit Server VM (25.292-b10 mixed mode windows-amd64 compressed oops)
Heap:
 PSYoungGen      total 122368K, used 84147K [0x00000000db300000, 0x00000000e3f00000, 0x0000000100000000)
  eden space 110592K, 65% used [0x00000000db300000,0x00000000df9b1920,0x00000000e1f00000)
  from space 11776K, 99% used [0x00000000e2300000,0x00000000e2e7b548,0x00000000e2e80000)
  to   space 16384K, 0% used [0x00000000e2f00000,0x00000000e2f00000,0x00000000e3f00000)
 ParOldGen       total 78336K, used 39002K [0x0000000091800000, 0x0000000096480000, 0x00000000db300000)
  object space 78336K, 49% used [0x0000000091800000,0x0000000093e16be8,0x0000000096480000)
 Metaspace       used 28198K, capacity 29174K, committed 29360K, reserved 1075200K
  class space    used 3249K, capacity 3493K, committed 3504K, reserved 1048576K
GC Heap History (10 events):
Event: 6.833 GC heap before
{Heap before GC invocations=6 (full 0):
 PSYoungGen      total 61952K, used 61944K [0x00000000db300000, 0x00000000e3c00000, 0x0000000100000000)
  eden space 57344K, 100% used [0x00000000db300000,0x00000000deb00000,0x00000000deb00000)
  from space 4608K, 99% used [0x00000000deb00000,0x00000000def7e050,0x00000000def80000)
  to   space 12800K, 0% used [0x00000000e2f80000,0x00000000e2f80000,0x00000000e3c00000)
 ParOldGen       total 76800K, used 15162K [0x0000000091800000, 0x0000000096300000, 0x00000000db300000)
  object space 76800K, 19% used [0x0000000091800000,0x00000000926ce830,0x0000000096300000)
 Metaspace       used 18255K, capacity 18834K, committed 19200K, reserved 1067008K
  class space    used 2067K, capacity 2228K, committed 2304K, reserved 1048576K
Event: 6.844 GC heap after
Heap after GC invocations=6 (full 0):
 PSYoungGen      total 125440K, used 7785K [0x00000000db300000, 0x00000000e3a00000, 0x0000000100000000)
  eden space 114688K, 0% used [0x00000000db300000,0x00000000db300000,0x00000000e2300000)
  from space 10752K, 72% used [0x00000000e2f80000,0x00000000e371a430,0x00000000e3a00000)
  to   space 11776K, 0% used [0x00000000e2300000,0x00000000e2300000,0x00000000e2e80000)
 ParOldGen       total 76800K, used 15170K [0x0000000091800000, 0x0000000096300000, 0x00000000db300000)
  object space 76800K, 19% used [0x0000000091800000,0x00000000926d0830,0x0000000096300000)
 Metaspace       used 18255K, capacity 18834K, committed 19200K, reserved 1067008K
  class space    used 2067K, capacity 2228K, committed 2304K, reserved 1048576K
}
Event: 10.410 GC heap before
{Heap before GC invocations=7 (full 0):
 PSYoungGen      total 125440K, used 122473K [0x00000000db300000, 0x00000000e3a00000, 0x0000000100000000)
  eden space 114688K, 100% used [0x00000000db300000,0x00000000e2300000,0x00000000e2300000)
  from space 10752K, 72% used [0x00000000e2f80000,0x00000000e371a430,0x00000000e3a00000)
  to   space 11776K, 0% used [0x00000000e2300000,0x00000000e2300000,0x00000000e2e80000)
 ParOldGen       total 76800K, used 15170K [0x0000000091800000, 0x0000000096300000, 0x00000000db300000)
  object space 76800K, 19% used [0x0000000091800000,0x00000000926d0830,0x0000000096300000)
 Metaspace       used 20509K, capacity 21208K, committed 21296K, reserved 1069056K
  class space    used 2358K, capacity 2582K, committed 2608K, reserved 1048576K
Event: 10.431 GC heap after
Heap after GC invocations=7 (full 0):
 PSYoungGen      total 122368K, used 11746K [0x00000000db300000, 0x00000000e3f00000, 0x0000000100000000)
  eden space 110592K, 0% used [0x00000000db300000,0x00000000db300000,0x00000000e1f00000)
  from space 11776K, 99% used [0x00000000e2300000,0x00000000e2e789a8,0x00000000e2e80000)
  to   space 16384K, 0% used [0x00000000e2f00000,0x00000000e2f00000,0x00000000e3f00000)
 ParOldGen       total 76800K, used 21097K [0x0000000091800000, 0x0000000096300000, 0x00000000db300000)
  object space 76800K, 27% used [0x0000000091800000,0x0000000092c9a528,0x0000000096300000)
 Metaspace       used 20509K, capacity 21208K, committed 21296K, reserved 1069056K
  class space    used 2358K, capacity 2582K, committed 2608K, reserved 1048576K
}
Event: 10.431 GC heap before
{Heap before GC invocations=8 (full 1):
 PSYoungGen      total 122368K, used 11746K [0x00000000db300000, 0x00000000e3f00000, 0x0000000100000000)
  eden space 110592K, 0% used [0x00000000db300000,0x00000000db300000,0x00000000e1f00000)
  from space 11776K, 99% used [0x00000000e2300000,0x00000000e2e789a8,0x00000000e2e80000)
  to   space 16384K, 0% used [0x00000000e2f00000,0x00000000e2f00000,0x00000000e3f00000)
 ParOldGen       total 76800K, used 21097K [0x0000000091800000, 0x0000000096300000, 0x00000000db300000)
  object space 76800K, 27% used [0x0000000091800000,0x0000000092c9a528,0x0000000096300000)
 Metaspace       used 20509K, capacity 21208K, committed 21296K, reserved 1069056K
  class space    used 2358K, capacity 2582K, committed 2608K, reserved 1048576K
Event: 10.535 GC heap after
Heap after GC invocations=8 (full 1):
 PSYoungGen      total 122368K, used 0K [0x00000000db300000, 0x00000000e3f00000, 0x0000000100000000)
  eden space 110592K, 0% used [0x00000000db300000,0x00000000db300000,0x00000000e1f00000)
  from space 11776K, 0% used [0x00000000e2300000,0x00000000e2300000,0x00000000e2e80000)
  to   space 16384K, 0% used [0x00000000e2f00000,0x00000000e2f00000,0x00000000e3f00000)
 ParOldGen       total 78336K, used 25278K [0x0000000091800000, 0x0000000096480000, 0x00000000db300000)
  object space 78336K, 32% used [0x0000000091800000,0x00000000930af938,0x0000000096480000)
 Metaspace       used 20509K, capacity 21208K, committed 21296K, reserved 1069056K
  class space    used 2358K, capacity 2582K, committed 2608K, reserved 1048576K
}
Event: 13.937 GC heap before
{Heap before GC invocations=9 (full 1):
 PSYoungGen      total 122368K, used 110592K [0x00000000db300000, 0x00000000e3f00000, 0x0000000100000000)
  eden space 110592K, 100% used [0x00000000db300000,0x00000000e1f00000,0x00000000e1f00000)
  from space 11776K, 0% used [0x00000000e2300000,0x00000000e2300000,0x00000000e2e80000)
  to   space 16384K, 0% used [0x00000000e2f00000,0x00000000e2f00000,0x00000000e3f00000)
 ParOldGen       total 78336K, used 25278K [0x0000000091800000, 0x0000000096480000, 0x00000000db300000)
  object space 78336K, 32% used [0x0000000091800000,0x00000000930af938,0x0000000096480000)
 Metaspace       used 25876K, capacity 26712K, committed 26928K, reserved 1073152K
  class space    used 3013K, capacity 3251K, committed 3376K, reserved 1048576K
Event: 13.953 GC heap after
Heap after GC invocations=9 (full 1):
 PSYoungGen      total 126976K, used 16369K [0x00000000db300000, 0x00000000e3f00000, 0x0000000100000000)
  eden space 110592K, 0% used [0x00000000db300000,0x00000000db300000,0x00000000e1f00000)
  from space 16384K, 99% used [0x00000000e2f00000,0x00000000e3efc738,0x00000000e3f00000)
  to   space 11776K, 0% used [0x00000000e2300000,0x00000000e2300000,0x00000000e2e80000)
 ParOldGen       total 78336K, used 26471K [0x0000000091800000, 0x0000000096480000, 0x00000000db300000)
  object space 78336K, 33% used [0x0000000091800000,0x00000000931d9c10,0x0000000096480000)
 Metaspace       used 25876K, capacity 26712K, committed 26928K, reserved 1073152K
  class space    used 3013K, capacity 3251K, committed 3376K, reserved 1048576K
}
Event: 17.278 GC heap before
{Heap before GC invocations=10 (full 1):
 PSYoungGen      total 126976K, used 126961K [0x00000000db300000, 0x00000000e3f00000, 0x0000000100000000)
  eden space 110592K, 100% used [0x00000000db300000,0x00000000e1f00000,0x00000000e1f00000)
  from space 16384K, 99% used [0x00000000e2f00000,0x00000000e3efc738,0x00000000e3f00000)
  to   space 11776K, 0% used [0x00000000e2300000,0x00000000e2300000,0x00000000e2e80000)
 ParOldGen       total 78336K, used 26471K [0x0000000091800000, 0x0000000096480000, 0x00000000db300000)
  object space 78336K, 33% used [0x0000000091800000,0x00000000931d9c10,0x0000000096480000)
 Metaspace       used 27594K, capacity 28520K, committed 28848K, reserved 1075200K
  class space    used 3202K, capacity 3425K, committed 3504K, reserved 1048576K
Event: 17.299 GC heap after
Heap after GC invocations=10 (full 1):
 PSYoungGen      total 122368K, used 11757K [0x00000000db300000, 0x00000000e3f00000, 0x0000000100000000)
  eden space 110592K, 0% used [0x00000000db300000,0x00000000db300000,0x00000000e1f00000)
  from space 11776K, 99% used [0x00000000e2300000,0x00000000e2e7b548,0x00000000e2e80000)
  to   space 16384K, 0% used [0x00000000e2f00000,0x00000000e2f00000,0x00000000e3f00000)
 ParOldGen       total 78336K, used 39002K [0x0000000091800000, 0x0000000096480000, 0x00000000db300000)
  object space 78336K, 49% used [0x0000000091800000,0x0000000093e16be8,0x0000000096480000)
 Metaspace       used 27594K, capacity 28520K, committed 28848K, reserved 1075200K
  class space    used 3202K, capacity 3425K, committed 3504K, reserved 1048576K
}

