# JRE version: OpenJDK Runtime Environment (8.0_292-b10) (build 1.8.0_292-b10)
# Java VM: OpenJDK 64-Bit Server VM (25.292-b10 mixed mode windows-amd64 compressed oops)
Heap:
 PSYoungGen      total 246784K, used 165309K [0x00000000db300000, 0x00000000eb700000, 0x0000000100000000)
  eden space 228864K, 72% used [0x00000000db300000,0x00000000e546f488,0x00000000e9280000)
  from space 17920K, 0% used [0x00000000ea480000,0x00000000ea480000,0x00000000eb600000)
  to   space 18432K, 0% used [0x00000000e9280000,0x00000000e9280000,0x00000000ea480000)
 ParOldGen       total 76800K, used 26783K [0x0000000091800000, 0x0000000096300000, 0x00000000db300000)
  object space 76800K, 34% used [0x0000000091800000,0x0000000093227ee0,0x0000000096300000)
 Metaspace       used 26325K, capacity 27182K, committed 27392K, reserved 1073152K
  class space    used 3052K, capacity 3272K, committed 3328K, reserved 1048576K
GC Heap History (10 events):
Event: 3.514 GC heap before
{Heap before GC invocations=5 (full 0):
 PSYoungGen      total 61952K, used 61944K [0x00000000db300000, 0x00000000df400000, 0x0000000100000000)
  eden space 57344K, 100% used [0x00000000db300000,0x00000000deb00000,0x00000000deb00000)
  from space 4608K, 99% used [0x00000000def80000,0x00000000df3fe050,0x00000000df400000)
  to   space 4608K, 0% used [0x00000000deb00000,0x00000000deb00000,0x00000000def80000)
 ParOldGen       total 76800K, used 6380K [0x0000000091800000, 0x0000000096300000, 0x00000000db300000)
  object space 76800K, 8% used [0x0000000091800000,0x0000000091e3b1e8,0x0000000096300000)
 Metaspace       used 17111K, capacity 17490K, committed 17792K, reserved 1064960K
  class space    used 2015K, capacity 2146K, committed 2176K, reserved 1048576K
Event: 3.525 GC heap after
Heap after GC invocations=5 (full 0):
 PSYoungGen      total 61952K, used 4608K [0x00000000db300000, 0x00000000e3d00000, 0x0000000100000000)
  eden space 57344K, 0% used [0x00000000db300000,0x00000000db300000,0x00000000deb00000)
  from space 4608K, 100% used [0x00000000deb00000,0x00000000def80000,0x00000000def80000)
  to   space 13312K, 0% used [0x00000000e3000000,0x00000000e3000000,0x00000000e3d00000)
 ParOldGen       total 76800K, used 15548K [0x0000000091800000, 0x0000000096300000, 0x00000000db300000)
  object space 76800K, 20% used [0x0000000091800000,0x000000009272f0c0,0x0000000096300000)
 Metaspace       used 17111K, capacity 17490K, committed 17792K, reserved 1064960K
  class space    used 2015K, capacity 2146K, committed 2176K, reserved 1048576K
}
Event: 4.418 GC heap before
{Heap before GC invocations=6 (full 0):
 PSYoungGen      total 61952K, used 61952K [0x00000000db300000, 0x00000000e3d00000, 0x0000000100000000)
  eden space 57344K, 100% used [0x00000000db300000,0x00000000deb00000,0x00000000deb00000)
  from space 4608K, 100% used [0x00000000deb00000,0x00000000def80000,0x00000000def80000)
  to   space 13312K, 0% used [0x00000000e3000000,0x00000000e3000000,0x00000000e3d00000)
 ParOldGen       total 76800K, used 15548K [0x0000000091800000, 0x0000000096300000, 0x00000000db300000)
  object space 76800K, 20% used [0x0000000091800000,0x000000009272f0c0,0x0000000096300000)
 Metaspace       used 17943K, capacity 18388K, committed 18688K, reserved 1064960K
  class space    used 2048K, capacity 2187K, committed 2304K, reserved 1048576K
Event: 4.432 GC heap after
Heap after GC invocations=6 (full 0):
 PSYoungGen      total 126976K, used 8396K [0x00000000db300000, 0x00000000e3c00000, 0x0000000100000000)
  eden space 114688K, 0% used [0x00000000db300000,0x00000000db300000,0x00000000e2300000)
  from space 12288K, 68% used [0x00000000e3000000,0x00000000e3833070,0x00000000e3c00000)
  to   space 12800K, 0% used [0x00000000e2300000,0x00000000e2300000,0x00000000e2f80000)
 ParOldGen       total 76800K, used 15556K [0x0000000091800000, 0x0000000096300000, 0x00000000db300000)
  object space 76800K, 20% used [0x0000000091800000,0x00000000927310c0,0x0000000096300000)
 Metaspace       used 17943K, capacity 18388K, committed 18688K, reserved 1064960K
  class space    used 2048K, capacity 2187K, committed 2304K, reserved 1048576K
}
Event: 6.221 GC heap before
{Heap before GC invocations=7 (full 0):
 PSYoungGen      total 126976K, used 123084K [0x00000000db300000, 0x00000000e3c00000, 0x0000000100000000)
  eden space 114688K, 100% used [0x00000000db300000,0x00000000e2300000,0x00000000e2300000)
  from space 12288K, 68% used [0x00000000e3000000,0x00000000e3833070,0x00000000e3c00000)
  to   space 12800K, 0% used [0x00000000e2300000,0x00000000e2300000,0x00000000e2f80000)
 ParOldGen       total 76800K, used 15556K [0x0000000091800000, 0x0000000096300000, 0x00000000db300000)
  object space 76800K, 20% used [0x0000000091800000,0x00000000927310c0,0x0000000096300000)
 Metaspace       used 19579K, capacity 20252K, committed 20352K, reserved 1067008K
  class space    used 2229K, capacity 2414K, committed 2432K, reserved 1048576K
Event: 6.241 GC heap after
Heap after GC invocations=7 (full 0):
 PSYoungGen      total 127488K, used 12784K [0x00000000db300000, 0x00000000eb600000, 0x0000000100000000)
  eden space 114688K, 0% used [0x00000000db300000,0x00000000db300000,0x00000000e2300000)
  from space 12800K, 99% used [0x00000000e2300000,0x00000000e2f7c030,0x00000000e2f80000)
  to   space 17920K, 0% used [0x00000000ea480000,0x00000000ea480000,0x00000000eb600000)
 ParOldGen       total 76800K, used 22522K [0x0000000091800000, 0x0000000096300000, 0x00000000db300000)
  object space 76800K, 29% used [0x0000000091800000,0x0000000092dfe858,0x0000000096300000)
 Metaspace       used 19579K, capacity 20252K, committed 20352K, reserved 1067008K
  class space    used 2229K, capacity 2414K, committed 2432K, reserved 1048576K
}
Event: 6.518 GC heap before
{Heap before GC invocations=8 (full 0):
 PSYoungGen      total 127488K, used 31039K [0x00000000db300000, 0x00000000eb600000, 0x0000000100000000)
  eden space 114688K, 15% used [0x00000000db300000,0x00000000dc4d3cf8,0x00000000e2300000)
  from space 12800K, 99% used [0x00000000e2300000,0x00000000e2f7c030,0x00000000e2f80000)
  to   space 17920K, 0% used [0x00000000ea480000,0x00000000ea480000,0x00000000eb600000)
 ParOldGen       total 76800K, used 22522K [0x0000000091800000, 0x0000000096300000, 0x00000000db300000)
  object space 76800K, 29% used [0x0000000091800000,0x0000000092dfe858,0x0000000096300000)
 Metaspace       used 20460K, capacity 21168K, committed 21248K, reserved 1069056K
  class space    used 2351K, capacity 2550K, committed 2560K, reserved 1048576K
Event: 6.528 GC heap after
Heap after GC invocations=8 (full 0):
 PSYoungGen      total 246784K, used 12453K [0x00000000db300000, 0x00000000eb700000, 0x0000000100000000)
  eden space 228864K, 0% used [0x00000000db300000,0x00000000db300000,0x00000000e9280000)
  from space 17920K, 69% used [0x00000000ea480000,0x00000000eb0a9718,0x00000000eb600000)
  to   space 18432K, 0% used [0x00000000e9280000,0x00000000e9280000,0x00000000ea480000)
 ParOldGen       total 76800K, used 23660K [0x0000000091800000, 0x0000000096300000, 0x00000000db300000)
  object space 76800K, 30% used [0x0000000091800000,0x0000000092f1b088,0x0000000096300000)
 Metaspace       used 20460K, capacity 21168K, committed 21248K, reserved 1069056K
  class space    used 2351K, capacity 2550K, committed 2560K, reserved 1048576K
}
Event: 6.528 GC heap before
{Heap before GC invocations=9 (full 1):
 PSYoungGen      total 246784K, used 12453K [0x00000000db300000, 0x00000000eb700000, 0x0000000100000000)
  eden space 228864K, 0% used [0x00000000db300000,0x00000000db300000,0x00000000e9280000)
  from space 17920K, 69% used [0x00000000ea480000,0x00000000eb0a9718,0x00000000eb600000)
  to   space 18432K, 0% used [0x00000000e9280000,0x00000000e9280000,0x00000000ea480000)
 ParOldGen       total 76800K, used 23660K [0x0000000091800000, 0x0000000096300000, 0x00000000db300000)
  object space 76800K, 30% used [0x0000000091800000,0x0000000092f1b088,0x0000000096300000)
 Metaspace       used 20460K, capacity 21168K, committed 21248K, reserved 1069056K
  class space    used 2351K, capacity 2550K, committed 2560K, reserved 1048576K
Event: 6.606 GC heap after
Heap after GC invocations=9 (full 1):
 PSYoungGen      total 246784K, used 0K [0x00000000db300000, 0x00000000eb700000, 0x0000000100000000)
  eden space 228864K, 0% used [0x00000000db300000,0x00000000db300000,0x00000000e9280000)
  from space 17920K, 0% used [0x00000000ea480000,0x00000000ea480000,0x00000000eb600000)
  to   space 18432K, 0% used [0x00000000e9280000,0x00000000e9280000,0x00000000ea480000)
 ParOldGen       total 76800K, used 26783K [0x0000000091800000, 0x0000000096300000, 0x00000000db300000)
  object space 76800K, 34% used [0x0000000091800000,0x0000000093227ee0,0x0000000096300000)
 Metaspace       used 20460K, capacity 21168K, committed 21248K, reserved 1069056K
  class space    used 2351K, capacity 2550K, committed 2560K, reserved 1048576K
}

