# JRE version: OpenJDK Runtime Environment (8.0_292-b10) (build 1.8.0_292-b10)
# Java VM: OpenJDK 64-Bit Server VM (25.292-b10 mixed mode windows-amd64 compressed oops)
Heap:
 PSYoungGen      total 67584K, used 51353K [0x00000000db300000, 0x00000000dff00000, 0x0000000100000000)
  eden space 57344K, 71% used [0x00000000db300000,0x00000000ddb26480,0x00000000deb00000)
  from space 10240K, 99% used [0x00000000deb00000,0x00000000df4fffb0,0x00000000df500000)
  to   space 10240K, 0% used [0x00000000df500000,0x00000000df500000,0x00000000dff00000)
 ParOldGen       total 76800K, used 30073K [0x0000000091800000, 0x0000000096300000, 0x00000000db300000)
  object space 76800K, 39% used [0x0000000091800000,0x000000009355e7c8,0x0000000096300000)
 Metaspace       used 19318K, capacity 20010K, committed 20096K, reserved 1067008K
  class space    used 2208K, capacity 2415K, committed 2432K, reserved 1048576K
GC Heap History (10 events):
Event: 5.985 GC heap before
{Heap before GC invocations=5 (full 0):
 PSYoungGen      total 33280K, used 33272K [0x00000000db300000, 0x00000000dd800000, 0x0000000100000000)
  eden space 28672K, 100% used [0x00000000db300000,0x00000000dcf00000,0x00000000dcf00000)
  from space 4608K, 99% used [0x00000000dd380000,0x00000000dd7fe050,0x00000000dd800000)
  to   space 4608K, 0% used [0x00000000dcf00000,0x00000000dcf00000,0x00000000dd380000)
 ParOldGen       total 76800K, used 8146K [0x0000000091800000, 0x0000000096300000, 0x00000000db300000)
  object space 76800K, 10% used [0x0000000091800000,0x0000000091ff4958,0x0000000096300000)
 Metaspace       used 16018K, capacity 16232K, committed 16384K, reserved 1062912K
  class space    used 1893K, capacity 1979K, committed 2048K, reserved 1048576K
Event: 6.001 GC heap after
Heap after GC invocations=5 (full 0):
 PSYoungGen      total 33280K, used 4584K [0x00000000db300000, 0x00000000dff00000, 0x0000000100000000)
  eden space 28672K, 0% used [0x00000000db300000,0x00000000db300000,0x00000000dcf00000)
  from space 4608K, 99% used [0x00000000dcf00000,0x00000000dd37a040,0x00000000dd380000)
  to   space 10240K, 0% used [0x00000000df500000,0x00000000df500000,0x00000000dff00000)
 ParOldGen       total 76800K, used 12425K [0x0000000091800000, 0x0000000096300000, 0x00000000db300000)
  object space 76800K, 16% used [0x0000000091800000,0x0000000092422418,0x0000000096300000)
 Metaspace       used 16018K, capacity 16232K, committed 16384K, reserved 1062912K
  class space    used 1893K, capacity 1979K, committed 2048K, reserved 1048576K
}
Event: 6.618 GC heap before
{Heap before GC invocations=6 (full 0):
 PSYoungGen      total 33280K, used 33256K [0x00000000db300000, 0x00000000dff00000, 0x0000000100000000)
  eden space 28672K, 100% used [0x00000000db300000,0x00000000dcf00000,0x00000000dcf00000)
  from space 4608K, 99% used [0x00000000dcf00000,0x00000000dd37a040,0x00000000dd380000)
  to   space 10240K, 0% used [0x00000000df500000,0x00000000df500000,0x00000000dff00000)
 ParOldGen       total 76800K, used 12425K [0x0000000091800000, 0x0000000096300000, 0x00000000db300000)
  object space 76800K, 16% used [0x0000000091800000,0x0000000092422418,0x0000000096300000)
 Metaspace       used 16268K, capacity 16568K, committed 16896K, reserved 1064960K
  class space    used 1895K, capacity 1981K, committed 2048K, reserved 1048576K
Event: 6.631 GC heap after
Heap after GC invocations=6 (full 0):
 PSYoungGen      total 67584K, used 8584K [0x00000000db300000, 0x00000000dff00000, 0x0000000100000000)
  eden space 57344K, 0% used [0x00000000db300000,0x00000000db300000,0x00000000deb00000)
  from space 10240K, 83% used [0x00000000df500000,0x00000000dfd62020,0x00000000dff00000)
  to   space 10240K, 0% used [0x00000000deb00000,0x00000000deb00000,0x00000000df500000)
 ParOldGen       total 76800K, used 12433K [0x0000000091800000, 0x0000000096300000, 0x00000000db300000)
  object space 76800K, 16% used [0x0000000091800000,0x0000000092424418,0x0000000096300000)
 Metaspace       used 16268K, capacity 16568K, committed 16896K, reserved 1064960K
  class space    used 1895K, capacity 1981K, committed 2048K, reserved 1048576K
}
Event: 7.870 GC heap before
{Heap before GC invocations=7 (full 0):
 PSYoungGen      total 67584K, used 65928K [0x00000000db300000, 0x00000000dff00000, 0x0000000100000000)
  eden space 57344K, 100% used [0x00000000db300000,0x00000000deb00000,0x00000000deb00000)
  from space 10240K, 83% used [0x00000000df500000,0x00000000dfd62020,0x00000000dff00000)
  to   space 10240K, 0% used [0x00000000deb00000,0x00000000deb00000,0x00000000df500000)
 ParOldGen       total 76800K, used 12433K [0x0000000091800000, 0x0000000096300000, 0x00000000db300000)
  object space 76800K, 16% used [0x0000000091800000,0x0000000092424418,0x0000000096300000)
 Metaspace       used 16638K, capacity 17014K, committed 17152K, reserved 1064960K
  class space    used 1908K, capacity 2018K, committed 2048K, reserved 1048576K
Event: 7.895 GC heap after
Heap after GC invocations=7 (full 0):
 PSYoungGen      total 67584K, used 10208K [0x00000000db300000, 0x00000000dff00000, 0x0000000100000000)
  eden space 57344K, 0% used [0x00000000db300000,0x00000000db300000,0x00000000deb00000)
  from space 10240K, 99% used [0x00000000deb00000,0x00000000df4f8020,0x00000000df500000)
  to   space 10240K, 0% used [0x00000000df500000,0x00000000df500000,0x00000000dff00000)
 ParOldGen       total 76800K, used 18096K [0x0000000091800000, 0x0000000096300000, 0x00000000db300000)
  object space 76800K, 23% used [0x0000000091800000,0x00000000929ac108,0x0000000096300000)
 Metaspace       used 16638K, capacity 17014K, committed 17152K, reserved 1064960K
  class space    used 1908K, capacity 2018K, committed 2048K, reserved 1048576K
}
Event: 8.769 GC heap before
{Heap before GC invocations=8 (full 0):
 PSYoungGen      total 67584K, used 67552K [0x00000000db300000, 0x00000000dff00000, 0x0000000100000000)
  eden space 57344K, 100% used [0x00000000db300000,0x00000000deb00000,0x00000000deb00000)
  from space 10240K, 99% used [0x00000000deb00000,0x00000000df4f8020,0x00000000df500000)
  to   space 10240K, 0% used [0x00000000df500000,0x00000000df500000,0x00000000dff00000)
 ParOldGen       total 76800K, used 18096K [0x0000000091800000, 0x0000000096300000, 0x00000000db300000)
  object space 76800K, 23% used [0x0000000091800000,0x00000000929ac108,0x0000000096300000)
 Metaspace       used 16769K, capacity 17154K, committed 17408K, reserved 1064960K
  class space    used 1910K, capacity 2020K, committed 2048K, reserved 1048576K
Event: 8.792 GC heap after
Heap after GC invocations=8 (full 0):
 PSYoungGen      total 67584K, used 10240K [0x00000000db300000, 0x00000000dff00000, 0x0000000100000000)
  eden space 57344K, 0% used [0x00000000db300000,0x00000000db300000,0x00000000deb00000)
  from space 10240K, 100% used [0x00000000df500000,0x00000000dff00000,0x00000000dff00000)
  to   space 10240K, 0% used [0x00000000deb00000,0x00000000deb00000,0x00000000df500000)
 ParOldGen       total 76800K, used 27059K [0x0000000091800000, 0x0000000096300000, 0x00000000db300000)
  object space 76800K, 35% used [0x0000000091800000,0x000000009326ce58,0x0000000096300000)
 Metaspace       used 16769K, capacity 17154K, committed 17408K, reserved 1064960K
  class space    used 1910K, capacity 2020K, committed 2048K, reserved 1048576K
}
Event: 10.601 GC heap before
{Heap before GC invocations=9 (full 0):
 PSYoungGen      total 67584K, used 67584K [0x00000000db300000, 0x00000000dff00000, 0x0000000100000000)
  eden space 57344K, 100% used [0x00000000db300000,0x00000000deb00000,0x00000000deb00000)
  from space 10240K, 100% used [0x00000000df500000,0x00000000dff00000,0x00000000dff00000)
  to   space 10240K, 0% used [0x00000000deb00000,0x00000000deb00000,0x00000000df500000)
 ParOldGen       total 76800K, used 27059K [0x0000000091800000, 0x0000000096300000, 0x00000000db300000)
  object space 76800K, 35% used [0x0000000091800000,0x000000009326ce58,0x0000000096300000)
 Metaspace       used 17632K, capacity 18074K, committed 18304K, reserved 1064960K
  class space    used 2002K, capacity 2092K, committed 2176K, reserved 1048576K
Event: 10.616 GC heap after
Heap after GC invocations=9 (full 0):
 PSYoungGen      total 67584K, used 10239K [0x00000000db300000, 0x00000000dff00000, 0x0000000100000000)
  eden space 57344K, 0% used [0x00000000db300000,0x00000000db300000,0x00000000deb00000)
  from space 10240K, 99% used [0x00000000deb00000,0x00000000df4fffb0,0x00000000df500000)
  to   space 10240K, 0% used [0x00000000df500000,0x00000000df500000,0x00000000dff00000)
 ParOldGen       total 76800K, used 30073K [0x0000000091800000, 0x0000000096300000, 0x00000000db300000)
  object space 76800K, 39% used [0x0000000091800000,0x000000009355e7c8,0x0000000096300000)
 Metaspace       used 17632K, capacity 18074K, committed 18304K, reserved 1064960K
  class space    used 2002K, capacity 2092K, committed 2176K, reserved 1048576K
}

