# JRE version: OpenJDK Runtime Environment (8.0_292-b10) (build 1.8.0_292-b10)
# Java VM: OpenJDK 64-Bit Server VM (25.292-b10 mixed mode windows-amd64 compressed oops)
Heap:
 PSYoungGen      total 126976K, used 83679K [0x00000000db300000, 0x00000000e7480000, 0x0000000100000000)
  eden space 113152K, 61% used [0x00000000db300000,0x00000000df73cf68,0x00000000e2180000)
  from space 13824K, 99% used [0x00000000e2180000,0x00000000e2efb008,0x00000000e2f00000)
  to   space 23552K, 0% used [0x00000000e5d80000,0x00000000e5d80000,0x00000000e7480000)
 ParOldGen       total 81920K, used 40014K [0x0000000091800000, 0x0000000096800000, 0x00000000db300000)
  object space 81920K, 48% used [0x0000000091800000,0x0000000093f13900,0x0000000096800000)
 Metaspace       used 25809K, capacity 26578K, committed 26752K, reserved 1073152K
  class space    used 2999K, capacity 3172K, committed 3200K, reserved 1048576K
GC Heap History (10 events):
Event: 3.887 GC heap before
{Heap before GC invocations=6 (full 0):
 PSYoungGen      total 61952K, used 61944K [0x00000000db300000, 0x00000000e3b00000, 0x0000000100000000)
  eden space 57344K, 100% used [0x00000000db300000,0x00000000deb00000,0x00000000deb00000)
  from space 4608K, 99% used [0x00000000deb00000,0x00000000def7e030,0x00000000def80000)
  to   space 12288K, 0% used [0x00000000e2f00000,0x00000000e2f00000,0x00000000e3b00000)
 ParOldGen       total 76800K, used 16288K [0x0000000091800000, 0x0000000096300000, 0x00000000db300000)
  object space 76800K, 21% used [0x0000000091800000,0x00000000927e8128,0x0000000096300000)
 Metaspace       used 16530K, capacity 16854K, committed 17152K, reserved 1064960K
  class space    used 1893K, capacity 1986K, committed 2048K, reserved 1048576K
Event: 3.899 GC heap after
Heap after GC invocations=6 (full 0):
 PSYoungGen      total 125440K, used 11912K [0x00000000db300000, 0x00000000e3e00000, 0x0000000100000000)
  eden space 113152K, 0% used [0x00000000db300000,0x00000000db300000,0x00000000e2180000)
  from space 12288K, 96% used [0x00000000e2f00000,0x00000000e3aa2270,0x00000000e3b00000)
  to   space 13824K, 0% used [0x00000000e2180000,0x00000000e2180000,0x00000000e2f00000)
 ParOldGen       total 76800K, used 16296K [0x0000000091800000, 0x0000000096300000, 0x00000000db300000)
  object space 76800K, 21% used [0x0000000091800000,0x00000000927ea128,0x0000000096300000)
 Metaspace       used 16530K, capacity 16854K, committed 17152K, reserved 1064960K
  class space    used 1893K, capacity 1986K, committed 2048K, reserved 1048576K
}
Event: 5.299 GC heap before
{Heap before GC invocations=7 (full 0):
 PSYoungGen      total 125440K, used 125064K [0x00000000db300000, 0x00000000e3e00000, 0x0000000100000000)
  eden space 113152K, 100% used [0x00000000db300000,0x00000000e2180000,0x00000000e2180000)
  from space 12288K, 96% used [0x00000000e2f00000,0x00000000e3aa2270,0x00000000e3b00000)
  to   space 13824K, 0% used [0x00000000e2180000,0x00000000e2180000,0x00000000e2f00000)
 ParOldGen       total 76800K, used 16296K [0x0000000091800000, 0x0000000096300000, 0x00000000db300000)
  object space 76800K, 21% used [0x0000000091800000,0x00000000927ea128,0x0000000096300000)
 Metaspace       used 18721K, capacity 19294K, committed 19456K, reserved 1067008K
  class space    used 2138K, capacity 2268K, committed 2304K, reserved 1048576K
Event: 5.318 GC heap after
Heap after GC invocations=7 (full 0):
 PSYoungGen      total 126976K, used 13804K [0x00000000db300000, 0x00000000e3e00000, 0x0000000100000000)
  eden space 113152K, 0% used [0x00000000db300000,0x00000000db300000,0x00000000e2180000)
  from space 13824K, 99% used [0x00000000e2180000,0x00000000e2efb0d8,0x00000000e2f00000)
  to   space 12288K, 0% used [0x00000000e2f00000,0x00000000e2f00000,0x00000000e3b00000)
 ParOldGen       total 76800K, used 25868K [0x0000000091800000, 0x0000000096300000, 0x00000000db300000)
  object space 76800K, 33% used [0x0000000091800000,0x00000000931432b0,0x0000000096300000)
 Metaspace       used 18721K, capacity 19294K, committed 19456K, reserved 1067008K
  class space    used 2138K, capacity 2268K, committed 2304K, reserved 1048576K
}
Event: 5.496 GC heap before
{Heap before GC invocations=8 (full 0):
 PSYoungGen      total 126976K, used 22882K [0x00000000db300000, 0x00000000e3e00000, 0x0000000100000000)
  eden space 113152K, 8% used [0x00000000db300000,0x00000000dbbddb20,0x00000000e2180000)
  from space 13824K, 99% used [0x00000000e2180000,0x00000000e2efb0d8,0x00000000e2f00000)
  to   space 12288K, 0% used [0x00000000e2f00000,0x00000000e2f00000,0x00000000e3b00000)
 ParOldGen       total 76800K, used 25868K [0x0000000091800000, 0x0000000096300000, 0x00000000db300000)
  object space 76800K, 33% used [0x0000000091800000,0x00000000931432b0,0x0000000096300000)
 Metaspace       used 20703K, capacity 21182K, committed 21248K, reserved 1069056K
  class space    used 2430K, capacity 2556K, committed 2560K, reserved 1048576K
Event: 5.512 GC heap after
Heap after GC invocations=8 (full 0):
 PSYoungGen      total 125440K, used 12251K [0x00000000db300000, 0x00000000e3e00000, 0x0000000100000000)
  eden space 113152K, 0% used [0x00000000db300000,0x00000000db300000,0x00000000e2180000)
  from space 12288K, 99% used [0x00000000e2f00000,0x00000000e3af6dc8,0x00000000e3b00000)
  to   space 13824K, 0% used [0x00000000e2180000,0x00000000e2180000,0x00000000e2f00000)
 ParOldGen       total 76800K, used 28157K [0x0000000091800000, 0x0000000096300000, 0x00000000db300000)
  object space 76800K, 36% used [0x0000000091800000,0x000000009337f668,0x0000000096300000)
 Metaspace       used 20703K, capacity 21182K, committed 21248K, reserved 1069056K
  class space    used 2430K, capacity 2556K, committed 2560K, reserved 1048576K
}
Event: 5.512 GC heap before
{Heap before GC invocations=9 (full 1):
 PSYoungGen      total 125440K, used 12251K [0x00000000db300000, 0x00000000e3e00000, 0x0000000100000000)
  eden space 113152K, 0% used [0x00000000db300000,0x00000000db300000,0x00000000e2180000)
  from space 12288K, 99% used [0x00000000e2f00000,0x00000000e3af6dc8,0x00000000e3b00000)
  to   space 13824K, 0% used [0x00000000e2180000,0x00000000e2180000,0x00000000e2f00000)
 ParOldGen       total 76800K, used 28157K [0x0000000091800000, 0x0000000096300000, 0x00000000db300000)
  object space 76800K, 36% used [0x0000000091800000,0x000000009337f668,0x0000000096300000)
 Metaspace       used 20703K, capacity 21182K, committed 21248K, reserved 1069056K
  class space    used 2430K, capacity 2556K, committed 2560K, reserved 1048576K
Event: 5.630 GC heap after
Heap after GC invocations=9 (full 1):
 PSYoungGen      total 125440K, used 0K [0x00000000db300000, 0x00000000e3e00000, 0x0000000100000000)
  eden space 113152K, 0% used [0x00000000db300000,0x00000000db300000,0x00000000e2180000)
  from space 12288K, 0% used [0x00000000e2f00000,0x00000000e2f00000,0x00000000e3b00000)
  to   space 13824K, 0% used [0x00000000e2180000,0x00000000e2180000,0x00000000e2f00000)
 ParOldGen       total 81920K, used 31804K [0x0000000091800000, 0x0000000096800000, 0x00000000db300000)
  object space 81920K, 38% used [0x0000000091800000,0x000000009370f3a0,0x0000000096800000)
 Metaspace       used 20703K, capacity 21182K, committed 21248K, reserved 1069056K
  class space    used 2430K, capacity 2556K, committed 2560K, reserved 1048576K
}
Event: 8.131 GC heap before
{Heap before GC invocations=10 (full 1):
 PSYoungGen      total 125440K, used 113152K [0x00000000db300000, 0x00000000e3e00000, 0x0000000100000000)
  eden space 113152K, 100% used [0x00000000db300000,0x00000000e2180000,0x00000000e2180000)
  from space 12288K, 0% used [0x00000000e2f00000,0x00000000e2f00000,0x00000000e3b00000)
  to   space 13824K, 0% used [0x00000000e2180000,0x00000000e2180000,0x00000000e2f00000)
 ParOldGen       total 81920K, used 31804K [0x0000000091800000, 0x0000000096800000, 0x00000000db300000)
  object space 81920K, 38% used [0x0000000091800000,0x000000009370f3a0,0x0000000096800000)
 Metaspace       used 23934K, capacity 24496K, committed 24832K, reserved 1071104K
  class space    used 2773K, capacity 2956K, committed 3072K, reserved 1048576K
Event: 8.149 GC heap after
Heap after GC invocations=10 (full 1):
 PSYoungGen      total 126976K, used 13804K [0x00000000db300000, 0x00000000e7480000, 0x0000000100000000)
  eden space 113152K, 0% used [0x00000000db300000,0x00000000db300000,0x00000000e2180000)
  from space 13824K, 99% used [0x00000000e2180000,0x00000000e2efb008,0x00000000e2f00000)
  to   space 23552K, 0% used [0x00000000e5d80000,0x00000000e5d80000,0x00000000e7480000)
 ParOldGen       total 81920K, used 40014K [0x0000000091800000, 0x0000000096800000, 0x00000000db300000)
  object space 81920K, 48% used [0x0000000091800000,0x0000000093f13900,0x0000000096800000)
 Metaspace       used 23934K, capacity 24496K, committed 24832K, reserved 1071104K
  class space    used 2773K, capacity 2956K, committed 3072K, reserved 1048576K
}

