# JRE version: OpenJDK Runtime Environment (8.0_292-b10) (build 1.8.0_292-b10)
# Java VM: OpenJDK 64-Bit Server VM (25.292-b10 mixed mode windows-amd64 compressed oops)
Heap:
 PSYoungGen      total 67584K, used 66059K [0x00000000db300000, 0x00000000dff00000, 0x0000000100000000)
  eden space 57344K, 97% used [0x00000000db300000,0x00000000de982de8,0x00000000deb00000)
  from space 10240K, 100% used [0x00000000df500000,0x00000000dff00000,0x00000000dff00000)
  to   space 10240K, 0% used [0x00000000deb00000,0x00000000deb00000,0x00000000df500000)
 ParOldGen       total 76800K, used 26478K [0x0000000091800000, 0x0000000096300000, 0x00000000db300000)
  object space 76800K, 34% used [0x0000000091800000,0x00000000931db968,0x0000000096300000)
 Metaspace       used 18194K, capacity 18686K, committed 18816K, reserved 1067008K
  class space    used 2071K, capacity 2172K, committed 2176K, reserved 1048576K
GC Heap History (10 events):
Event: 2.649 GC heap before
{Heap before GC invocations=4 (full 0):
 PSYoungGen      total 33280K, used 33272K [0x00000000db300000, 0x00000000dd800000, 0x0000000100000000)
  eden space 28672K, 100% used [0x00000000db300000,0x00000000dcf00000,0x00000000dcf00000)
  from space 4608K, 99% used [0x00000000dcf00000,0x00000000dd37e030,0x00000000dd380000)
  to   space 4608K, 0% used [0x00000000dd380000,0x00000000dd380000,0x00000000dd800000)
 ParOldGen       total 76800K, used 5138K [0x0000000091800000, 0x0000000096300000, 0x00000000db300000)
  object space 76800K, 6% used [0x0000000091800000,0x0000000091d048f0,0x0000000096300000)
 Metaspace       used 15675K, capacity 15938K, committed 16128K, reserved 1062912K
  class space    used 1867K, capacity 1946K, committed 2048K, reserved 1048576K
Event: 2.656 GC heap after
Heap after GC invocations=4 (full 0):
 PSYoungGen      total 33280K, used 4600K [0x00000000db300000, 0x00000000df400000, 0x0000000100000000)
  eden space 28672K, 0% used [0x00000000db300000,0x00000000db300000,0x00000000dcf00000)
  from space 4608K, 99% used [0x00000000dd380000,0x00000000dd7fe030,0x00000000dd800000)
  to   space 4608K, 0% used [0x00000000dcf00000,0x00000000dcf00000,0x00000000dd380000)
 ParOldGen       total 76800K, used 8770K [0x0000000091800000, 0x0000000096300000, 0x00000000db300000)
  object space 76800K, 11% used [0x0000000091800000,0x0000000092090998,0x0000000096300000)
 Metaspace       used 15675K, capacity 15938K, committed 16128K, reserved 1062912K
  class space    used 1867K, capacity 1946K, committed 2048K, reserved 1048576K
}
Event: 2.913 GC heap before
{Heap before GC invocations=5 (full 0):
 PSYoungGen      total 33280K, used 33272K [0x00000000db300000, 0x00000000df400000, 0x0000000100000000)
  eden space 28672K, 100% used [0x00000000db300000,0x00000000dcf00000,0x00000000dcf00000)
  from space 4608K, 99% used [0x00000000dd380000,0x00000000dd7fe030,0x00000000dd800000)
  to   space 4608K, 0% used [0x00000000dcf00000,0x00000000dcf00000,0x00000000dd380000)
 ParOldGen       total 76800K, used 8770K [0x0000000091800000, 0x0000000096300000, 0x00000000db300000)
  object space 76800K, 11% used [0x0000000091800000,0x0000000092090998,0x0000000096300000)
 Metaspace       used 15930K, capacity 16142K, committed 16384K, reserved 1062912K
  class space    used 1880K, capacity 1948K, committed 2048K, reserved 1048576K
Event: 2.922 GC heap after
Heap after GC invocations=5 (full 0):
 PSYoungGen      total 33280K, used 4600K [0x00000000db300000, 0x00000000dff00000, 0x0000000100000000)
  eden space 28672K, 0% used [0x00000000db300000,0x00000000db300000,0x00000000dcf00000)
  from space 4608K, 99% used [0x00000000dcf00000,0x00000000dd37e030,0x00000000dd380000)
  to   space 10240K, 0% used [0x00000000df500000,0x00000000df500000,0x00000000dff00000)
 ParOldGen       total 76800K, used 12810K [0x0000000091800000, 0x0000000096300000, 0x00000000db300000)
  object space 76800K, 16% used [0x0000000091800000,0x00000000924829d8,0x0000000096300000)
 Metaspace       used 15930K, capacity 16142K, committed 16384K, reserved 1062912K
  class space    used 1880K, capacity 1948K, committed 2048K, reserved 1048576K
}
Event: 3.192 GC heap before
{Heap before GC invocations=6 (full 0):
 PSYoungGen      total 33280K, used 33272K [0x00000000db300000, 0x00000000dff00000, 0x0000000100000000)
  eden space 28672K, 100% used [0x00000000db300000,0x00000000dcf00000,0x00000000dcf00000)
  from space 4608K, 99% used [0x00000000dcf00000,0x00000000dd37e030,0x00000000dd380000)
  to   space 10240K, 0% used [0x00000000df500000,0x00000000df500000,0x00000000dff00000)
 ParOldGen       total 76800K, used 12810K [0x0000000091800000, 0x0000000096300000, 0x00000000db300000)
  object space 76800K, 16% used [0x0000000091800000,0x00000000924829d8,0x0000000096300000)
 Metaspace       used 16173K, capacity 16472K, committed 16640K, reserved 1064960K
  class space    used 1882K, capacity 1949K, committed 2048K, reserved 1048576K
Event: 3.203 GC heap after
Heap after GC invocations=6 (full 0):
 PSYoungGen      total 67584K, used 8488K [0x00000000db300000, 0x00000000dff00000, 0x0000000100000000)
  eden space 57344K, 0% used [0x00000000db300000,0x00000000db300000,0x00000000deb00000)
  from space 10240K, 82% used [0x00000000df500000,0x00000000dfd4a060,0x00000000dff00000)
  to   space 10240K, 0% used [0x00000000deb00000,0x00000000deb00000,0x00000000df500000)
 ParOldGen       total 76800K, used 12818K [0x0000000091800000, 0x0000000096300000, 0x00000000db300000)
  object space 76800K, 16% used [0x0000000091800000,0x00000000924849d8,0x0000000096300000)
 Metaspace       used 16173K, capacity 16472K, committed 16640K, reserved 1064960K
  class space    used 1882K, capacity 1949K, committed 2048K, reserved 1048576K
}
Event: 3.700 GC heap before
{Heap before GC invocations=7 (full 0):
 PSYoungGen      total 67584K, used 65832K [0x00000000db300000, 0x00000000dff00000, 0x0000000100000000)
  eden space 57344K, 100% used [0x00000000db300000,0x00000000deb00000,0x00000000deb00000)
  from space 10240K, 82% used [0x00000000df500000,0x00000000dfd4a060,0x00000000dff00000)
  to   space 10240K, 0% used [0x00000000deb00000,0x00000000deb00000,0x00000000df500000)
 ParOldGen       total 76800K, used 12818K [0x0000000091800000, 0x0000000096300000, 0x00000000db300000)
  object space 76800K, 16% used [0x0000000091800000,0x00000000924849d8,0x0000000096300000)
 Metaspace       used 16532K, capacity 16854K, committed 17152K, reserved 1064960K
  class space    used 1894K, capacity 1986K, committed 2048K, reserved 1048576K
Event: 3.716 GC heap after
Heap after GC invocations=7 (full 0):
 PSYoungGen      total 67584K, used 10224K [0x00000000db300000, 0x00000000dff00000, 0x0000000100000000)
  eden space 57344K, 0% used [0x00000000db300000,0x00000000db300000,0x00000000deb00000)
  from space 10240K, 99% used [0x00000000deb00000,0x00000000df4fc010,0x00000000df500000)
  to   space 10240K, 0% used [0x00000000df500000,0x00000000df500000,0x00000000dff00000)
 ParOldGen       total 76800K, used 17990K [0x0000000091800000, 0x0000000096300000, 0x00000000db300000)
  object space 76800K, 23% used [0x0000000091800000,0x0000000092991ba8,0x0000000096300000)
 Metaspace       used 16532K, capacity 16854K, committed 17152K, reserved 1064960K
  class space    used 1894K, capacity 1986K, committed 2048K, reserved 1048576K
}
Event: 4.254 GC heap before
{Heap before GC invocations=8 (full 0):
 PSYoungGen      total 67584K, used 67568K [0x00000000db300000, 0x00000000dff00000, 0x0000000100000000)
  eden space 57344K, 100% used [0x00000000db300000,0x00000000deb00000,0x00000000deb00000)
  from space 10240K, 99% used [0x00000000deb00000,0x00000000df4fc010,0x00000000df500000)
  to   space 10240K, 0% used [0x00000000df500000,0x00000000df500000,0x00000000dff00000)
 ParOldGen       total 76800K, used 17990K [0x0000000091800000, 0x0000000096300000, 0x00000000db300000)
  object space 76800K, 23% used [0x0000000091800000,0x0000000092991ba8,0x0000000096300000)
 Metaspace       used 16802K, capacity 17154K, committed 17408K, reserved 1064960K
  class space    used 1910K, capacity 2020K, committed 2048K, reserved 1048576K
Event: 4.267 GC heap after
Heap after GC invocations=8 (full 0):
 PSYoungGen      total 67584K, used 10240K [0x00000000db300000, 0x00000000dff00000, 0x0000000100000000)
  eden space 57344K, 0% used [0x00000000db300000,0x00000000db300000,0x00000000deb00000)
  from space 10240K, 100% used [0x00000000df500000,0x00000000dff00000,0x00000000dff00000)
  to   space 10240K, 0% used [0x00000000deb00000,0x00000000deb00000,0x00000000df500000)
 ParOldGen       total 76800K, used 26478K [0x0000000091800000, 0x0000000096300000, 0x00000000db300000)
  object space 76800K, 34% used [0x0000000091800000,0x00000000931db968,0x0000000096300000)
 Metaspace       used 16802K, capacity 17154K, committed 17408K, reserved 1064960K
  class space    used 1910K, capacity 2020K, committed 2048K, reserved 1048576K
}

