# JRE version: OpenJDK Runtime Environment (8.0_292-b10) (build 1.8.0_292-b10)
# Java VM: OpenJDK 64-Bit Server VM (25.292-b10 mixed mode windows-amd64 compressed oops)
Heap:
 PSYoungGen      total 33280K, used 26832K [0x00000000db300000, 0x00000000df600000, 0x0000000100000000)
  eden space 28672K, 77% used [0x00000000db300000,0x00000000dc8b42d0,0x00000000dcf00000)
  from space 4608K, 100% used [0x00000000dcf00000,0x00000000dd380000,0x00000000dd380000)
  to   space 11264K, 0% used [0x00000000deb00000,0x00000000deb00000,0x00000000df600000)
 ParOldGen       total 76800K, used 35391K [0x0000000091800000, 0x0000000096300000, 0x00000000db300000)
  object space 76800K, 46% used [0x0000000091800000,0x0000000093a8feb8,0x0000000096300000)
 Metaspace       used 17758K, capacity 18170K, committed 18304K, reserved 1064960K
  class space    used 2013K, capacity 2124K, committed 2176K, reserved 1048576K
GC Heap History (10 events):
Event: 5.143 GC heap before
{Heap before GC invocations=7 (full 0):
 PSYoungGen      total 33280K, used 33272K [0x00000000db300000, 0x00000000dd800000, 0x0000000100000000)
  eden space 28672K, 100% used [0x00000000db300000,0x00000000dcf00000,0x00000000dcf00000)
  from space 4608K, 99% used [0x00000000dd380000,0x00000000dd7fe010,0x00000000dd800000)
  to   space 4608K, 0% used [0x00000000dcf00000,0x00000000dcf00000,0x00000000dd380000)
 ParOldGen       total 76800K, used 14491K [0x0000000091800000, 0x0000000096300000, 0x00000000db300000)
  object space 76800K, 18% used [0x0000000091800000,0x0000000092626f48,0x0000000096300000)
 Metaspace       used 16749K, capacity 17162K, committed 17408K, reserved 1064960K
  class space    used 1932K, capacity 2048K, committed 2048K, reserved 1048576K
Event: 5.151 GC heap after
Heap after GC invocations=7 (full 0):
 PSYoungGen      total 33280K, used 4608K [0x00000000db300000, 0x00000000dd800000, 0x0000000100000000)
  eden space 28672K, 0% used [0x00000000db300000,0x00000000db300000,0x00000000dcf00000)
  from space 4608K, 100% used [0x00000000dcf00000,0x00000000dd380000,0x00000000dd380000)
  to   space 4608K, 0% used [0x00000000dd380000,0x00000000dd380000,0x00000000dd800000)
 ParOldGen       total 76800K, used 18104K [0x0000000091800000, 0x0000000096300000, 0x00000000db300000)
  object space 76800K, 23% used [0x0000000091800000,0x00000000929ae300,0x0000000096300000)
 Metaspace       used 16749K, capacity 17162K, committed 17408K, reserved 1064960K
  class space    used 1932K, capacity 2048K, committed 2048K, reserved 1048576K
}
Event: 5.641 GC heap before
{Heap before GC invocations=8 (full 0):
 PSYoungGen      total 33280K, used 33280K [0x00000000db300000, 0x00000000dd800000, 0x0000000100000000)
  eden space 28672K, 100% used [0x00000000db300000,0x00000000dcf00000,0x00000000dcf00000)
  from space 4608K, 100% used [0x00000000dcf00000,0x00000000dd380000,0x00000000dd380000)
  to   space 4608K, 0% used [0x00000000dd380000,0x00000000dd380000,0x00000000dd800000)
 ParOldGen       total 76800K, used 18104K [0x0000000091800000, 0x0000000096300000, 0x00000000db300000)
  object space 76800K, 23% used [0x0000000091800000,0x00000000929ae300,0x0000000096300000)
 Metaspace       used 16926K, capacity 17366K, committed 17792K, reserved 1064960K
  class space    used 1935K, capacity 2050K, committed 2176K, reserved 1048576K
Event: 5.648 GC heap after
Heap after GC invocations=8 (full 0):
 PSYoungGen      total 33280K, used 4592K [0x00000000db300000, 0x00000000dd800000, 0x0000000100000000)
  eden space 28672K, 0% used [0x00000000db300000,0x00000000db300000,0x00000000dcf00000)
  from space 4608K, 99% used [0x00000000dd380000,0x00000000dd7fc010,0x00000000dd800000)
  to   space 4608K, 0% used [0x00000000dcf00000,0x00000000dcf00000,0x00000000dd380000)
 ParOldGen       total 76800K, used 22662K [0x0000000091800000, 0x0000000096300000, 0x00000000db300000)
  object space 76800K, 29% used [0x0000000091800000,0x0000000092e21890,0x0000000096300000)
 Metaspace       used 16926K, capacity 17366K, committed 17792K, reserved 1064960K
  class space    used 1935K, capacity 2050K, committed 2176K, reserved 1048576K
}
Event: 6.001 GC heap before
{Heap before GC invocations=9 (full 0):
 PSYoungGen      total 33280K, used 33264K [0x00000000db300000, 0x00000000dd800000, 0x0000000100000000)
  eden space 28672K, 100% used [0x00000000db300000,0x00000000dcf00000,0x00000000dcf00000)
  from space 4608K, 99% used [0x00000000dd380000,0x00000000dd7fc010,0x00000000dd800000)
  to   space 4608K, 0% used [0x00000000dcf00000,0x00000000dcf00000,0x00000000dd380000)
 ParOldGen       total 76800K, used 22662K [0x0000000091800000, 0x0000000096300000, 0x00000000db300000)
  object space 76800K, 29% used [0x0000000091800000,0x0000000092e21890,0x0000000096300000)
 Metaspace       used 17041K, capacity 17494K, committed 17792K, reserved 1064960K
  class space    used 1935K, capacity 2050K, committed 2176K, reserved 1048576K
Event: 6.007 GC heap after
Heap after GC invocations=9 (full 0):
 PSYoungGen      total 33280K, used 4608K [0x00000000db300000, 0x00000000dd800000, 0x0000000100000000)
  eden space 28672K, 0% used [0x00000000db300000,0x00000000db300000,0x00000000dcf00000)
  from space 4608K, 100% used [0x00000000dcf00000,0x00000000dd380000,0x00000000dd380000)
  to   space 4608K, 0% used [0x00000000dd380000,0x00000000dd380000,0x00000000dd800000)
 ParOldGen       total 76800K, used 27042K [0x0000000091800000, 0x0000000096300000, 0x00000000db300000)
  object space 76800K, 35% used [0x0000000091800000,0x0000000093268bf8,0x0000000096300000)
 Metaspace       used 17041K, capacity 17494K, committed 17792K, reserved 1064960K
  class space    used 1935K, capacity 2050K, committed 2176K, reserved 1048576K
}
Event: 6.360 GC heap before
{Heap before GC invocations=10 (full 0):
 PSYoungGen      total 33280K, used 33280K [0x00000000db300000, 0x00000000dd800000, 0x0000000100000000)
  eden space 28672K, 100% used [0x00000000db300000,0x00000000dcf00000,0x00000000dcf00000)
  from space 4608K, 100% used [0x00000000dcf00000,0x00000000dd380000,0x00000000dd380000)
  to   space 4608K, 0% used [0x00000000dd380000,0x00000000dd380000,0x00000000dd800000)
 ParOldGen       total 76800K, used 27042K [0x0000000091800000, 0x0000000096300000, 0x00000000db300000)
  object space 76800K, 35% used [0x0000000091800000,0x0000000093268bf8,0x0000000096300000)
 Metaspace       used 17092K, capacity 17500K, committed 17792K, reserved 1064960K
  class space    used 1937K, capacity 2051K, committed 2176K, reserved 1048576K
Event: 6.367 GC heap after
Heap after GC invocations=10 (full 0):
 PSYoungGen      total 33280K, used 4608K [0x00000000db300000, 0x00000000dd800000, 0x0000000100000000)
  eden space 28672K, 0% used [0x00000000db300000,0x00000000db300000,0x00000000dcf00000)
  from space 4608K, 100% used [0x00000000dd380000,0x00000000dd800000,0x00000000dd800000)
  to   space 4608K, 0% used [0x00000000dcf00000,0x00000000dcf00000,0x00000000dd380000)
 ParOldGen       total 76800K, used 30762K [0x0000000091800000, 0x0000000096300000, 0x00000000db300000)
  object space 76800K, 40% used [0x0000000091800000,0x000000009360a9c8,0x0000000096300000)
 Metaspace       used 17092K, capacity 17500K, committed 17792K, reserved 1064960K
  class space    used 1937K, capacity 2051K, committed 2176K, reserved 1048576K
}
Event: 7.155 GC heap before
{Heap before GC invocations=11 (full 0):
 PSYoungGen      total 33280K, used 33280K [0x00000000db300000, 0x00000000dd800000, 0x0000000100000000)
  eden space 28672K, 100% used [0x00000000db300000,0x00000000dcf00000,0x00000000dcf00000)
  from space 4608K, 100% used [0x00000000dd380000,0x00000000dd800000,0x00000000dd800000)
  to   space 4608K, 0% used [0x00000000dcf00000,0x00000000dcf00000,0x00000000dd380000)
 ParOldGen       total 76800K, used 30762K [0x0000000091800000, 0x0000000096300000, 0x00000000db300000)
  object space 76800K, 40% used [0x0000000091800000,0x000000009360a9c8,0x0000000096300000)
 Metaspace       used 17267K, capacity 17698K, committed 18048K, reserved 1064960K
  class space    used 1950K, capacity 2052K, committed 2176K, reserved 1048576K
Event: 7.162 GC heap after
Heap after GC invocations=11 (full 0):
 PSYoungGen      total 33280K, used 4608K [0x00000000db300000, 0x00000000df600000, 0x0000000100000000)
  eden space 28672K, 0% used [0x00000000db300000,0x00000000db300000,0x00000000dcf00000)
  from space 4608K, 100% used [0x00000000dcf00000,0x00000000dd380000,0x00000000dd380000)
  to   space 11264K, 0% used [0x00000000deb00000,0x00000000deb00000,0x00000000df600000)
 ParOldGen       total 76800K, used 35391K [0x0000000091800000, 0x0000000096300000, 0x00000000db300000)
  object space 76800K, 46% used [0x0000000091800000,0x0000000093a8feb8,0x0000000096300000)
 Metaspace       used 17267K, capacity 17698K, committed 18048K, reserved 1064960K
  class space    used 1950K, capacity 2052K, committed 2176K, reserved 1048576K
}

