# JRE version: OpenJDK Runtime Environment (8.0_292-b10) (build 1.8.0_292-b10)
# Java VM: OpenJDK 64-Bit Server VM (25.292-b10 mixed mode windows-amd64 compressed oops)
Heap:
 PSYoungGen      total 126976K, used 83875K [0x00000000db300000, 0x00000000e3e00000, 0x0000000100000000)
  eden space 113152K, 61% used [0x00000000db300000,0x00000000df770d08,0x00000000e2180000)
  from space 13824K, 99% used [0x00000000e2180000,0x00000000e2ef8018,0x00000000e2f00000)
  to   space 12288K, 0% used [0x00000000e2f00000,0x00000000e2f00000,0x00000000e3b00000)
 ParOldGen       total 82944K, used 40078K [0x0000000091800000, 0x0000000096900000, 0x00000000db300000)
  object space 82944K, 48% used [0x0000000091800000,0x0000000093f23a30,0x0000000096900000)
 Metaspace       used 26013K, capacity 26774K, committed 26880K, reserved 1073152K
  class space    used 3019K, capacity 3240K, committed 3328K, reserved 1048576K
GC Heap History (10 events):
Event: 3.765 GC heap before
{Heap before GC invocations=6 (full 0):
 PSYoungGen      total 61952K, used 61928K [0x00000000db300000, 0x00000000e3b00000, 0x0000000100000000)
  eden space 57344K, 100% used [0x00000000db300000,0x00000000deb00000,0x00000000deb00000)
  from space 4608K, 99% used [0x00000000deb00000,0x00000000def7a040,0x00000000def80000)
  to   space 12288K, 0% used [0x00000000e2f00000,0x00000000e2f00000,0x00000000e3b00000)
 ParOldGen       total 76800K, used 16570K [0x0000000091800000, 0x0000000096300000, 0x00000000db300000)
  object space 76800K, 21% used [0x0000000091800000,0x000000009282eba8,0x0000000096300000)
 Metaspace       used 16550K, capacity 16854K, committed 17152K, reserved 1064960K
  class space    used 1893K, capacity 1986K, committed 2048K, reserved 1048576K
Event: 3.777 GC heap after
Heap after GC invocations=6 (full 0):
 PSYoungGen      total 125440K, used 11784K [0x00000000db300000, 0x00000000e3e00000, 0x0000000100000000)
  eden space 113152K, 0% used [0x00000000db300000,0x00000000db300000,0x00000000e2180000)
  from space 12288K, 95% used [0x00000000e2f00000,0x00000000e3a82270,0x00000000e3b00000)
  to   space 13824K, 0% used [0x00000000e2180000,0x00000000e2180000,0x00000000e2f00000)
 ParOldGen       total 76800K, used 16578K [0x0000000091800000, 0x0000000096300000, 0x00000000db300000)
  object space 76800K, 21% used [0x0000000091800000,0x0000000092830ba8,0x0000000096300000)
 Metaspace       used 16550K, capacity 16854K, committed 17152K, reserved 1064960K
  class space    used 1893K, capacity 1986K, committed 2048K, reserved 1048576K
}
Event: 5.141 GC heap before
{Heap before GC invocations=7 (full 0):
 PSYoungGen      total 125440K, used 124936K [0x00000000db300000, 0x00000000e3e00000, 0x0000000100000000)
  eden space 113152K, 100% used [0x00000000db300000,0x00000000e2180000,0x00000000e2180000)
  from space 12288K, 95% used [0x00000000e2f00000,0x00000000e3a82270,0x00000000e3b00000)
  to   space 13824K, 0% used [0x00000000e2180000,0x00000000e2180000,0x00000000e2f00000)
 ParOldGen       total 76800K, used 16578K [0x0000000091800000, 0x0000000096300000, 0x00000000db300000)
  object space 76800K, 21% used [0x0000000091800000,0x0000000092830ba8,0x0000000096300000)
 Metaspace       used 18031K, capacity 18526K, committed 18816K, reserved 1067008K
  class space    used 2039K, capacity 2140K, committed 2176K, reserved 1048576K
Event: 5.160 GC heap after
Heap after GC invocations=7 (full 0):
 PSYoungGen      total 126976K, used 13820K [0x00000000db300000, 0x00000000e3e00000, 0x0000000100000000)
  eden space 113152K, 0% used [0x00000000db300000,0x00000000db300000,0x00000000e2180000)
  from space 13824K, 99% used [0x00000000e2180000,0x00000000e2eff0e8,0x00000000e2f00000)
  to   space 12288K, 0% used [0x00000000e2f00000,0x00000000e2f00000,0x00000000e3b00000)
 ParOldGen       total 76800K, used 25979K [0x0000000091800000, 0x0000000096300000, 0x00000000db300000)
  object space 76800K, 33% used [0x0000000091800000,0x000000009315ec38,0x0000000096300000)
 Metaspace       used 18031K, capacity 18526K, committed 18816K, reserved 1067008K
  class space    used 2039K, capacity 2140K, committed 2176K, reserved 1048576K
}
Event: 5.371 GC heap before
{Heap before GC invocations=8 (full 0):
 PSYoungGen      total 126976K, used 25199K [0x00000000db300000, 0x00000000e3e00000, 0x0000000100000000)
  eden space 113152K, 10% used [0x00000000db300000,0x00000000dbe1cd20,0x00000000e2180000)
  from space 13824K, 99% used [0x00000000e2180000,0x00000000e2eff0e8,0x00000000e2f00000)
  to   space 12288K, 0% used [0x00000000e2f00000,0x00000000e2f00000,0x00000000e3b00000)
 ParOldGen       total 76800K, used 25979K [0x0000000091800000, 0x0000000096300000, 0x00000000db300000)
  object space 76800K, 33% used [0x0000000091800000,0x000000009315ec38,0x0000000096300000)
 Metaspace       used 20710K, capacity 21182K, committed 21248K, reserved 1069056K
  class space    used 2429K, capacity 2556K, committed 2560K, reserved 1048576K
Event: 5.384 GC heap after
Heap after GC invocations=8 (full 0):
 PSYoungGen      total 125440K, used 12268K [0x00000000db300000, 0x00000000e3e00000, 0x0000000100000000)
  eden space 113152K, 0% used [0x00000000db300000,0x00000000db300000,0x00000000e2180000)
  from space 12288K, 99% used [0x00000000e2f00000,0x00000000e3afb0f8,0x00000000e3b00000)
  to   space 13824K, 0% used [0x00000000e2180000,0x00000000e2180000,0x00000000e2f00000)
 ParOldGen       total 76800K, used 28355K [0x0000000091800000, 0x0000000096300000, 0x00000000db300000)
  object space 76800K, 36% used [0x0000000091800000,0x00000000933b0de8,0x0000000096300000)
 Metaspace       used 20710K, capacity 21182K, committed 21248K, reserved 1069056K
  class space    used 2429K, capacity 2556K, committed 2560K, reserved 1048576K
}
Event: 5.384 GC heap before
{Heap before GC invocations=9 (full 1):
 PSYoungGen      total 125440K, used 12268K [0x00000000db300000, 0x00000000e3e00000, 0x0000000100000000)
  eden space 113152K, 0% used [0x00000000db300000,0x00000000db300000,0x00000000e2180000)
  from space 12288K, 99% used [0x00000000e2f00000,0x00000000e3afb0f8,0x00000000e3b00000)
  to   space 13824K, 0% used [0x00000000e2180000,0x00000000e2180000,0x00000000e2f00000)
 ParOldGen       total 76800K, used 28355K [0x0000000091800000, 0x0000000096300000, 0x00000000db300000)
  object space 76800K, 36% used [0x0000000091800000,0x00000000933b0de8,0x0000000096300000)
 Metaspace       used 20710K, capacity 21182K, committed 21248K, reserved 1069056K
  class space    used 2429K, capacity 2556K, committed 2560K, reserved 1048576K
Event: 5.489 GC heap after
Heap after GC invocations=9 (full 1):
 PSYoungGen      total 125440K, used 0K [0x00000000db300000, 0x00000000e3e00000, 0x0000000100000000)
  eden space 113152K, 0% used [0x00000000db300000,0x00000000db300000,0x00000000e2180000)
  from space 12288K, 0% used [0x00000000e2f00000,0x00000000e2f00000,0x00000000e3b00000)
  to   space 13824K, 0% used [0x00000000e2180000,0x00000000e2180000,0x00000000e2f00000)
 ParOldGen       total 82944K, used 31813K [0x0000000091800000, 0x0000000096900000, 0x00000000db300000)
  object space 82944K, 38% used [0x0000000091800000,0x0000000093711458,0x0000000096900000)
 Metaspace       used 20710K, capacity 21182K, committed 21248K, reserved 1069056K
  class space    used 2429K, capacity 2556K, committed 2560K, reserved 1048576K
}
Event: 7.572 GC heap before
{Heap before GC invocations=10 (full 1):
 PSYoungGen      total 125440K, used 113152K [0x00000000db300000, 0x00000000e3e00000, 0x0000000100000000)
  eden space 113152K, 100% used [0x00000000db300000,0x00000000e2180000,0x00000000e2180000)
  from space 12288K, 0% used [0x00000000e2f00000,0x00000000e2f00000,0x00000000e3b00000)
  to   space 13824K, 0% used [0x00000000e2180000,0x00000000e2180000,0x00000000e2f00000)
 ParOldGen       total 82944K, used 31813K [0x0000000091800000, 0x0000000096900000, 0x00000000db300000)
  object space 82944K, 38% used [0x0000000091800000,0x0000000093711458,0x0000000096900000)
 Metaspace       used 23951K, capacity 24528K, committed 24704K, reserved 1071104K
  class space    used 2771K, capacity 2924K, committed 2944K, reserved 1048576K
Event: 7.588 GC heap after
Heap after GC invocations=10 (full 1):
 PSYoungGen      total 126976K, used 13792K [0x00000000db300000, 0x00000000e3e00000, 0x0000000100000000)
  eden space 113152K, 0% used [0x00000000db300000,0x00000000db300000,0x00000000e2180000)
  from space 13824K, 99% used [0x00000000e2180000,0x00000000e2ef8018,0x00000000e2f00000)
  to   space 12288K, 0% used [0x00000000e2f00000,0x00000000e2f00000,0x00000000e3b00000)
 ParOldGen       total 82944K, used 40078K [0x0000000091800000, 0x0000000096900000, 0x00000000db300000)
  object space 82944K, 48% used [0x0000000091800000,0x0000000093f23a30,0x0000000096900000)
 Metaspace       used 23951K, capacity 24528K, committed 24704K, reserved 1071104K
  class space    used 2771K, capacity 2924K, committed 2944K, reserved 1048576K
}

