# JRE version: OpenJDK Runtime Environment (8.0_292-b10) (build 1.8.0_292-b10)
# Java VM: OpenJDK 64-Bit Server VM (25.292-b10 mixed mode windows-amd64 compressed oops)
Heap:
 PSYoungGen      total 127488K, used 2151K [0x00000000db300000, 0x00000000e4600000, 0x0000000100000000)
  eden space 109056K, 1% used [0x00000000db300000,0x00000000db519f68,0x00000000e1d80000)
  from space 18432K, 0% used [0x00000000e1d80000,0x00000000e1d80000,0x00000000e2f80000)
  to   space 13824K, 0% used [0x00000000e2f80000,0x00000000e2f80000,0x00000000e3d00000)
 ParOldGen       total 76800K, used 34471K [0x0000000091800000, 0x0000000096300000, 0x00000000db300000)
  object space 76800K, 44% used [0x0000000091800000,0x00000000939a9f38,0x0000000096300000)
 Metaspace       used 20893K, capacity 21410K, committed 21632K, reserved 1069056K
  class space    used 2450K, capacity 2588K, committed 2688K, reserved 1048576K
GC Heap History (10 events):
Event: 4.959 GC heap before
{Heap before GC invocations=6 (full 0):
 PSYoungGen      total 33280K, used 33256K [0x00000000db300000, 0x00000000dfe00000, 0x0000000100000000)
  eden space 28672K, 100% used [0x00000000db300000,0x00000000dcf00000,0x00000000dcf00000)
  from space 4608K, 99% used [0x00000000dcf00000,0x00000000dd37a040,0x00000000dd380000)
  to   space 9728K, 0% used [0x00000000df480000,0x00000000df480000,0x00000000dfe00000)
 ParOldGen       total 76800K, used 11948K [0x0000000091800000, 0x0000000096300000, 0x00000000db300000)
  object space 76800K, 15% used [0x0000000091800000,0x00000000923ab0f0,0x0000000096300000)
 Metaspace       used 16246K, capacity 16568K, committed 16896K, reserved 1064960K
  class space    used 1892K, capacity 1981K, committed 2048K, reserved 1048576K
Event: 4.995 GC heap after
Heap after GC invocations=6 (full 0):
 PSYoungGen      total 66560K, used 8536K [0x00000000db300000, 0x00000000dff00000, 0x0000000100000000)
  eden space 56832K, 0% used [0x00000000db300000,0x00000000db300000,0x00000000dea80000)
  from space 9728K, 87% used [0x00000000df480000,0x00000000dfcd6050,0x00000000dfe00000)
  to   space 10240K, 0% used [0x00000000dea80000,0x00000000dea80000,0x00000000df480000)
 ParOldGen       total 76800K, used 11956K [0x0000000091800000, 0x0000000096300000, 0x00000000db300000)
  object space 76800K, 15% used [0x0000000091800000,0x00000000923ad0f0,0x0000000096300000)
 Metaspace       used 16246K, capacity 16568K, committed 16896K, reserved 1064960K
  class space    used 1892K, capacity 1981K, committed 2048K, reserved 1048576K
}
Event: 6.320 GC heap before
{Heap before GC invocations=7 (full 0):
 PSYoungGen      total 66560K, used 65368K [0x00000000db300000, 0x00000000dff00000, 0x0000000100000000)
  eden space 56832K, 100% used [0x00000000db300000,0x00000000dea80000,0x00000000dea80000)
  from space 9728K, 87% used [0x00000000df480000,0x00000000dfcd6050,0x00000000dfe00000)
  to   space 10240K, 0% used [0x00000000dea80000,0x00000000dea80000,0x00000000df480000)
 ParOldGen       total 76800K, used 11956K [0x0000000091800000, 0x0000000096300000, 0x00000000db300000)
  object space 76800K, 15% used [0x0000000091800000,0x00000000923ad0f0,0x0000000096300000)
 Metaspace       used 16592K, capacity 16950K, committed 17152K, reserved 1064960K
  class space    used 1904K, capacity 2018K, committed 2048K, reserved 1048576K
Event: 6.335 GC heap after
Heap after GC invocations=7 (full 0):
 PSYoungGen      total 67072K, used 10208K [0x00000000db300000, 0x00000000e3d00000, 0x0000000100000000)
  eden space 56832K, 0% used [0x00000000db300000,0x00000000db300000,0x00000000dea80000)
  from space 10240K, 99% used [0x00000000dea80000,0x00000000df478020,0x00000000df480000)
  to   space 13824K, 0% used [0x00000000e2f80000,0x00000000e2f80000,0x00000000e3d00000)
 ParOldGen       total 76800K, used 17089K [0x0000000091800000, 0x0000000096300000, 0x00000000db300000)
  object space 76800K, 22% used [0x0000000091800000,0x00000000928b0728,0x0000000096300000)
 Metaspace       used 16592K, capacity 16950K, committed 17152K, reserved 1064960K
  class space    used 1904K, capacity 2018K, committed 2048K, reserved 1048576K
}
Event: 7.108 GC heap before
{Heap before GC invocations=8 (full 0):
 PSYoungGen      total 67072K, used 67040K [0x00000000db300000, 0x00000000e3d00000, 0x0000000100000000)
  eden space 56832K, 100% used [0x00000000db300000,0x00000000dea80000,0x00000000dea80000)
  from space 10240K, 99% used [0x00000000dea80000,0x00000000df478020,0x00000000df480000)
  to   space 13824K, 0% used [0x00000000e2f80000,0x00000000e2f80000,0x00000000e3d00000)
 ParOldGen       total 76800K, used 17089K [0x0000000091800000, 0x0000000096300000, 0x00000000db300000)
  object space 76800K, 22% used [0x0000000091800000,0x00000000928b0728,0x0000000096300000)
 Metaspace       used 16753K, capacity 17148K, committed 17408K, reserved 1064960K
  class space    used 1907K, capacity 2019K, committed 2048K, reserved 1048576K
Event: 7.134 GC heap after
Heap after GC invocations=8 (full 0):
 PSYoungGen      total 122880K, used 13824K [0x00000000db300000, 0x00000000e4600000, 0x0000000100000000)
  eden space 109056K, 0% used [0x00000000db300000,0x00000000db300000,0x00000000e1d80000)
  from space 13824K, 100% used [0x00000000e2f80000,0x00000000e3d00000,0x00000000e3d00000)
  to   space 18432K, 0% used [0x00000000e1d80000,0x00000000e1d80000,0x00000000e2f80000)
 ParOldGen       total 76800K, used 23003K [0x0000000091800000, 0x0000000096300000, 0x00000000db300000)
  object space 76800K, 29% used [0x0000000091800000,0x0000000092e76d18,0x0000000096300000)
 Metaspace       used 16753K, capacity 17148K, committed 17408K, reserved 1064960K
  class space    used 1907K, capacity 2019K, committed 2048K, reserved 1048576K
}
Event: 10.558 GC heap before
{Heap before GC invocations=9 (full 0):
 PSYoungGen      total 122880K, used 92008K [0x00000000db300000, 0x00000000e4600000, 0x0000000100000000)
  eden space 109056K, 71% used [0x00000000db300000,0x00000000dff5a3e8,0x00000000e1d80000)
  from space 13824K, 100% used [0x00000000e2f80000,0x00000000e3d00000,0x00000000e3d00000)
  to   space 18432K, 0% used [0x00000000e1d80000,0x00000000e1d80000,0x00000000e2f80000)
 ParOldGen       total 76800K, used 23003K [0x0000000091800000, 0x0000000096300000, 0x00000000db300000)
  object space 76800K, 29% used [0x0000000091800000,0x0000000092e76d18,0x0000000096300000)
 Metaspace       used 20666K, capacity 21154K, committed 21248K, reserved 1069056K
  class space    used 2417K, capacity 2524K, committed 2560K, reserved 1048576K
Event: 10.594 GC heap after
Heap after GC invocations=9 (full 0):
 PSYoungGen      total 127488K, used 15888K [0x00000000db300000, 0x00000000e4600000, 0x0000000100000000)
  eden space 109056K, 0% used [0x00000000db300000,0x00000000db300000,0x00000000e1d80000)
  from space 18432K, 86% used [0x00000000e1d80000,0x00000000e2d04358,0x00000000e2f80000)
  to   space 13824K, 0% used [0x00000000e2f80000,0x00000000e2f80000,0x00000000e3d00000)
 ParOldGen       total 76800K, used 25550K [0x0000000091800000, 0x0000000096300000, 0x00000000db300000)
  object space 76800K, 33% used [0x0000000091800000,0x00000000930f3a78,0x0000000096300000)
 Metaspace       used 20666K, capacity 21154K, committed 21248K, reserved 1069056K
  class space    used 2417K, capacity 2524K, committed 2560K, reserved 1048576K
}
Event: 10.594 GC heap before
{Heap before GC invocations=10 (full 1):
 PSYoungGen      total 127488K, used 15888K [0x00000000db300000, 0x00000000e4600000, 0x0000000100000000)
  eden space 109056K, 0% used [0x00000000db300000,0x00000000db300000,0x00000000e1d80000)
  from space 18432K, 86% used [0x00000000e1d80000,0x00000000e2d04358,0x00000000e2f80000)
  to   space 13824K, 0% used [0x00000000e2f80000,0x00000000e2f80000,0x00000000e3d00000)
 ParOldGen       total 76800K, used 25550K [0x0000000091800000, 0x0000000096300000, 0x00000000db300000)
  object space 76800K, 33% used [0x0000000091800000,0x00000000930f3a78,0x0000000096300000)
 Metaspace       used 20666K, capacity 21154K, committed 21248K, reserved 1069056K
  class space    used 2417K, capacity 2524K, committed 2560K, reserved 1048576K
Event: 10.777 GC heap after
Heap after GC invocations=10 (full 1):
 PSYoungGen      total 127488K, used 0K [0x00000000db300000, 0x00000000e4600000, 0x0000000100000000)
  eden space 109056K, 0% used [0x00000000db300000,0x00000000db300000,0x00000000e1d80000)
  from space 18432K, 0% used [0x00000000e1d80000,0x00000000e1d80000,0x00000000e2f80000)
  to   space 13824K, 0% used [0x00000000e2f80000,0x00000000e2f80000,0x00000000e3d00000)
 ParOldGen       total 76800K, used 34471K [0x0000000091800000, 0x0000000096300000, 0x00000000db300000)
  object space 76800K, 44% used [0x0000000091800000,0x00000000939a9f38,0x0000000096300000)
 Metaspace       used 20666K, capacity 21154K, committed 21248K, reserved 1069056K
  class space    used 2417K, capacity 2524K, committed 2560K, reserved 1048576K
}

