# JRE version: OpenJDK Runtime Environment (8.0_292-b10) (build 1.8.0_292-b10)
# Java VM: OpenJDK 64-Bit Server VM (25.292-b10 mixed mode windows-amd64 compressed oops)
Heap:
 PSYoungGen      total 245248K, used 149684K [0x00000000db300000, 0x00000000eb300000, 0x0000000100000000)
  eden space 229376K, 65% used [0x00000000db300000,0x00000000e452d080,0x00000000e9300000)
  from space 15872K, 0% used [0x00000000ea380000,0x00000000ea380000,0x00000000eb300000)
  to   space 16384K, 0% used [0x00000000e9300000,0x00000000e9300000,0x00000000ea300000)
 ParOldGen       total 72704K, used 25045K [0x0000000091800000, 0x0000000095f00000, 0x00000000db300000)
  object space 72704K, 34% used [0x0000000091800000,0x00000000930755f8,0x0000000095f00000)
 Metaspace       used 26814K, capacity 27732K, committed 27904K, reserved 1073152K
  class space    used 3091K, capacity 3325K, committed 3328K, reserved 1048576K
GC Heap History (10 events):
Event: 4.229 GC heap before
{Heap before GC invocations=5 (full 0):
 PSYoungGen      total 61952K, used 61944K [0x00000000db300000, 0x00000000df400000, 0x0000000100000000)
  eden space 57344K, 100% used [0x00000000db300000,0x00000000deb00000,0x00000000deb00000)
  from space 4608K, 99% used [0x00000000def80000,0x00000000df3fe050,0x00000000df400000)
  to   space 4608K, 0% used [0x00000000deb00000,0x00000000deb00000,0x00000000def80000)
 ParOldGen       total 76800K, used 7426K [0x0000000091800000, 0x0000000096300000, 0x00000000db300000)
  object space 76800K, 9% used [0x0000000091800000,0x0000000091f409c0,0x0000000096300000)
 Metaspace       used 17089K, capacity 17502K, committed 17792K, reserved 1064960K
  class space    used 2004K, capacity 2146K, committed 2176K, reserved 1048576K
Event: 4.242 GC heap after
Heap after GC invocations=5 (full 0):
 PSYoungGen      total 61952K, used 4576K [0x00000000db300000, 0x00000000e3d00000, 0x0000000100000000)
  eden space 57344K, 0% used [0x00000000db300000,0x00000000db300000,0x00000000deb00000)
  from space 4608K, 99% used [0x00000000deb00000,0x00000000def78020,0x00000000def80000)
  to   space 13312K, 0% used [0x00000000e3000000,0x00000000e3000000,0x00000000e3d00000)
 ParOldGen       total 76800K, used 16303K [0x0000000091800000, 0x0000000096300000, 0x00000000db300000)
  object space 76800K, 21% used [0x0000000091800000,0x00000000927ebc48,0x0000000096300000)
 Metaspace       used 17089K, capacity 17502K, committed 17792K, reserved 1064960K
  class space    used 2004K, capacity 2146K, committed 2176K, reserved 1048576K
}
Event: 5.207 GC heap before
{Heap before GC invocations=6 (full 0):
 PSYoungGen      total 61952K, used 61920K [0x00000000db300000, 0x00000000e3d00000, 0x0000000100000000)
  eden space 57344K, 100% used [0x00000000db300000,0x00000000deb00000,0x00000000deb00000)
  from space 4608K, 99% used [0x00000000deb00000,0x00000000def78020,0x00000000def80000)
  to   space 13312K, 0% used [0x00000000e3000000,0x00000000e3000000,0x00000000e3d00000)
 ParOldGen       total 76800K, used 16303K [0x0000000091800000, 0x0000000096300000, 0x00000000db300000)
  object space 76800K, 21% used [0x0000000091800000,0x00000000927ebc48,0x0000000096300000)
 Metaspace       used 18221K, capacity 18764K, committed 18944K, reserved 1067008K
  class space    used 2067K, capacity 2227K, committed 2304K, reserved 1048576K
Event: 5.221 GC heap after
Heap after GC invocations=6 (full 0):
 PSYoungGen      total 125952K, used 7705K [0x00000000db300000, 0x00000000e3b00000, 0x0000000100000000)
  eden space 114688K, 0% used [0x00000000db300000,0x00000000db300000,0x00000000e2300000)
  from space 11264K, 68% used [0x00000000e3000000,0x00000000e37864c0,0x00000000e3b00000)
  to   space 12288K, 0% used [0x00000000e2300000,0x00000000e2300000,0x00000000e2f00000)
 ParOldGen       total 76800K, used 16311K [0x0000000091800000, 0x0000000096300000, 0x00000000db300000)
  object space 76800K, 21% used [0x0000000091800000,0x00000000927edc48,0x0000000096300000)
 Metaspace       used 18221K, capacity 18764K, committed 18944K, reserved 1067008K
  class space    used 2067K, capacity 2227K, committed 2304K, reserved 1048576K
}
Event: 7.060 GC heap before
{Heap before GC invocations=7 (full 0):
 PSYoungGen      total 125952K, used 122393K [0x00000000db300000, 0x00000000e3b00000, 0x0000000100000000)
  eden space 114688K, 100% used [0x00000000db300000,0x00000000e2300000,0x00000000e2300000)
  from space 11264K, 68% used [0x00000000e3000000,0x00000000e37864c0,0x00000000e3b00000)
  to   space 12288K, 0% used [0x00000000e2300000,0x00000000e2300000,0x00000000e2f00000)
 ParOldGen       total 76800K, used 16311K [0x0000000091800000, 0x0000000096300000, 0x00000000db300000)
  object space 76800K, 21% used [0x0000000091800000,0x00000000927edc48,0x0000000096300000)
 Metaspace       used 19483K, capacity 20196K, committed 20352K, reserved 1067008K
  class space    used 2219K, capacity 2414K, committed 2432K, reserved 1048576K
Event: 7.079 GC heap after
Heap after GC invocations=7 (full 0):
 PSYoungGen      total 126976K, used 12272K [0x00000000db300000, 0x00000000eb400000, 0x0000000100000000)
  eden space 114688K, 0% used [0x00000000db300000,0x00000000db300000,0x00000000e2300000)
  from space 12288K, 99% used [0x00000000e2300000,0x00000000e2efc010,0x00000000e2f00000)
  to   space 16896K, 0% used [0x00000000ea380000,0x00000000ea380000,0x00000000eb400000)
 ParOldGen       total 76800K, used 22080K [0x0000000091800000, 0x0000000096300000, 0x00000000db300000)
  object space 76800K, 28% used [0x0000000091800000,0x0000000092d90080,0x0000000096300000)
 Metaspace       used 19483K, capacity 20196K, committed 20352K, reserved 1067008K
  class space    used 2219K, capacity 2414K, committed 2432K, reserved 1048576K
}
Event: 7.273 GC heap before
{Heap before GC invocations=8 (full 0):
 PSYoungGen      total 126976K, used 19168K [0x00000000db300000, 0x00000000eb400000, 0x0000000100000000)
  eden space 114688K, 6% used [0x00000000db300000,0x00000000db9bc360,0x00000000e2300000)
  from space 12288K, 99% used [0x00000000e2300000,0x00000000e2efc010,0x00000000e2f00000)
  to   space 16896K, 0% used [0x00000000ea380000,0x00000000ea380000,0x00000000eb400000)
 ParOldGen       total 76800K, used 22080K [0x0000000091800000, 0x0000000096300000, 0x00000000db300000)
  object space 76800K, 28% used [0x0000000091800000,0x0000000092d90080,0x0000000096300000)
 Metaspace       used 20429K, capacity 21176K, committed 21248K, reserved 1069056K
  class space    used 2351K, capacity 2550K, committed 2560K, reserved 1048576K
Event: 7.286 GC heap after
Heap after GC invocations=8 (full 0):
 PSYoungGen      total 245248K, used 10516K [0x00000000db300000, 0x00000000eb300000, 0x0000000100000000)
  eden space 229376K, 0% used [0x00000000db300000,0x00000000db300000,0x00000000e9300000)
  from space 15872K, 66% used [0x00000000ea380000,0x00000000eadc52c0,0x00000000eb300000)
  to   space 16384K, 0% used [0x00000000e9300000,0x00000000e9300000,0x00000000ea300000)
 ParOldGen       total 76800K, used 23800K [0x0000000091800000, 0x0000000096300000, 0x00000000db300000)
  object space 76800K, 30% used [0x0000000091800000,0x0000000092f3e0a0,0x0000000096300000)
 Metaspace       used 20429K, capacity 21176K, committed 21248K, reserved 1069056K
  class space    used 2351K, capacity 2550K, committed 2560K, reserved 1048576K
}
Event: 7.286 GC heap before
{Heap before GC invocations=9 (full 1):
 PSYoungGen      total 245248K, used 10516K [0x00000000db300000, 0x00000000eb300000, 0x0000000100000000)
  eden space 229376K, 0% used [0x00000000db300000,0x00000000db300000,0x00000000e9300000)
  from space 15872K, 66% used [0x00000000ea380000,0x00000000eadc52c0,0x00000000eb300000)
  to   space 16384K, 0% used [0x00000000e9300000,0x00000000e9300000,0x00000000ea300000)
 ParOldGen       total 76800K, used 23800K [0x0000000091800000, 0x0000000096300000, 0x00000000db300000)
  object space 76800K, 30% used [0x0000000091800000,0x0000000092f3e0a0,0x0000000096300000)
 Metaspace       used 20429K, capacity 21176K, committed 21248K, reserved 1069056K
  class space    used 2351K, capacity 2550K, committed 2560K, reserved 1048576K
Event: 7.383 GC heap after
Heap after GC invocations=9 (full 1):
 PSYoungGen      total 245248K, used 0K [0x00000000db300000, 0x00000000eb300000, 0x0000000100000000)
  eden space 229376K, 0% used [0x00000000db300000,0x00000000db300000,0x00000000e9300000)
  from space 15872K, 0% used [0x00000000ea380000,0x00000000ea380000,0x00000000eb300000)
  to   space 16384K, 0% used [0x00000000e9300000,0x00000000e9300000,0x00000000ea300000)
 ParOldGen       total 72704K, used 25045K [0x0000000091800000, 0x0000000095f00000, 0x00000000db300000)
  object space 72704K, 34% used [0x0000000091800000,0x00000000930755f8,0x0000000095f00000)
 Metaspace       used 20429K, capacity 21176K, committed 21248K, reserved 1069056K
  class space    used 2351K, capacity 2550K, committed 2560K, reserved 1048576K
}

