# JRE version: OpenJDK Runtime Environment (8.0_292-b10) (build 1.8.0_292-b10)
# Java VM: OpenJDK 64-Bit Server VM (25.292-b10 mixed mode windows-amd64 compressed oops)
Heap:
 PSYoungGen      total 33280K, used 1763K [0x00000000db300000, 0x00000000dd800000, 0x0000000100000000)
  eden space 28672K, 6% used [0x00000000db300000,0x00000000db4b8e50,0x00000000dcf00000)
  from space 4608K, 0% used [0x00000000dd380000,0x00000000dd380000,0x00000000dd800000)
  to   space 4608K, 0% used [0x00000000dcf00000,0x00000000dcf00000,0x00000000dd380000)
 ParOldGen       total 81920K, used 33945K [0x0000000091800000, 0x0000000096800000, 0x00000000db300000)
  object space 81920K, 41% used [0x0000000091800000,0x00000000939264f8,0x0000000096800000)
 Metaspace       used 20952K, capacity 21506K, committed 21760K, reserved 1069056K
  class space    used 2438K, capacity 2556K, committed 2560K, reserved 1048576K
GC Heap History (10 events):
Event: 7.015 GC heap before
{Heap before GC invocations=11 (full 0):
 PSYoungGen      total 33280K, used 33280K [0x00000000db300000, 0x00000000dd800000, 0x0000000100000000)
  eden space 28672K, 100% used [0x00000000db300000,0x00000000dcf00000,0x00000000dcf00000)
  from space 4608K, 100% used [0x00000000dd380000,0x00000000dd800000,0x00000000dd800000)
  to   space 4608K, 0% used [0x00000000dcf00000,0x00000000dcf00000,0x00000000dd380000)
 ParOldGen       total 76800K, used 30311K [0x0000000091800000, 0x0000000096300000, 0x00000000db300000)
  object space 76800K, 39% used [0x0000000091800000,0x0000000093599d68,0x0000000096300000)
 Metaspace       used 17279K, capacity 17698K, committed 18048K, reserved 1064960K
  class space    used 1950K, capacity 2052K, committed 2176K, reserved 1048576K
Event: 7.021 GC heap after
Heap after GC invocations=11 (full 0):
 PSYoungGen      total 33280K, used 4608K [0x00000000db300000, 0x00000000dd800000, 0x0000000100000000)
  eden space 28672K, 0% used [0x00000000db300000,0x00000000db300000,0x00000000dcf00000)
  from space 4608K, 100% used [0x00000000dcf00000,0x00000000dd380000,0x00000000dd380000)
  to   space 4608K, 0% used [0x00000000dd380000,0x00000000dd380000,0x00000000dd800000)
 ParOldGen       total 76800K, used 34920K [0x0000000091800000, 0x0000000096300000, 0x00000000db300000)
  object space 76800K, 45% used [0x0000000091800000,0x0000000093a1a0b0,0x0000000096300000)
 Metaspace       used 17279K, capacity 17698K, committed 18048K, reserved 1064960K
  class space    used 1950K, capacity 2052K, committed 2176K, reserved 1048576K
}
Event: 7.682 GC heap before
{Heap before GC invocations=12 (full 0):
 PSYoungGen      total 33280K, used 33280K [0x00000000db300000, 0x00000000dd800000, 0x0000000100000000)
  eden space 28672K, 100% used [0x00000000db300000,0x00000000dcf00000,0x00000000dcf00000)
  from space 4608K, 100% used [0x00000000dcf00000,0x00000000dd380000,0x00000000dd380000)
  to   space 4608K, 0% used [0x00000000dd380000,0x00000000dd380000,0x00000000dd800000)
 ParOldGen       total 76800K, used 34920K [0x0000000091800000, 0x0000000096300000, 0x00000000db300000)
  object space 76800K, 45% used [0x0000000091800000,0x0000000093a1a0b0,0x0000000096300000)
 Metaspace       used 17968K, capacity 18426K, committed 18560K, reserved 1064960K
  class space    used 2029K, capacity 2124K, committed 2176K, reserved 1048576K
Event: 7.689 GC heap after
Heap after GC invocations=12 (full 0):
 PSYoungGen      total 33280K, used 1964K [0x00000000db300000, 0x00000000dd800000, 0x0000000100000000)
  eden space 28672K, 0% used [0x00000000db300000,0x00000000db300000,0x00000000dcf00000)
  from space 4608K, 42% used [0x00000000dd380000,0x00000000dd56b050,0x00000000dd800000)
  to   space 4608K, 0% used [0x00000000dcf00000,0x00000000dcf00000,0x00000000dd380000)
 ParOldGen       total 76800K, used 39322K [0x0000000091800000, 0x0000000096300000, 0x00000000db300000)
  object space 76800K, 51% used [0x0000000091800000,0x0000000093e66bb0,0x0000000096300000)
 Metaspace       used 17968K, capacity 18426K, committed 18560K, reserved 1064960K
  class space    used 2029K, capacity 2124K, committed 2176K, reserved 1048576K
}
Event: 8.327 GC heap before
{Heap before GC invocations=13 (full 0):
 PSYoungGen      total 33280K, used 30636K [0x00000000db300000, 0x00000000dd800000, 0x0000000100000000)
  eden space 28672K, 100% used [0x00000000db300000,0x00000000dcf00000,0x00000000dcf00000)
  from space 4608K, 42% used [0x00000000dd380000,0x00000000dd56b050,0x00000000dd800000)
  to   space 4608K, 0% used [0x00000000dcf00000,0x00000000dcf00000,0x00000000dd380000)
 ParOldGen       total 76800K, used 39322K [0x0000000091800000, 0x0000000096300000, 0x00000000db300000)
  object space 76800K, 51% used [0x0000000091800000,0x0000000093e66bb0,0x0000000096300000)
 Metaspace       used 19416K, capacity 19938K, committed 20096K, reserved 1067008K
  class space    used 2208K, capacity 2332K, committed 2432K, reserved 1048576K
Event: 8.330 GC heap after
Heap after GC invocations=13 (full 0):
 PSYoungGen      total 33280K, used 1902K [0x00000000db300000, 0x00000000dd800000, 0x0000000100000000)
  eden space 28672K, 0% used [0x00000000db300000,0x00000000db300000,0x00000000dcf00000)
  from space 4608K, 41% used [0x00000000dcf00000,0x00000000dd0dba20,0x00000000dd380000)
  to   space 4608K, 0% used [0x00000000dd380000,0x00000000dd380000,0x00000000dd800000)
 ParOldGen       total 76800K, used 40458K [0x0000000091800000, 0x0000000096300000, 0x00000000db300000)
  object space 76800K, 52% used [0x0000000091800000,0x0000000093f82bb0,0x0000000096300000)
 Metaspace       used 19416K, capacity 19938K, committed 20096K, reserved 1067008K
  class space    used 2208K, capacity 2332K, committed 2432K, reserved 1048576K
}
Event: 8.444 GC heap before
{Heap before GC invocations=14 (full 0):
 PSYoungGen      total 33280K, used 7916K [0x00000000db300000, 0x00000000dd800000, 0x0000000100000000)
  eden space 28672K, 20% used [0x00000000db300000,0x00000000db8df638,0x00000000dcf00000)
  from space 4608K, 41% used [0x00000000dcf00000,0x00000000dd0dba20,0x00000000dd380000)
  to   space 4608K, 0% used [0x00000000dd380000,0x00000000dd380000,0x00000000dd800000)
 ParOldGen       total 76800K, used 40458K [0x0000000091800000, 0x0000000096300000, 0x00000000db300000)
  object space 76800K, 52% used [0x0000000091800000,0x0000000093f82bb0,0x0000000096300000)
 Metaspace       used 20644K, capacity 21154K, committed 21248K, reserved 1069056K
  class space    used 2395K, capacity 2524K, committed 2560K, reserved 1048576K
Event: 8.447 GC heap after
Heap after GC invocations=14 (full 0):
 PSYoungGen      total 33280K, used 608K [0x00000000db300000, 0x00000000dd800000, 0x0000000100000000)
  eden space 28672K, 0% used [0x00000000db300000,0x00000000db300000,0x00000000dcf00000)
  from space 4608K, 13% used [0x00000000dd380000,0x00000000dd418020,0x00000000dd800000)
  to   space 4608K, 0% used [0x00000000dcf00000,0x00000000dcf00000,0x00000000dd380000)
 ParOldGen       total 76800K, used 41725K [0x0000000091800000, 0x0000000096300000, 0x00000000db300000)
  object space 76800K, 54% used [0x0000000091800000,0x00000000940bf7b0,0x0000000096300000)
 Metaspace       used 20644K, capacity 21154K, committed 21248K, reserved 1069056K
  class space    used 2395K, capacity 2524K, committed 2560K, reserved 1048576K
}
Event: 8.447 GC heap before
{Heap before GC invocations=15 (full 1):
 PSYoungGen      total 33280K, used 608K [0x00000000db300000, 0x00000000dd800000, 0x0000000100000000)
  eden space 28672K, 0% used [0x00000000db300000,0x00000000db300000,0x00000000dcf00000)
  from space 4608K, 13% used [0x00000000dd380000,0x00000000dd418020,0x00000000dd800000)
  to   space 4608K, 0% used [0x00000000dcf00000,0x00000000dcf00000,0x00000000dd380000)
 ParOldGen       total 76800K, used 41725K [0x0000000091800000, 0x0000000096300000, 0x00000000db300000)
  object space 76800K, 54% used [0x0000000091800000,0x00000000940bf7b0,0x0000000096300000)
 Metaspace       used 20644K, capacity 21154K, committed 21248K, reserved 1069056K
  class space    used 2395K, capacity 2524K, committed 2560K, reserved 1048576K
Event: 8.540 GC heap after
Heap after GC invocations=15 (full 1):
 PSYoungGen      total 33280K, used 0K [0x00000000db300000, 0x00000000dd800000, 0x0000000100000000)
  eden space 28672K, 0% used [0x00000000db300000,0x00000000db300000,0x00000000dcf00000)
  from space 4608K, 0% used [0x00000000dd380000,0x00000000dd380000,0x00000000dd800000)
  to   space 4608K, 0% used [0x00000000dcf00000,0x00000000dcf00000,0x00000000dd380000)
 ParOldGen       total 81920K, used 33945K [0x0000000091800000, 0x0000000096800000, 0x00000000db300000)
  object space 81920K, 41% used [0x0000000091800000,0x00000000939264f8,0x0000000096800000)
 Metaspace       used 20644K, capacity 21154K, committed 21248K, reserved 1069056K
  class space    used 2395K, capacity 2524K, committed 2560K, reserved 1048576K
}

