# JRE version: OpenJDK Runtime Environment (8.0_292-b10) (build 1.8.0_292-b10)
# Java VM: OpenJDK 64-Bit Server VM (25.292-b10 mixed mode windows-amd64 compressed oops)
Heap:
 PSYoungGen      total 33280K, used 26105K [0x00000000db300000, 0x00000000dd800000, 0x0000000100000000)
  eden space 28672K, 75% used [0x00000000db300000,0x00000000dc82e7f8,0x00000000dcf00000)
  from space 4608K, 95% used [0x00000000dcf00000,0x00000000dd350000,0x00000000dd380000)
  to   space 4608K, 0% used [0x00000000dd380000,0x00000000dd380000,0x00000000dd800000)
 ParOldGen       total 76800K, used 35096K [0x0000000091800000, 0x0000000096300000, 0x00000000db300000)
  object space 76800K, 45% used [0x0000000091800000,0x0000000093a461a8,0x0000000096300000)
 Metaspace       used 17953K, capacity 18426K, committed 18560K, reserved 1064960K
  class space    used 2030K, capacity 2124K, committed 2176K, reserved 1048576K
GC Heap History (10 events):
Event: 4.562 GC heap before
{Heap before GC invocations=7 (full 0):
 PSYoungGen      total 33280K, used 33256K [0x00000000db300000, 0x00000000dd800000, 0x0000000100000000)
  eden space 28672K, 100% used [0x00000000db300000,0x00000000dcf00000,0x00000000dcf00000)
  from space 4608K, 99% used [0x00000000dd380000,0x00000000dd7fa040,0x00000000dd800000)
  to   space 4608K, 0% used [0x00000000dcf00000,0x00000000dcf00000,0x00000000dd380000)
 ParOldGen       total 76800K, used 14979K [0x0000000091800000, 0x0000000096300000, 0x00000000db300000)
  object space 76800K, 19% used [0x0000000091800000,0x00000000926a0ed0,0x0000000096300000)
 Metaspace       used 16728K, capacity 17162K, committed 17408K, reserved 1064960K
  class space    used 1932K, capacity 2048K, committed 2048K, reserved 1048576K
Event: 4.570 GC heap after
Heap after GC invocations=7 (full 0):
 PSYoungGen      total 33280K, used 4592K [0x00000000db300000, 0x00000000dd800000, 0x0000000100000000)
  eden space 28672K, 0% used [0x00000000db300000,0x00000000db300000,0x00000000dcf00000)
  from space 4608K, 99% used [0x00000000dcf00000,0x00000000dd37c010,0x00000000dd380000)
  to   space 4608K, 0% used [0x00000000dd380000,0x00000000dd380000,0x00000000dd800000)
 ParOldGen       total 76800K, used 18518K [0x0000000091800000, 0x0000000096300000, 0x00000000db300000)
  object space 76800K, 24% used [0x0000000091800000,0x0000000092a15978,0x0000000096300000)
 Metaspace       used 16728K, capacity 17162K, committed 17408K, reserved 1064960K
  class space    used 1932K, capacity 2048K, committed 2048K, reserved 1048576K
}
Event: 5.021 GC heap before
{Heap before GC invocations=8 (full 0):
 PSYoungGen      total 33280K, used 33264K [0x00000000db300000, 0x00000000dd800000, 0x0000000100000000)
  eden space 28672K, 100% used [0x00000000db300000,0x00000000dcf00000,0x00000000dcf00000)
  from space 4608K, 99% used [0x00000000dcf00000,0x00000000dd37c010,0x00000000dd380000)
  to   space 4608K, 0% used [0x00000000dd380000,0x00000000dd380000,0x00000000dd800000)
 ParOldGen       total 76800K, used 18518K [0x0000000091800000, 0x0000000096300000, 0x00000000db300000)
  object space 76800K, 24% used [0x0000000091800000,0x0000000092a15978,0x0000000096300000)
 Metaspace       used 16927K, capacity 17366K, committed 17792K, reserved 1064960K
  class space    used 1935K, capacity 2050K, committed 2176K, reserved 1048576K
Event: 5.029 GC heap after
Heap after GC invocations=8 (full 0):
 PSYoungGen      total 33280K, used 4592K [0x00000000db300000, 0x00000000dd800000, 0x0000000100000000)
  eden space 28672K, 0% used [0x00000000db300000,0x00000000db300000,0x00000000dcf00000)
  from space 4608K, 99% used [0x00000000dd380000,0x00000000dd7fc030,0x00000000dd800000)
  to   space 4608K, 0% used [0x00000000dcf00000,0x00000000dcf00000,0x00000000dd380000)
 ParOldGen       total 76800K, used 22258K [0x0000000091800000, 0x0000000096300000, 0x00000000db300000)
  object space 76800K, 28% used [0x0000000091800000,0x0000000092dbc878,0x0000000096300000)
 Metaspace       used 16927K, capacity 17366K, committed 17792K, reserved 1064960K
  class space    used 1935K, capacity 2050K, committed 2176K, reserved 1048576K
}
Event: 5.453 GC heap before
{Heap before GC invocations=9 (full 0):
 PSYoungGen      total 33280K, used 33264K [0x00000000db300000, 0x00000000dd800000, 0x0000000100000000)
  eden space 28672K, 100% used [0x00000000db300000,0x00000000dcf00000,0x00000000dcf00000)
  from space 4608K, 99% used [0x00000000dd380000,0x00000000dd7fc030,0x00000000dd800000)
  to   space 4608K, 0% used [0x00000000dcf00000,0x00000000dcf00000,0x00000000dd380000)
 ParOldGen       total 76800K, used 22258K [0x0000000091800000, 0x0000000096300000, 0x00000000db300000)
  object space 76800K, 28% used [0x0000000091800000,0x0000000092dbc878,0x0000000096300000)
 Metaspace       used 17050K, capacity 17494K, committed 17792K, reserved 1064960K
  class space    used 1936K, capacity 2050K, committed 2176K, reserved 1048576K
Event: 5.459 GC heap after
Heap after GC invocations=9 (full 0):
 PSYoungGen      total 33280K, used 4608K [0x00000000db300000, 0x00000000dd800000, 0x0000000100000000)
  eden space 28672K, 0% used [0x00000000db300000,0x00000000db300000,0x00000000dcf00000)
  from space 4608K, 100% used [0x00000000dcf00000,0x00000000dd380000,0x00000000dd380000)
  to   space 4608K, 0% used [0x00000000dd380000,0x00000000dd380000,0x00000000dd800000)
 ParOldGen       total 76800K, used 26600K [0x0000000091800000, 0x0000000096300000, 0x00000000db300000)
  object space 76800K, 34% used [0x0000000091800000,0x00000000931fa290,0x0000000096300000)
 Metaspace       used 17050K, capacity 17494K, committed 17792K, reserved 1064960K
  class space    used 1936K, capacity 2050K, committed 2176K, reserved 1048576K
}
Event: 5.787 GC heap before
{Heap before GC invocations=10 (full 0):
 PSYoungGen      total 33280K, used 33280K [0x00000000db300000, 0x00000000dd800000, 0x0000000100000000)
  eden space 28672K, 100% used [0x00000000db300000,0x00000000dcf00000,0x00000000dcf00000)
  from space 4608K, 100% used [0x00000000dcf00000,0x00000000dd380000,0x00000000dd380000)
  to   space 4608K, 0% used [0x00000000dd380000,0x00000000dd380000,0x00000000dd800000)
 ParOldGen       total 76800K, used 26600K [0x0000000091800000, 0x0000000096300000, 0x00000000db300000)
  object space 76800K, 34% used [0x0000000091800000,0x00000000931fa290,0x0000000096300000)
 Metaspace       used 17114K, capacity 17500K, committed 17792K, reserved 1064960K
  class space    used 1937K, capacity 2051K, committed 2176K, reserved 1048576K
Event: 5.793 GC heap after
Heap after GC invocations=10 (full 0):
 PSYoungGen      total 33280K, used 4608K [0x00000000db300000, 0x00000000dd800000, 0x0000000100000000)
  eden space 28672K, 0% used [0x00000000db300000,0x00000000db300000,0x00000000dcf00000)
  from space 4608K, 100% used [0x00000000dd380000,0x00000000dd800000,0x00000000dd800000)
  to   space 4608K, 0% used [0x00000000dcf00000,0x00000000dcf00000,0x00000000dd380000)
 ParOldGen       total 76800K, used 30677K [0x0000000091800000, 0x0000000096300000, 0x00000000db300000)
  object space 76800K, 39% used [0x0000000091800000,0x00000000935f5748,0x0000000096300000)
 Metaspace       used 17114K, capacity 17500K, committed 17792K, reserved 1064960K
  class space    used 1937K, capacity 2051K, committed 2176K, reserved 1048576K
}
Event: 6.527 GC heap before
{Heap before GC invocations=11 (full 0):
 PSYoungGen      total 33280K, used 33280K [0x00000000db300000, 0x00000000dd800000, 0x0000000100000000)
  eden space 28672K, 100% used [0x00000000db300000,0x00000000dcf00000,0x00000000dcf00000)
  from space 4608K, 100% used [0x00000000dd380000,0x00000000dd800000,0x00000000dd800000)
  to   space 4608K, 0% used [0x00000000dcf00000,0x00000000dcf00000,0x00000000dd380000)
 ParOldGen       total 76800K, used 30677K [0x0000000091800000, 0x0000000096300000, 0x00000000db300000)
  object space 76800K, 39% used [0x0000000091800000,0x00000000935f5748,0x0000000096300000)
 Metaspace       used 17315K, capacity 17762K, committed 18048K, reserved 1064960K
  class space    used 1953K, capacity 2052K, committed 2176K, reserved 1048576K
Event: 6.534 GC heap after
Heap after GC invocations=11 (full 0):
 PSYoungGen      total 33280K, used 4416K [0x00000000db300000, 0x00000000dd800000, 0x0000000100000000)
  eden space 28672K, 0% used [0x00000000db300000,0x00000000db300000,0x00000000dcf00000)
  from space 4608K, 95% used [0x00000000dcf00000,0x00000000dd350000,0x00000000dd380000)
  to   space 4608K, 0% used [0x00000000dd380000,0x00000000dd380000,0x00000000dd800000)
 ParOldGen       total 76800K, used 35096K [0x0000000091800000, 0x0000000096300000, 0x00000000db300000)
  object space 76800K, 45% used [0x0000000091800000,0x0000000093a461a8,0x0000000096300000)
 Metaspace       used 17315K, capacity 17762K, committed 18048K, reserved 1064960K
  class space    used 1953K, capacity 2052K, committed 2176K, reserved 1048576K
}

