# JRE version: OpenJDK Runtime Environment (8.0_292-b10) (build 1.8.0_292-b10)
# Java VM: OpenJDK 64-Bit Server VM (25.292-b10 mixed mode windows-amd64 compressed oops)
Heap:
 PSYoungGen      total 66048K, used 10833K [0x00000000db300000, 0x00000000e0000000, 0x0000000100000000)
  eden space 56320K, 2% used [0x00000000db300000,0x00000000db419e30,0x00000000dea00000)
  from space 9728K, 99% used [0x00000000df480000,0x00000000dfdfa6a0,0x00000000dfe00000)
  to   space 10752K, 0% used [0x00000000dea00000,0x00000000dea00000,0x00000000df480000)
 ParOldGen       total 80896K, used 40293K [0x0000000091800000, 0x0000000096700000, 0x00000000db300000)
  object space 80896K, 49% used [0x0000000091800000,0x0000000093f597d0,0x0000000096700000)
 Metaspace       used 22459K, capacity 22942K, committed 23216K, reserved 1069056K
  class space    used 2590K, capacity 2716K, committed 2736K, reserved 1048576K
GC Heap History (10 events):
Event: 4.873 GC heap before
{Heap before GC invocations=7 (full 0):
 PSYoungGen      total 66048K, used 65128K [0x00000000db300000, 0x00000000e0000000, 0x0000000100000000)
  eden space 56320K, 100% used [0x00000000db300000,0x00000000dea00000,0x00000000dea00000)
  from space 9728K, 90% used [0x00000000df480000,0x00000000dfd1a020,0x00000000dfe00000)
  to   space 10752K, 0% used [0x00000000dea00000,0x00000000dea00000,0x00000000df480000)
 ParOldGen       total 76800K, used 12110K [0x0000000091800000, 0x0000000096300000, 0x00000000db300000)
  object space 76800K, 15% used [0x0000000091800000,0x00000000923d38a0,0x0000000096300000)
 Metaspace       used 16630K, capacity 16950K, committed 17152K, reserved 1064960K
  class space    used 1908K, capacity 2018K, committed 2048K, reserved 1048576K
Event: 4.884 GC heap after
Heap after GC invocations=7 (full 0):
 PSYoungGen      total 67072K, used 10736K [0x00000000db300000, 0x00000000e0000000, 0x0000000100000000)
  eden space 56320K, 0% used [0x00000000db300000,0x00000000db300000,0x00000000dea00000)
  from space 10752K, 99% used [0x00000000dea00000,0x00000000df47c030,0x00000000df480000)
  to   space 9728K, 0% used [0x00000000df480000,0x00000000df480000,0x00000000dfe00000)
 ParOldGen       total 76800K, used 16671K [0x0000000091800000, 0x0000000096300000, 0x00000000db300000)
  object space 76800K, 21% used [0x0000000091800000,0x0000000092847cc0,0x0000000096300000)
 Metaspace       used 16630K, capacity 16950K, committed 17152K, reserved 1064960K
  class space    used 1908K, capacity 2018K, committed 2048K, reserved 1048576K
}
Event: 5.783 GC heap before
{Heap before GC invocations=8 (full 0):
 PSYoungGen      total 67072K, used 67056K [0x00000000db300000, 0x00000000e0000000, 0x0000000100000000)
  eden space 56320K, 100% used [0x00000000db300000,0x00000000dea00000,0x00000000dea00000)
  from space 10752K, 99% used [0x00000000dea00000,0x00000000df47c030,0x00000000df480000)
  to   space 9728K, 0% used [0x00000000df480000,0x00000000df480000,0x00000000dfe00000)
 ParOldGen       total 76800K, used 16671K [0x0000000091800000, 0x0000000096300000, 0x00000000db300000)
  object space 76800K, 21% used [0x0000000091800000,0x0000000092847cc0,0x0000000096300000)
 Metaspace       used 16954K, capacity 17282K, committed 17408K, reserved 1064960K
  class space    used 1925K, capacity 2020K, committed 2048K, reserved 1048576K
Event: 5.799 GC heap after
Heap after GC invocations=8 (full 0):
 PSYoungGen      total 66048K, used 9728K [0x00000000db300000, 0x00000000e0000000, 0x0000000100000000)
  eden space 56320K, 0% used [0x00000000db300000,0x00000000db300000,0x00000000dea00000)
  from space 9728K, 100% used [0x00000000df480000,0x00000000dfe00000,0x00000000dfe00000)
  to   space 10752K, 0% used [0x00000000dea00000,0x00000000dea00000,0x00000000df480000)
 ParOldGen       total 76800K, used 25224K [0x0000000091800000, 0x0000000096300000, 0x00000000db300000)
  object space 76800K, 32% used [0x0000000091800000,0x00000000930a2370,0x0000000096300000)
 Metaspace       used 16954K, capacity 17282K, committed 17408K, reserved 1064960K
  class space    used 1925K, capacity 2020K, committed 2048K, reserved 1048576K
}
Event: 6.690 GC heap before
{Heap before GC invocations=9 (full 0):
 PSYoungGen      total 66048K, used 60377K [0x00000000db300000, 0x00000000e0000000, 0x0000000100000000)
  eden space 56320K, 89% used [0x00000000db300000,0x00000000de476678,0x00000000dea00000)
  from space 9728K, 100% used [0x00000000df480000,0x00000000dfe00000,0x00000000dfe00000)
  to   space 10752K, 0% used [0x00000000dea00000,0x00000000dea00000,0x00000000df480000)
 ParOldGen       total 76800K, used 25224K [0x0000000091800000, 0x0000000096300000, 0x00000000db300000)
  object space 76800K, 32% used [0x0000000091800000,0x00000000930a2370,0x0000000096300000)
 Metaspace       used 20754K, capacity 21214K, committed 21296K, reserved 1069056K
  class space    used 2441K, capacity 2588K, committed 2608K, reserved 1048576K
Event: 6.703 GC heap after
Heap after GC invocations=9 (full 0):
 PSYoungGen      total 67072K, used 10325K [0x00000000db300000, 0x00000000e0000000, 0x0000000100000000)
  eden space 56320K, 0% used [0x00000000db300000,0x00000000db300000,0x00000000dea00000)
  from space 10752K, 96% used [0x00000000dea00000,0x00000000df415680,0x00000000df480000)
  to   space 9728K, 0% used [0x00000000df480000,0x00000000df480000,0x00000000dfe00000)
 ParOldGen       total 76800K, used 28082K [0x0000000091800000, 0x0000000096300000, 0x00000000db300000)
  object space 76800K, 36% used [0x0000000091800000,0x000000009336cad0,0x0000000096300000)
 Metaspace       used 20754K, capacity 21214K, committed 21296K, reserved 1069056K
  class space    used 2441K, capacity 2588K, committed 2608K, reserved 1048576K
}
Event: 6.703 GC heap before
{Heap before GC invocations=10 (full 1):
 PSYoungGen      total 67072K, used 10325K [0x00000000db300000, 0x00000000e0000000, 0x0000000100000000)
  eden space 56320K, 0% used [0x00000000db300000,0x00000000db300000,0x00000000dea00000)
  from space 10752K, 96% used [0x00000000dea00000,0x00000000df415680,0x00000000df480000)
  to   space 9728K, 0% used [0x00000000df480000,0x00000000df480000,0x00000000dfe00000)
 ParOldGen       total 76800K, used 28082K [0x0000000091800000, 0x0000000096300000, 0x00000000db300000)
  object space 76800K, 36% used [0x0000000091800000,0x000000009336cad0,0x0000000096300000)
 Metaspace       used 20754K, capacity 21214K, committed 21296K, reserved 1069056K
  class space    used 2441K, capacity 2588K, committed 2608K, reserved 1048576K
Event: 6.786 GC heap after
Heap after GC invocations=10 (full 1):
 PSYoungGen      total 67072K, used 0K [0x00000000db300000, 0x00000000e0000000, 0x0000000100000000)
  eden space 56320K, 0% used [0x00000000db300000,0x00000000db300000,0x00000000dea00000)
  from space 10752K, 0% used [0x00000000dea00000,0x00000000dea00000,0x00000000df480000)
  to   space 9728K, 0% used [0x00000000df480000,0x00000000df480000,0x00000000dfe00000)
 ParOldGen       total 80896K, used 30980K [0x0000000091800000, 0x0000000096700000, 0x00000000db300000)
  object space 80896K, 38% used [0x0000000091800000,0x00000000936412a0,0x0000000096700000)
 Metaspace       used 20754K, capacity 21214K, committed 21296K, reserved 1069056K
  class space    used 2441K, capacity 2588K, committed 2608K, reserved 1048576K
}
Event: 7.868 GC heap before
{Heap before GC invocations=11 (full 1):
 PSYoungGen      total 67072K, used 56320K [0x00000000db300000, 0x00000000e0000000, 0x0000000100000000)
  eden space 56320K, 100% used [0x00000000db300000,0x00000000dea00000,0x00000000dea00000)
  from space 10752K, 0% used [0x00000000dea00000,0x00000000dea00000,0x00000000df480000)
  to   space 9728K, 0% used [0x00000000df480000,0x00000000df480000,0x00000000dfe00000)
 ParOldGen       total 80896K, used 30980K [0x0000000091800000, 0x0000000096700000, 0x00000000db300000)
  object space 80896K, 38% used [0x0000000091800000,0x00000000936412a0,0x0000000096700000)
 Metaspace       used 22441K, capacity 22942K, committed 23216K, reserved 1069056K
  class space    used 2590K, capacity 2716K, committed 2736K, reserved 1048576K
Event: 7.884 GC heap after
Heap after GC invocations=11 (full 1):
 PSYoungGen      total 66048K, used 9705K [0x00000000db300000, 0x00000000e0000000, 0x0000000100000000)
  eden space 56320K, 0% used [0x00000000db300000,0x00000000db300000,0x00000000dea00000)
  from space 9728K, 99% used [0x00000000df480000,0x00000000dfdfa6a0,0x00000000dfe00000)
  to   space 10752K, 0% used [0x00000000dea00000,0x00000000dea00000,0x00000000df480000)
 ParOldGen       total 80896K, used 40293K [0x0000000091800000, 0x0000000096700000, 0x00000000db300000)
  object space 80896K, 49% used [0x0000000091800000,0x0000000093f597d0,0x0000000096700000)
 Metaspace       used 22441K, capacity 22942K, committed 23216K, reserved 1069056K
  class space    used 2590K, capacity 2716K, committed 2736K, reserved 1048576K
}

