# JRE version: OpenJDK Runtime Environment (8.0_292-b10) (build 1.8.0_292-b10)
# Java VM: OpenJDK 64-Bit Server VM (25.292-b10 mixed mode windows-amd64 compressed oops)
Heap:
 PSYoungGen      total 67584K, used 29019K [0x00000000db300000, 0x00000000dff00000, 0x0000000100000000)
  eden space 57344K, 37% used [0x00000000db300000,0x00000000dc83d1b8,0x00000000deb00000)
  from space 10240K, 71% used [0x00000000deb00000,0x00000000df219cf0,0x00000000df500000)
  to   space 10240K, 0% used [0x00000000df500000,0x00000000df500000,0x00000000dff00000)
 ParOldGen       total 76800K, used 22708K [0x0000000091800000, 0x0000000096300000, 0x00000000db300000)
  object space 76800K, 29% used [0x0000000091800000,0x0000000092e2d218,0x0000000096300000)
 Metaspace       used 18783K, capacity 19436K, committed 19584K, reserved 1067008K
  class space    used 2160K, capacity 2310K, committed 2432K, reserved 1048576K
GC Heap History (10 events):
Event: 4.490 GC heap before
{Heap before GC invocations=5 (full 0):
 PSYoungGen      total 33280K, used 33256K [0x00000000db300000, 0x00000000dd800000, 0x0000000100000000)
  eden space 28672K, 100% used [0x00000000db300000,0x00000000dcf00000,0x00000000dcf00000)
  from space 4608K, 99% used [0x00000000dd380000,0x00000000dd7fa040,0x00000000dd800000)
  to   space 4608K, 0% used [0x00000000dcf00000,0x00000000dcf00000,0x00000000dd380000)
 ParOldGen       total 76800K, used 7886K [0x0000000091800000, 0x0000000096300000, 0x00000000db300000)
  object space 76800K, 10% used [0x0000000091800000,0x0000000091fb3a98,0x0000000096300000)
 Metaspace       used 16117K, capacity 16450K, committed 16640K, reserved 1064960K
  class space    used 1902K, capacity 2010K, committed 2048K, reserved 1048576K
Event: 4.500 GC heap after
Heap after GC invocations=5 (full 0):
 PSYoungGen      total 33280K, used 4584K [0x00000000db300000, 0x00000000dd800000, 0x0000000100000000)
  eden space 28672K, 0% used [0x00000000db300000,0x00000000db300000,0x00000000dcf00000)
  from space 4608K, 99% used [0x00000000dcf00000,0x00000000dd37a020,0x00000000dd380000)
  to   space 4608K, 0% used [0x00000000dd380000,0x00000000dd380000,0x00000000dd800000)
 ParOldGen       total 76800K, used 12515K [0x0000000091800000, 0x0000000096300000, 0x00000000db300000)
  object space 76800K, 16% used [0x0000000091800000,0x0000000092438ea8,0x0000000096300000)
 Metaspace       used 16117K, capacity 16450K, committed 16640K, reserved 1064960K
  class space    used 1902K, capacity 2010K, committed 2048K, reserved 1048576K
}
Event: 4.971 GC heap before
{Heap before GC invocations=6 (full 0):
 PSYoungGen      total 33280K, used 33256K [0x00000000db300000, 0x00000000dd800000, 0x0000000100000000)
  eden space 28672K, 100% used [0x00000000db300000,0x00000000dcf00000,0x00000000dcf00000)
  from space 4608K, 99% used [0x00000000dcf00000,0x00000000dd37a020,0x00000000dd380000)
  to   space 4608K, 0% used [0x00000000dd380000,0x00000000dd380000,0x00000000dd800000)
 ParOldGen       total 76800K, used 12515K [0x0000000091800000, 0x0000000096300000, 0x00000000db300000)
  object space 76800K, 16% used [0x0000000091800000,0x0000000092438ea8,0x0000000096300000)
 Metaspace       used 16331K, capacity 16596K, committed 16896K, reserved 1064960K
  class space    used 1904K, capacity 2013K, committed 2048K, reserved 1048576K
Event: 4.979 GC heap after
Heap after GC invocations=6 (full 0):
 PSYoungGen      total 33280K, used 4584K [0x00000000db300000, 0x00000000dd800000, 0x0000000100000000)
  eden space 28672K, 0% used [0x00000000db300000,0x00000000db300000,0x00000000dcf00000)
  from space 4608K, 99% used [0x00000000dd380000,0x00000000dd7fa020,0x00000000dd800000)
  to   space 4608K, 0% used [0x00000000dcf00000,0x00000000dcf00000,0x00000000dd380000)
 ParOldGen       total 76800K, used 16415K [0x0000000091800000, 0x0000000096300000, 0x00000000db300000)
  object space 76800K, 21% used [0x0000000091800000,0x0000000092807c08,0x0000000096300000)
 Metaspace       used 16331K, capacity 16596K, committed 16896K, reserved 1064960K
  class space    used 1904K, capacity 2013K, committed 2048K, reserved 1048576K
}
Event: 5.581 GC heap before
{Heap before GC invocations=7 (full 0):
 PSYoungGen      total 33280K, used 33256K [0x00000000db300000, 0x00000000dd800000, 0x0000000100000000)
  eden space 28672K, 100% used [0x00000000db300000,0x00000000dcf00000,0x00000000dcf00000)
  from space 4608K, 99% used [0x00000000dd380000,0x00000000dd7fa020,0x00000000dd800000)
  to   space 4608K, 0% used [0x00000000dcf00000,0x00000000dcf00000,0x00000000dd380000)
 ParOldGen       total 76800K, used 16415K [0x0000000091800000, 0x0000000096300000, 0x00000000db300000)
  object space 76800K, 21% used [0x0000000091800000,0x0000000092807c08,0x0000000096300000)
 Metaspace       used 16510K, capacity 16874K, committed 17152K, reserved 1064960K
  class space    used 1908K, capacity 2016K, committed 2048K, reserved 1048576K
Event: 5.591 GC heap after
Heap after GC invocations=7 (full 0):
 PSYoungGen      total 33280K, used 4608K [0x00000000db300000, 0x00000000dff00000, 0x0000000100000000)
  eden space 28672K, 0% used [0x00000000db300000,0x00000000db300000,0x00000000dcf00000)
  from space 4608K, 100% used [0x00000000dcf00000,0x00000000dd380000,0x00000000dd380000)
  to   space 10240K, 0% used [0x00000000df500000,0x00000000df500000,0x00000000dff00000)
 ParOldGen       total 76800K, used 19280K [0x0000000091800000, 0x0000000096300000, 0x00000000db300000)
  object space 76800K, 25% used [0x0000000091800000,0x0000000092ad4328,0x0000000096300000)
 Metaspace       used 16510K, capacity 16874K, committed 17152K, reserved 1064960K
  class space    used 1908K, capacity 2016K, committed 2048K, reserved 1048576K
}
Event: 6.271 GC heap before
{Heap before GC invocations=8 (full 0):
 PSYoungGen      total 33280K, used 33280K [0x00000000db300000, 0x00000000dff00000, 0x0000000100000000)
  eden space 28672K, 100% used [0x00000000db300000,0x00000000dcf00000,0x00000000dcf00000)
  from space 4608K, 100% used [0x00000000dcf00000,0x00000000dd380000,0x00000000dd380000)
  to   space 10240K, 0% used [0x00000000df500000,0x00000000df500000,0x00000000dff00000)
 ParOldGen       total 76800K, used 19280K [0x0000000091800000, 0x0000000096300000, 0x00000000db300000)
  object space 76800K, 25% used [0x0000000091800000,0x0000000092ad4328,0x0000000096300000)
 Metaspace       used 16808K, capacity 17148K, committed 17408K, reserved 1064960K
  class space    used 1923K, capacity 2019K, committed 2048K, reserved 1048576K
Event: 6.279 GC heap after
Heap after GC invocations=8 (full 0):
 PSYoungGen      total 67584K, used 5376K [0x00000000db300000, 0x00000000dff00000, 0x0000000100000000)
  eden space 57344K, 0% used [0x00000000db300000,0x00000000db300000,0x00000000deb00000)
  from space 10240K, 52% used [0x00000000df500000,0x00000000dfa40000,0x00000000dff00000)
  to   space 10240K, 0% used [0x00000000deb00000,0x00000000deb00000,0x00000000df500000)
 ParOldGen       total 76800K, used 21410K [0x0000000091800000, 0x0000000096300000, 0x00000000db300000)
  object space 76800K, 27% used [0x0000000091800000,0x0000000092ce8b68,0x0000000096300000)
 Metaspace       used 16808K, capacity 17148K, committed 17408K, reserved 1064960K
  class space    used 1923K, capacity 2019K, committed 2048K, reserved 1048576K
}
Event: 7.688 GC heap before
{Heap before GC invocations=9 (full 0):
 PSYoungGen      total 67584K, used 62720K [0x00000000db300000, 0x00000000dff00000, 0x0000000100000000)
  eden space 57344K, 100% used [0x00000000db300000,0x00000000deb00000,0x00000000deb00000)
  from space 10240K, 52% used [0x00000000df500000,0x00000000dfa40000,0x00000000dff00000)
  to   space 10240K, 0% used [0x00000000deb00000,0x00000000deb00000,0x00000000df500000)
 ParOldGen       total 76800K, used 21410K [0x0000000091800000, 0x0000000096300000, 0x00000000db300000)
  object space 76800K, 27% used [0x0000000091800000,0x0000000092ce8b68,0x0000000096300000)
 Metaspace       used 17984K, capacity 18500K, committed 18816K, reserved 1067008K
  class space    used 2031K, capacity 2131K, committed 2176K, reserved 1048576K
Event: 7.698 GC heap after
Heap after GC invocations=9 (full 0):
 PSYoungGen      total 67584K, used 7271K [0x00000000db300000, 0x00000000dff00000, 0x0000000100000000)
  eden space 57344K, 0% used [0x00000000db300000,0x00000000db300000,0x00000000deb00000)
  from space 10240K, 71% used [0x00000000deb00000,0x00000000df219cf0,0x00000000df500000)
  to   space 10240K, 0% used [0x00000000df500000,0x00000000df500000,0x00000000dff00000)
 ParOldGen       total 76800K, used 22708K [0x0000000091800000, 0x0000000096300000, 0x00000000db300000)
  object space 76800K, 29% used [0x0000000091800000,0x0000000092e2d218,0x0000000096300000)
 Metaspace       used 17984K, capacity 18500K, committed 18816K, reserved 1067008K
  class space    used 2031K, capacity 2131K, committed 2176K, reserved 1048576K
}

