# JRE version: OpenJDK Runtime Environment (8.0_292-b10) (build 1.8.0_292-b10)
# Java VM: OpenJDK 64-Bit Server VM (25.292-b10 mixed mode windows-amd64 compressed oops)
Heap:
 PSYoungGen      total 38400K, used 32007K [0x00000000db300000, 0x00000000de280000, 0x0000000100000000)
  eden space 28160K, 95% used [0x00000000db300000,0x00000000dcd41ee8,0x00000000dce80000)
  from space 10240K, 50% used [0x00000000dd880000,0x00000000ddd80000,0x00000000de280000)
  to   space 4608K, 0% used [0x00000000dcf00000,0x00000000dcf00000,0x00000000dd380000)
 ParOldGen       total 76800K, used 21281K [0x0000000091800000, 0x0000000096300000, 0x00000000db300000)
  object space 76800K, 27% used [0x0000000091800000,0x0000000092cc8718,0x0000000096300000)
 Metaspace       used 17515K, capacity 17940K, committed 18304K, reserved 1064960K
  class space    used 1998K, capacity 2091K, committed 2176K, reserved 1048576K
GC Heap History (10 events):
Event: 4.052 GC heap before
{Heap before GC invocations=4 (full 0):
 PSYoungGen      total 33280K, used 33273K [0x00000000db300000, 0x00000000dd800000, 0x0000000100000000)
  eden space 28672K, 100% used [0x00000000db300000,0x00000000dcf00000,0x00000000dcf00000)
  from space 4608K, 99% used [0x00000000dcf00000,0x00000000dd37e4f0,0x00000000dd380000)
  to   space 4608K, 0% used [0x00000000dd380000,0x00000000dd380000,0x00000000dd800000)
 ParOldGen       total 76800K, used 4159K [0x0000000091800000, 0x0000000096300000, 0x00000000db300000)
  object space 76800K, 5% used [0x0000000091800000,0x0000000091c0fd30,0x0000000096300000)
 Metaspace       used 15845K, capacity 16098K, committed 16384K, reserved 1062912K
  class space    used 1885K, capacity 1978K, committed 2048K, reserved 1048576K
Event: 4.058 GC heap after
Heap after GC invocations=4 (full 0):
 PSYoungGen      total 33280K, used 4600K [0x00000000db300000, 0x00000000dd800000, 0x0000000100000000)
  eden space 28672K, 0% used [0x00000000db300000,0x00000000db300000,0x00000000dcf00000)
  from space 4608K, 99% used [0x00000000dd380000,0x00000000dd7fe030,0x00000000dd800000)
  to   space 4608K, 0% used [0x00000000dcf00000,0x00000000dcf00000,0x00000000dd380000)
 ParOldGen       total 76800K, used 7640K [0x0000000091800000, 0x0000000096300000, 0x00000000db300000)
  object space 76800K, 9% used [0x0000000091800000,0x0000000091f762f0,0x0000000096300000)
 Metaspace       used 15845K, capacity 16098K, committed 16384K, reserved 1062912K
  class space    used 1885K, capacity 1978K, committed 2048K, reserved 1048576K
}
Event: 4.539 GC heap before
{Heap before GC invocations=5 (full 0):
 PSYoungGen      total 33280K, used 33272K [0x00000000db300000, 0x00000000dd800000, 0x0000000100000000)
  eden space 28672K, 100% used [0x00000000db300000,0x00000000dcf00000,0x00000000dcf00000)
  from space 4608K, 99% used [0x00000000dd380000,0x00000000dd7fe030,0x00000000dd800000)
  to   space 4608K, 0% used [0x00000000dcf00000,0x00000000dcf00000,0x00000000dd380000)
 ParOldGen       total 76800K, used 7640K [0x0000000091800000, 0x0000000096300000, 0x00000000db300000)
  object space 76800K, 9% used [0x0000000091800000,0x0000000091f762f0,0x0000000096300000)
 Metaspace       used 16107K, capacity 16386K, committed 16640K, reserved 1064960K
  class space    used 1897K, capacity 2010K, committed 2048K, reserved 1048576K
Event: 4.546 GC heap after
Heap after GC invocations=5 (full 0):
 PSYoungGen      total 32768K, used 4584K [0x00000000db300000, 0x00000000de280000, 0x0000000100000000)
  eden space 28160K, 0% used [0x00000000db300000,0x00000000db300000,0x00000000dce80000)
  from space 4608K, 99% used [0x00000000dcf00000,0x00000000dd37a020,0x00000000dd380000)
  to   space 10240K, 0% used [0x00000000dd880000,0x00000000dd880000,0x00000000de280000)
 ParOldGen       total 76800K, used 12314K [0x0000000091800000, 0x0000000096300000, 0x00000000db300000)
  object space 76800K, 16% used [0x0000000091800000,0x0000000092406a18,0x0000000096300000)
 Metaspace       used 16107K, capacity 16386K, committed 16640K, reserved 1064960K
  class space    used 1897K, capacity 2010K, committed 2048K, reserved 1048576K
}
Event: 4.997 GC heap before
{Heap before GC invocations=6 (full 0):
 PSYoungGen      total 32768K, used 32744K [0x00000000db300000, 0x00000000de280000, 0x0000000100000000)
  eden space 28160K, 100% used [0x00000000db300000,0x00000000dce80000,0x00000000dce80000)
  from space 4608K, 99% used [0x00000000dcf00000,0x00000000dd37a020,0x00000000dd380000)
  to   space 10240K, 0% used [0x00000000dd880000,0x00000000dd880000,0x00000000de280000)
 ParOldGen       total 76800K, used 12314K [0x0000000091800000, 0x0000000096300000, 0x00000000db300000)
  object space 76800K, 16% used [0x0000000091800000,0x0000000092406a18,0x0000000096300000)
 Metaspace       used 16313K, capacity 16596K, committed 16896K, reserved 1064960K
  class space    used 1899K, capacity 2013K, committed 2048K, reserved 1048576K
Event: 5.008 GC heap after
Heap after GC invocations=6 (full 0):
 PSYoungGen      total 38400K, used 8472K [0x00000000db300000, 0x00000000de280000, 0x0000000100000000)
  eden space 28160K, 0% used [0x00000000db300000,0x00000000db300000,0x00000000dce80000)
  from space 10240K, 82% used [0x00000000dd880000,0x00000000de0c6030,0x00000000de280000)
  to   space 4608K, 0% used [0x00000000dcf00000,0x00000000dcf00000,0x00000000dd380000)
 ParOldGen       total 76800K, used 12322K [0x0000000091800000, 0x0000000096300000, 0x00000000db300000)
  object space 76800K, 16% used [0x0000000091800000,0x0000000092408a18,0x0000000096300000)
 Metaspace       used 16313K, capacity 16596K, committed 16896K, reserved 1064960K
  class space    used 1899K, capacity 2013K, committed 2048K, reserved 1048576K
}
Event: 5.626 GC heap before
{Heap before GC invocations=7 (full 0):
 PSYoungGen      total 38400K, used 36632K [0x00000000db300000, 0x00000000de280000, 0x0000000100000000)
  eden space 28160K, 100% used [0x00000000db300000,0x00000000dce80000,0x00000000dce80000)
  from space 10240K, 82% used [0x00000000dd880000,0x00000000de0c6030,0x00000000de280000)
  to   space 4608K, 0% used [0x00000000dcf00000,0x00000000dcf00000,0x00000000dd380000)
 ParOldGen       total 76800K, used 12322K [0x0000000091800000, 0x0000000096300000, 0x00000000db300000)
  object space 76800K, 16% used [0x0000000091800000,0x0000000092408a18,0x0000000096300000)
 Metaspace       used 16469K, capacity 16874K, committed 17152K, reserved 1064960K
  class space    used 1903K, capacity 2016K, committed 2048K, reserved 1048576K
Event: 5.642 GC heap after
Heap after GC invocations=7 (full 0):
 PSYoungGen      total 32768K, used 4592K [0x00000000db300000, 0x00000000de280000, 0x0000000100000000)
  eden space 28160K, 0% used [0x00000000db300000,0x00000000db300000,0x00000000dce80000)
  from space 4608K, 99% used [0x00000000dcf00000,0x00000000dd37c010,0x00000000dd380000)
  to   space 10240K, 0% used [0x00000000dd880000,0x00000000dd880000,0x00000000de280000)
 ParOldGen       total 76800K, used 18810K [0x0000000091800000, 0x0000000096300000, 0x00000000db300000)
  object space 76800K, 24% used [0x0000000091800000,0x0000000092a5e8e0,0x0000000096300000)
 Metaspace       used 16469K, capacity 16874K, committed 17152K, reserved 1064960K
  class space    used 1903K, capacity 2016K, committed 2048K, reserved 1048576K
}
Event: 6.274 GC heap before
{Heap before GC invocations=8 (full 0):
 PSYoungGen      total 32768K, used 32752K [0x00000000db300000, 0x00000000de280000, 0x0000000100000000)
  eden space 28160K, 100% used [0x00000000db300000,0x00000000dce80000,0x00000000dce80000)
  from space 4608K, 99% used [0x00000000dcf00000,0x00000000dd37c010,0x00000000dd380000)
  to   space 10240K, 0% used [0x00000000dd880000,0x00000000dd880000,0x00000000de280000)
 ParOldGen       total 76800K, used 18810K [0x0000000091800000, 0x0000000096300000, 0x00000000db300000)
  object space 76800K, 24% used [0x0000000091800000,0x0000000092a5e8e0,0x0000000096300000)
 Metaspace       used 16783K, capacity 17148K, committed 17408K, reserved 1064960K
  class space    used 1918K, capacity 2019K, committed 2048K, reserved 1048576K
Event: 6.281 GC heap after
Heap after GC invocations=8 (full 0):
 PSYoungGen      total 38400K, used 5120K [0x00000000db300000, 0x00000000de280000, 0x0000000100000000)
  eden space 28160K, 0% used [0x00000000db300000,0x00000000db300000,0x00000000dce80000)
  from space 10240K, 50% used [0x00000000dd880000,0x00000000ddd80000,0x00000000de280000)
  to   space 4608K, 0% used [0x00000000dcf00000,0x00000000dcf00000,0x00000000dd380000)
 ParOldGen       total 76800K, used 21281K [0x0000000091800000, 0x0000000096300000, 0x00000000db300000)
  object space 76800K, 27% used [0x0000000091800000,0x0000000092cc8718,0x0000000096300000)
 Metaspace       used 16783K, capacity 17148K, committed 17408K, reserved 1064960K
  class space    used 1918K, capacity 2019K, committed 2048K, reserved 1048576K
}

