# JRE version: OpenJDK Runtime Environment (8.0_292-b10) (build 1.8.0_292-b10)
# Java VM: OpenJDK 64-Bit Server VM (25.292-b10 mixed mode windows-amd64 compressed oops)
Heap:
 PSYoungGen      total 126464K, used 89561K [0x00000000db300000, 0x00000000e3e00000, 0x0000000100000000)
  eden space 113664K, 69% used [0x00000000db300000,0x00000000e00225e8,0x00000000e2200000)
  from space 12800K, 82% used [0x00000000e2f80000,0x00000000e39d4030,0x00000000e3c00000)
  to   space 13824K, 0% used [0x00000000e2200000,0x00000000e2200000,0x00000000e2f80000)
 ParOldGen       total 76800K, used 16022K [0x0000000091800000, 0x0000000096300000, 0x00000000db300000)
  object space 76800K, 20% used [0x0000000091800000,0x00000000927a5978,0x0000000096300000)
 Metaspace       used 18790K, capacity 19432K, committed 19584K, reserved 1067008K
  class space    used 2151K, capacity 2310K, committed 2432K, reserved 1048576K
GC Heap History (10 events):
Event: 4.939 GC heap before
{Heap before GC invocations=2 (full 0):
 PSYoungGen      total 33280K, used 33264K [0x00000000db300000, 0x00000000dd800000, 0x0000000100000000)
  eden space 28672K, 100% used [0x00000000db300000,0x00000000dcf00000,0x00000000dcf00000)
  from space 4608K, 99% used [0x00000000dcf00000,0x00000000dd37c370,0x00000000dd380000)
  to   space 4608K, 0% used [0x00000000dd380000,0x00000000dd380000,0x00000000dd800000)
 ParOldGen       total 76800K, used 593K [0x0000000091800000, 0x0000000096300000, 0x00000000db300000)
  object space 76800K, 0% used [0x0000000091800000,0x00000000918944f8,0x0000000096300000)
 Metaspace       used 10861K, capacity 10986K, committed 11136K, reserved 1058816K
  class space    used 1304K, capacity 1382K, committed 1408K, reserved 1048576K
Event: 4.971 GC heap after
Heap after GC invocations=2 (full 0):
 PSYoungGen      total 33280K, used 4607K [0x00000000db300000, 0x00000000df400000, 0x0000000100000000)
  eden space 28672K, 0% used [0x00000000db300000,0x00000000db300000,0x00000000dcf00000)
  from space 4608K, 99% used [0x00000000dd380000,0x00000000dd7ffee0,0x00000000dd800000)
  to   space 4608K, 0% used [0x00000000dcf00000,0x00000000dcf00000,0x00000000dd380000)
 ParOldGen       total 76800K, used 1969K [0x0000000091800000, 0x0000000096300000, 0x00000000db300000)
  object space 76800K, 2% used [0x0000000091800000,0x00000000919ec470,0x0000000096300000)
 Metaspace       used 10861K, capacity 10986K, committed 11136K, reserved 1058816K
  class space    used 1304K, capacity 1382K, committed 1408K, reserved 1048576K
}
Event: 6.368 GC heap before
{Heap before GC invocations=3 (full 0):
 PSYoungGen      total 33280K, used 33279K [0x00000000db300000, 0x00000000df400000, 0x0000000100000000)
  eden space 28672K, 100% used [0x00000000db300000,0x00000000dcf00000,0x00000000dcf00000)
  from space 4608K, 99% used [0x00000000dd380000,0x00000000dd7ffee0,0x00000000dd800000)
  to   space 4608K, 0% used [0x00000000dcf00000,0x00000000dcf00000,0x00000000dd380000)
 ParOldGen       total 76800K, used 1969K [0x0000000091800000, 0x0000000096300000, 0x00000000db300000)
  object space 76800K, 2% used [0x0000000091800000,0x00000000919ec470,0x0000000096300000)
 Metaspace       used 14143K, capacity 14408K, committed 14720K, reserved 1062912K
  class space    used 1740K, capacity 1844K, committed 1920K, reserved 1048576K
Event: 6.410 GC heap after
Heap after GC invocations=3 (full 0):
 PSYoungGen      total 33280K, used 4587K [0x00000000db300000, 0x00000000df400000, 0x0000000100000000)
  eden space 28672K, 0% used [0x00000000db300000,0x00000000db300000,0x00000000dcf00000)
  from space 4608K, 99% used [0x00000000dcf00000,0x00000000dd37af58,0x00000000dd380000)
  to   space 4608K, 0% used [0x00000000def80000,0x00000000def80000,0x00000000df400000)
 ParOldGen       total 76800K, used 4192K [0x0000000091800000, 0x0000000096300000, 0x00000000db300000)
  object space 76800K, 5% used [0x0000000091800000,0x0000000091c182a0,0x0000000096300000)
 Metaspace       used 14143K, capacity 14408K, committed 14720K, reserved 1062912K
  class space    used 1740K, capacity 1844K, committed 1920K, reserved 1048576K
}
Event: 9.387 GC heap before
{Heap before GC invocations=4 (full 0):
 PSYoungGen      total 33280K, used 33259K [0x00000000db300000, 0x00000000df400000, 0x0000000100000000)
  eden space 28672K, 100% used [0x00000000db300000,0x00000000dcf00000,0x00000000dcf00000)
  from space 4608K, 99% used [0x00000000dcf00000,0x00000000dd37af58,0x00000000dd380000)
  to   space 4608K, 0% used [0x00000000def80000,0x00000000def80000,0x00000000df400000)
 ParOldGen       total 76800K, used 4192K [0x0000000091800000, 0x0000000096300000, 0x00000000db300000)
  object space 76800K, 5% used [0x0000000091800000,0x0000000091c182a0,0x0000000096300000)
 Metaspace       used 15877K, capacity 16162K, committed 16384K, reserved 1062912K
  class space    used 1886K, capacity 1978K, committed 2048K, reserved 1048576K
Event: 9.403 GC heap after
Heap after GC invocations=4 (full 0):
 PSYoungGen      total 61952K, used 4576K [0x00000000db300000, 0x00000000df400000, 0x0000000100000000)
  eden space 57344K, 0% used [0x00000000db300000,0x00000000db300000,0x00000000deb00000)
  from space 4608K, 99% used [0x00000000def80000,0x00000000df3f8020,0x00000000df400000)
  to   space 4608K, 0% used [0x00000000deb00000,0x00000000deb00000,0x00000000def80000)
 ParOldGen       total 76800K, used 7758K [0x0000000091800000, 0x0000000096300000, 0x00000000db300000)
  object space 76800K, 10% used [0x0000000091800000,0x0000000091f93a88,0x0000000096300000)
 Metaspace       used 15877K, capacity 16162K, committed 16384K, reserved 1062912K
  class space    used 1886K, capacity 1978K, committed 2048K, reserved 1048576K
}
Event: 11.882 GC heap before
{Heap before GC invocations=5 (full 0):
 PSYoungGen      total 61952K, used 61920K [0x00000000db300000, 0x00000000df400000, 0x0000000100000000)
  eden space 57344K, 100% used [0x00000000db300000,0x00000000deb00000,0x00000000deb00000)
  from space 4608K, 99% used [0x00000000def80000,0x00000000df3f8020,0x00000000df400000)
  to   space 4608K, 0% used [0x00000000deb00000,0x00000000deb00000,0x00000000def80000)
 ParOldGen       total 76800K, used 7758K [0x0000000091800000, 0x0000000096300000, 0x00000000db300000)
  object space 76800K, 10% used [0x0000000091800000,0x0000000091f93a88,0x0000000096300000)
 Metaspace       used 16361K, capacity 16664K, committed 16896K, reserved 1064960K
  class space    used 1900K, capacity 2013K, committed 2048K, reserved 1048576K
Event: 11.898 GC heap after
Heap after GC invocations=5 (full 0):
 PSYoungGen      total 61952K, used 4576K [0x00000000db300000, 0x00000000e3c00000, 0x0000000100000000)
  eden space 57344K, 0% used [0x00000000db300000,0x00000000db300000,0x00000000deb00000)
  from space 4608K, 99% used [0x00000000deb00000,0x00000000def78020,0x00000000def80000)
  to   space 12800K, 0% used [0x00000000e2f80000,0x00000000e2f80000,0x00000000e3c00000)
 ParOldGen       total 76800K, used 16014K [0x0000000091800000, 0x0000000096300000, 0x00000000db300000)
  object space 76800K, 20% used [0x0000000091800000,0x00000000927a3978,0x0000000096300000)
 Metaspace       used 16361K, capacity 16664K, committed 16896K, reserved 1064960K
  class space    used 1900K, capacity 2013K, committed 2048K, reserved 1048576K
}
Event: 13.861 GC heap before
{Heap before GC invocations=6 (full 0):
 PSYoungGen      total 61952K, used 61920K [0x00000000db300000, 0x00000000e3c00000, 0x0000000100000000)
  eden space 57344K, 100% used [0x00000000db300000,0x00000000deb00000,0x00000000deb00000)
  from space 4608K, 99% used [0x00000000deb00000,0x00000000def78020,0x00000000def80000)
  to   space 12800K, 0% used [0x00000000e2f80000,0x00000000e2f80000,0x00000000e3c00000)
 ParOldGen       total 76800K, used 16014K [0x0000000091800000, 0x0000000096300000, 0x00000000db300000)
  object space 76800K, 20% used [0x0000000091800000,0x00000000927a3978,0x0000000096300000)
 Metaspace       used 16841K, capacity 17212K, committed 17408K, reserved 1064960K
  class space    used 1919K, capacity 2019K, committed 2048K, reserved 1048576K
Event: 13.879 GC heap after
Heap after GC invocations=6 (full 0):
 PSYoungGen      total 126464K, used 10576K [0x00000000db300000, 0x00000000e3e00000, 0x0000000100000000)
  eden space 113664K, 0% used [0x00000000db300000,0x00000000db300000,0x00000000e2200000)
  from space 12800K, 82% used [0x00000000e2f80000,0x00000000e39d4030,0x00000000e3c00000)
  to   space 13824K, 0% used [0x00000000e2200000,0x00000000e2200000,0x00000000e2f80000)
 ParOldGen       total 76800K, used 16022K [0x0000000091800000, 0x0000000096300000, 0x00000000db300000)
  object space 76800K, 20% used [0x0000000091800000,0x00000000927a5978,0x0000000096300000)
 Metaspace       used 16841K, capacity 17212K, committed 17408K, reserved 1064960K
  class space    used 1919K, capacity 2019K, committed 2048K, reserved 1048576K
}

