# JRE version: OpenJDK Runtime Environment (8.0_292-b10) (build 1.8.0_292-b10)
# Java VM: OpenJDK 64-Bit Server VM (25.292-b10 mixed mode windows-amd64 compressed oops)
Heap:
 PSYoungGen      total 56832K, used 48672K [0x00000000db300000, 0x00000000df500000, 0x0000000100000000)
  eden space 46080K, 99% used [0x00000000db300000,0x00000000ddfde1e0,0x00000000de000000)
  from space 10752K, 25% used [0x00000000de000000,0x00000000de2a9f40,0x00000000dea80000)
  to   space 10752K, 0% used [0x00000000dea80000,0x00000000dea80000,0x00000000df500000)
 ParOldGen       total 76800K, used 37579K [0x0000000091800000, 0x0000000096300000, 0x00000000db300000)
  object space 76800K, 48% used [0x0000000091800000,0x0000000093cb2ea8,0x0000000096300000)
 Metaspace       used 19037K, capacity 19698K, committed 19840K, reserved 1067008K
  class space    used 2173K, capacity 2311K, committed 2432K, reserved 1048576K
GC Heap History (10 events):
Event: 4.617 GC heap before
{Heap before GC invocations=7 (full 0):
 PSYoungGen      total 33280K, used 33272K [0x00000000db300000, 0x00000000dd800000, 0x0000000100000000)
  eden space 28672K, 100% used [0x00000000db300000,0x00000000dcf00000,0x00000000dcf00000)
  from space 4608K, 99% used [0x00000000dd380000,0x00000000dd7fe050,0x00000000dd800000)
  to   space 4608K, 0% used [0x00000000dcf00000,0x00000000dcf00000,0x00000000dd380000)
 ParOldGen       total 76800K, used 16131K [0x0000000091800000, 0x0000000096300000, 0x00000000db300000)
  object space 76800K, 21% used [0x0000000091800000,0x00000000927c0f68,0x0000000096300000)
 Metaspace       used 16553K, capacity 16950K, committed 17152K, reserved 1064960K
  class space    used 1904K, capacity 2018K, committed 2048K, reserved 1048576K
Event: 4.626 GC heap after
Heap after GC invocations=7 (full 0):
 PSYoungGen      total 33280K, used 4592K [0x00000000db300000, 0x00000000dd800000, 0x0000000100000000)
  eden space 28672K, 0% used [0x00000000db300000,0x00000000db300000,0x00000000dcf00000)
  from space 4608K, 99% used [0x00000000dcf00000,0x00000000dd37c010,0x00000000dd380000)
  to   space 4608K, 0% used [0x00000000dd380000,0x00000000dd380000,0x00000000dd800000)
 ParOldGen       total 76800K, used 18840K [0x0000000091800000, 0x0000000096300000, 0x00000000db300000)
  object space 76800K, 24% used [0x0000000091800000,0x0000000092a66350,0x0000000096300000)
 Metaspace       used 16553K, capacity 16950K, committed 17152K, reserved 1064960K
  class space    used 1904K, capacity 2018K, committed 2048K, reserved 1048576K
}
Event: 4.996 GC heap before
{Heap before GC invocations=8 (full 0):
 PSYoungGen      total 33280K, used 33264K [0x00000000db300000, 0x00000000dd800000, 0x0000000100000000)
  eden space 28672K, 100% used [0x00000000db300000,0x00000000dcf00000,0x00000000dcf00000)
  from space 4608K, 99% used [0x00000000dcf00000,0x00000000dd37c010,0x00000000dd380000)
  to   space 4608K, 0% used [0x00000000dd380000,0x00000000dd380000,0x00000000dd800000)
 ParOldGen       total 76800K, used 18840K [0x0000000091800000, 0x0000000096300000, 0x00000000db300000)
  object space 76800K, 24% used [0x0000000091800000,0x0000000092a66350,0x0000000096300000)
 Metaspace       used 16660K, capacity 17014K, committed 17152K, reserved 1064960K
  class space    used 1907K, capacity 2018K, committed 2048K, reserved 1048576K
Event: 5.004 GC heap after
Heap after GC invocations=8 (full 0):
 PSYoungGen      total 33280K, used 4608K [0x00000000db300000, 0x00000000dd800000, 0x0000000100000000)
  eden space 28672K, 0% used [0x00000000db300000,0x00000000db300000,0x00000000dcf00000)
  from space 4608K, 100% used [0x00000000dd380000,0x00000000dd800000,0x00000000dd800000)
  to   space 4608K, 0% used [0x00000000dcf00000,0x00000000dcf00000,0x00000000dd380000)
 ParOldGen       total 76800K, used 23682K [0x0000000091800000, 0x0000000096300000, 0x00000000db300000)
  object space 76800K, 30% used [0x0000000091800000,0x0000000092f20be8,0x0000000096300000)
 Metaspace       used 16660K, capacity 17014K, committed 17152K, reserved 1064960K
  class space    used 1907K, capacity 2018K, committed 2048K, reserved 1048576K
}
Event: 5.377 GC heap before
{Heap before GC invocations=9 (full 0):
 PSYoungGen      total 33280K, used 33280K [0x00000000db300000, 0x00000000dd800000, 0x0000000100000000)
  eden space 28672K, 100% used [0x00000000db300000,0x00000000dcf00000,0x00000000dcf00000)
  from space 4608K, 100% used [0x00000000dd380000,0x00000000dd800000,0x00000000dd800000)
  to   space 4608K, 0% used [0x00000000dcf00000,0x00000000dcf00000,0x00000000dd380000)
 ParOldGen       total 76800K, used 23682K [0x0000000091800000, 0x0000000096300000, 0x00000000db300000)
  object space 76800K, 30% used [0x0000000091800000,0x0000000092f20be8,0x0000000096300000)
 Metaspace       used 16766K, capacity 17142K, committed 17408K, reserved 1064960K
  class space    used 1908K, capacity 2018K, committed 2048K, reserved 1048576K
Event: 5.383 GC heap after
Heap after GC invocations=9 (full 0):
 PSYoungGen      total 33280K, used 4608K [0x00000000db300000, 0x00000000df500000, 0x0000000100000000)
  eden space 28672K, 0% used [0x00000000db300000,0x00000000db300000,0x00000000dcf00000)
  from space 4608K, 100% used [0x00000000dcf00000,0x00000000dd380000,0x00000000dd380000)
  to   space 10752K, 0% used [0x00000000dea80000,0x00000000dea80000,0x00000000df500000)
 ParOldGen       total 76800K, used 28115K [0x0000000091800000, 0x0000000096300000, 0x00000000db300000)
  object space 76800K, 36% used [0x0000000091800000,0x0000000093374ca0,0x0000000096300000)
 Metaspace       used 16766K, capacity 17142K, committed 17408K, reserved 1064960K
  class space    used 1908K, capacity 2018K, committed 2048K, reserved 1048576K
}
Event: 5.692 GC heap before
{Heap before GC invocations=10 (full 0):
 PSYoungGen      total 33280K, used 33280K [0x00000000db300000, 0x00000000df500000, 0x0000000100000000)
  eden space 28672K, 100% used [0x00000000db300000,0x00000000dcf00000,0x00000000dcf00000)
  from space 4608K, 100% used [0x00000000dcf00000,0x00000000dd380000,0x00000000dd380000)
  to   space 10752K, 0% used [0x00000000dea80000,0x00000000dea80000,0x00000000df500000)
 ParOldGen       total 76800K, used 28115K [0x0000000091800000, 0x0000000096300000, 0x00000000db300000)
  object space 76800K, 36% used [0x0000000091800000,0x0000000093374ca0,0x0000000096300000)
 Metaspace       used 16805K, capacity 17148K, committed 17408K, reserved 1064960K
  class space    used 1908K, capacity 2019K, committed 2048K, reserved 1048576K
Event: 5.699 GC heap after
Heap after GC invocations=10 (full 0):
 PSYoungGen      total 56832K, used 7552K [0x00000000db300000, 0x00000000df500000, 0x0000000100000000)
  eden space 46080K, 0% used [0x00000000db300000,0x00000000db300000,0x00000000de000000)
  from space 10752K, 70% used [0x00000000dea80000,0x00000000df1e0000,0x00000000df500000)
  to   space 10752K, 0% used [0x00000000de000000,0x00000000de000000,0x00000000dea80000)
 ParOldGen       total 76800K, used 30249K [0x0000000091800000, 0x0000000096300000, 0x00000000db300000)
  object space 76800K, 39% used [0x0000000091800000,0x000000009358a6a0,0x0000000096300000)
 Metaspace       used 16805K, capacity 17148K, committed 17408K, reserved 1064960K
  class space    used 1908K, capacity 2019K, committed 2048K, reserved 1048576K
}
Event: 6.767 GC heap before
{Heap before GC invocations=11 (full 0):
 PSYoungGen      total 56832K, used 53632K [0x00000000db300000, 0x00000000df500000, 0x0000000100000000)
  eden space 46080K, 100% used [0x00000000db300000,0x00000000de000000,0x00000000de000000)
  from space 10752K, 70% used [0x00000000dea80000,0x00000000df1e0000,0x00000000df500000)
  to   space 10752K, 0% used [0x00000000de000000,0x00000000de000000,0x00000000dea80000)
 ParOldGen       total 76800K, used 30249K [0x0000000091800000, 0x0000000096300000, 0x00000000db300000)
  object space 76800K, 39% used [0x0000000091800000,0x000000009358a6a0,0x0000000096300000)
 Metaspace       used 17651K, capacity 18138K, committed 18304K, reserved 1064960K
  class space    used 2001K, capacity 2092K, committed 2176K, reserved 1048576K
Event: 6.775 GC heap after
Heap after GC invocations=11 (full 0):
 PSYoungGen      total 56832K, used 2727K [0x00000000db300000, 0x00000000df500000, 0x0000000100000000)
  eden space 46080K, 0% used [0x00000000db300000,0x00000000db300000,0x00000000de000000)
  from space 10752K, 25% used [0x00000000de000000,0x00000000de2a9f40,0x00000000dea80000)
  to   space 10752K, 0% used [0x00000000dea80000,0x00000000dea80000,0x00000000df500000)
 ParOldGen       total 76800K, used 37579K [0x0000000091800000, 0x0000000096300000, 0x00000000db300000)
  object space 76800K, 48% used [0x0000000091800000,0x0000000093cb2ea8,0x0000000096300000)
 Metaspace       used 17651K, capacity 18138K, committed 18304K, reserved 1064960K
  class space    used 2001K, capacity 2092K, committed 2176K, reserved 1048576K
}

