# JRE version: OpenJDK Runtime Environment (8.0_292-b10) (build 1.8.0_292-b10)
# Java VM: OpenJDK 64-Bit Server VM (25.292-b10 mixed mode windows-amd64 compressed oops)
Heap:
 PSYoungGen      total 67072K, used 64525K [0x00000000db300000, 0x00000000dff00000, 0x0000000100000000)
  eden space 56832K, 95% used [0x00000000db300000,0x00000000de8037e0,0x00000000dea80000)
  from space 10240K, 100% used [0x00000000dea80000,0x00000000df480000,0x00000000df480000)
  to   space 9728K, 0% used [0x00000000df480000,0x00000000df480000,0x00000000dfe00000)
 ParOldGen       total 76800K, used 30548K [0x0000000091800000, 0x0000000096300000, 0x00000000db300000)
  object space 76800K, 39% used [0x0000000091800000,0x00000000935d5200,0x0000000096300000)
 Metaspace       used 19057K, capacity 19704K, committed 19840K, reserved 1067008K
  class space    used 2173K, capacity 2312K, committed 2432K, reserved 1048576K
GC Heap History (10 events):
Event: 3.347 GC heap before
{Heap before GC invocations=5 (full 0):
 PSYoungGen      total 33280K, used 33259K [0x00000000db300000, 0x00000000dd800000, 0x0000000100000000)
  eden space 28672K, 100% used [0x00000000db300000,0x00000000dcf00000,0x00000000dcf00000)
  from space 4608K, 99% used [0x00000000dd380000,0x00000000dd7fac88,0x00000000dd800000)
  to   space 4608K, 0% used [0x00000000dcf00000,0x00000000dcf00000,0x00000000dd380000)
 ParOldGen       total 76800K, used 8483K [0x0000000091800000, 0x0000000096300000, 0x00000000db300000)
  object space 76800K, 11% used [0x0000000091800000,0x0000000092048d58,0x0000000096300000)
 Metaspace       used 16090K, capacity 16386K, committed 16640K, reserved 1064960K
  class space    used 1898K, capacity 2010K, committed 2048K, reserved 1048576K
Event: 3.355 GC heap after
Heap after GC invocations=5 (full 0):
 PSYoungGen      total 33280K, used 4600K [0x00000000db300000, 0x00000000dfe00000, 0x0000000100000000)
  eden space 28672K, 0% used [0x00000000db300000,0x00000000db300000,0x00000000dcf00000)
  from space 4608K, 99% used [0x00000000dcf00000,0x00000000dd37e030,0x00000000dd380000)
  to   space 9728K, 0% used [0x00000000df480000,0x00000000df480000,0x00000000dfe00000)
 ParOldGen       total 76800K, used 12394K [0x0000000091800000, 0x0000000096300000, 0x00000000db300000)
  object space 76800K, 16% used [0x0000000091800000,0x000000009241aad8,0x0000000096300000)
 Metaspace       used 16090K, capacity 16386K, committed 16640K, reserved 1064960K
  class space    used 1898K, capacity 2010K, committed 2048K, reserved 1048576K
}
Event: 3.732 GC heap before
{Heap before GC invocations=6 (full 0):
 PSYoungGen      total 33280K, used 33272K [0x00000000db300000, 0x00000000dfe00000, 0x0000000100000000)
  eden space 28672K, 100% used [0x00000000db300000,0x00000000dcf00000,0x00000000dcf00000)
  from space 4608K, 99% used [0x00000000dcf00000,0x00000000dd37e030,0x00000000dd380000)
  to   space 9728K, 0% used [0x00000000df480000,0x00000000df480000,0x00000000dfe00000)
 ParOldGen       total 76800K, used 12394K [0x0000000091800000, 0x0000000096300000, 0x00000000db300000)
  object space 76800K, 16% used [0x0000000091800000,0x000000009241aad8,0x0000000096300000)
 Metaspace       used 16361K, capacity 16660K, committed 16896K, reserved 1064960K
  class space    used 1902K, capacity 2013K, committed 2048K, reserved 1048576K
Event: 3.740 GC heap after
Heap after GC invocations=6 (full 0):
 PSYoungGen      total 66560K, used 8840K [0x00000000db300000, 0x00000000dff00000, 0x0000000100000000)
  eden space 56832K, 0% used [0x00000000db300000,0x00000000db300000,0x00000000dea80000)
  from space 9728K, 90% used [0x00000000df480000,0x00000000dfd22060,0x00000000dfe00000)
  to   space 10240K, 0% used [0x00000000dea80000,0x00000000dea80000,0x00000000df480000)
 ParOldGen       total 76800K, used 12402K [0x0000000091800000, 0x0000000096300000, 0x00000000db300000)
  object space 76800K, 16% used [0x0000000091800000,0x000000009241cad8,0x0000000096300000)
 Metaspace       used 16361K, capacity 16660K, committed 16896K, reserved 1064960K
  class space    used 1902K, capacity 2013K, committed 2048K, reserved 1048576K
}
Event: 4.445 GC heap before
{Heap before GC invocations=7 (full 0):
 PSYoungGen      total 66560K, used 65672K [0x00000000db300000, 0x00000000dff00000, 0x0000000100000000)
  eden space 56832K, 100% used [0x00000000db300000,0x00000000dea80000,0x00000000dea80000)
  from space 9728K, 90% used [0x00000000df480000,0x00000000dfd22060,0x00000000dfe00000)
  to   space 10240K, 0% used [0x00000000dea80000,0x00000000dea80000,0x00000000df480000)
 ParOldGen       total 76800K, used 12402K [0x0000000091800000, 0x0000000096300000, 0x00000000db300000)
  object space 76800K, 16% used [0x0000000091800000,0x000000009241cad8,0x0000000096300000)
 Metaspace       used 16647K, capacity 17014K, committed 17152K, reserved 1064960K
  class space    used 1908K, capacity 2018K, committed 2048K, reserved 1048576K
Event: 4.457 GC heap after
Heap after GC invocations=7 (full 0):
 PSYoungGen      total 67072K, used 10208K [0x00000000db300000, 0x00000000dff00000, 0x0000000100000000)
  eden space 56832K, 0% used [0x00000000db300000,0x00000000db300000,0x00000000dea80000)
  from space 10240K, 99% used [0x00000000dea80000,0x00000000df478020,0x00000000df480000)
  to   space 9728K, 0% used [0x00000000df480000,0x00000000df480000,0x00000000dfe00000)
 ParOldGen       total 76800K, used 18145K [0x0000000091800000, 0x0000000096300000, 0x00000000db300000)
  object space 76800K, 23% used [0x0000000091800000,0x00000000929b85e8,0x0000000096300000)
 Metaspace       used 16647K, capacity 17014K, committed 17152K, reserved 1064960K
  class space    used 1908K, capacity 2018K, committed 2048K, reserved 1048576K
}
Event: 4.996 GC heap before
{Heap before GC invocations=8 (full 0):
 PSYoungGen      total 67072K, used 67040K [0x00000000db300000, 0x00000000dff00000, 0x0000000100000000)
  eden space 56832K, 100% used [0x00000000db300000,0x00000000dea80000,0x00000000dea80000)
  from space 10240K, 99% used [0x00000000dea80000,0x00000000df478020,0x00000000df480000)
  to   space 9728K, 0% used [0x00000000df480000,0x00000000df480000,0x00000000dfe00000)
 ParOldGen       total 76800K, used 18145K [0x0000000091800000, 0x0000000096300000, 0x00000000db300000)
  object space 76800K, 23% used [0x0000000091800000,0x00000000929b85e8,0x0000000096300000)
 Metaspace       used 16808K, capacity 17148K, committed 17408K, reserved 1064960K
  class space    used 1909K, capacity 2019K, committed 2048K, reserved 1048576K
Event: 5.011 GC heap after
Heap after GC invocations=8 (full 0):
 PSYoungGen      total 66560K, used 9728K [0x00000000db300000, 0x00000000dff00000, 0x0000000100000000)
  eden space 56832K, 0% used [0x00000000db300000,0x00000000db300000,0x00000000dea80000)
  from space 9728K, 100% used [0x00000000df480000,0x00000000dfe00000,0x00000000dfe00000)
  to   space 10240K, 0% used [0x00000000dea80000,0x00000000dea80000,0x00000000df480000)
 ParOldGen       total 76800K, used 27675K [0x0000000091800000, 0x0000000096300000, 0x00000000db300000)
  object space 76800K, 36% used [0x0000000091800000,0x0000000093306ca0,0x0000000096300000)
 Metaspace       used 16808K, capacity 17148K, committed 17408K, reserved 1064960K
  class space    used 1909K, capacity 2019K, committed 2048K, reserved 1048576K
}
Event: 6.230 GC heap before
{Heap before GC invocations=9 (full 0):
 PSYoungGen      total 66560K, used 66560K [0x00000000db300000, 0x00000000dff00000, 0x0000000100000000)
  eden space 56832K, 100% used [0x00000000db300000,0x00000000dea80000,0x00000000dea80000)
  from space 9728K, 100% used [0x00000000df480000,0x00000000dfe00000,0x00000000dfe00000)
  to   space 10240K, 0% used [0x00000000dea80000,0x00000000dea80000,0x00000000df480000)
 ParOldGen       total 76800K, used 27675K [0x0000000091800000, 0x0000000096300000, 0x00000000db300000)
  object space 76800K, 36% used [0x0000000091800000,0x0000000093306ca0,0x0000000096300000)
 Metaspace       used 17674K, capacity 18138K, committed 18304K, reserved 1064960K
  class space    used 2001K, capacity 2092K, committed 2176K, reserved 1048576K
Event: 6.242 GC heap after
Heap after GC invocations=9 (full 0):
 PSYoungGen      total 67072K, used 10240K [0x00000000db300000, 0x00000000dff00000, 0x0000000100000000)
  eden space 56832K, 0% used [0x00000000db300000,0x00000000db300000,0x00000000dea80000)
  from space 10240K, 100% used [0x00000000dea80000,0x00000000df480000,0x00000000df480000)
  to   space 9728K, 0% used [0x00000000df480000,0x00000000df480000,0x00000000dfe00000)
 ParOldGen       total 76800K, used 30548K [0x0000000091800000, 0x0000000096300000, 0x00000000db300000)
  object space 76800K, 39% used [0x0000000091800000,0x00000000935d5200,0x0000000096300000)
 Metaspace       used 17674K, capacity 18138K, committed 18304K, reserved 1064960K
  class space    used 2001K, capacity 2092K, committed 2176K, reserved 1048576K
}

