# JRE version: OpenJDK Runtime Environment (8.0_292-b10) (build 1.8.0_292-b10)
# Java VM: OpenJDK 64-Bit Server VM (25.292-b10 mixed mode windows-amd64 compressed oops)
Heap:
 PSYoungGen      total 128000K, used 26932K [0x00000000db300000, 0x00000000e8680000, 0x0000000100000000)
  eden space 109056K, 7% used [0x00000000db300000,0x00000000dbb73428,0x00000000e1d80000)
  from space 18944K, 96% used [0x00000000e1d80000,0x00000000e2f59c20,0x00000000e3000000)
  to   space 20992K, 0% used [0x00000000e7200000,0x00000000e7200000,0x00000000e8680000)
 ParOldGen       total 76800K, used 25723K [0x0000000091800000, 0x0000000096300000, 0x00000000db300000)
  object space 76800K, 33% used [0x0000000091800000,0x000000009311ef10,0x0000000096300000)
 Metaspace       used 19060K, capacity 19752K, committed 20096K, reserved 1067008K
  class space    used 2174K, capacity 2312K, committed 2432K, reserved 1048576K
GC Heap History (10 events):
Event: 7.347 GC heap before
{Heap before GC invocations=5 (full 0):
 PSYoungGen      total 33280K, used 33256K [0x00000000db300000, 0x00000000dd800000, 0x0000000100000000)
  eden space 28672K, 100% used [0x00000000db300000,0x00000000dcf00000,0x00000000dcf00000)
  from space 4608K, 99% used [0x00000000dd380000,0x00000000dd7fa040,0x00000000dd800000)
  to   space 4608K, 0% used [0x00000000dcf00000,0x00000000dcf00000,0x00000000dd380000)
 ParOldGen       total 76800K, used 7788K [0x0000000091800000, 0x0000000096300000, 0x00000000db300000)
  object space 76800K, 10% used [0x0000000091800000,0x0000000091f9b0d0,0x0000000096300000)
 Metaspace       used 16136K, capacity 16434K, committed 16640K, reserved 1064960K
  class space    used 1897K, capacity 2010K, committed 2048K, reserved 1048576K
Event: 7.367 GC heap after
Heap after GC invocations=5 (full 0):
 PSYoungGen      total 33280K, used 4600K [0x00000000db300000, 0x00000000dff00000, 0x0000000100000000)
  eden space 28672K, 0% used [0x00000000db300000,0x00000000db300000,0x00000000dcf00000)
  from space 4608K, 99% used [0x00000000dcf00000,0x00000000dd37e030,0x00000000dd380000)
  to   space 10240K, 0% used [0x00000000df500000,0x00000000df500000,0x00000000dff00000)
 ParOldGen       total 76800K, used 12220K [0x0000000091800000, 0x0000000096300000, 0x00000000db300000)
  object space 76800K, 15% used [0x0000000091800000,0x00000000923ef1c8,0x0000000096300000)
 Metaspace       used 16136K, capacity 16434K, committed 16640K, reserved 1064960K
  class space    used 1897K, capacity 2010K, committed 2048K, reserved 1048576K
}
Event: 8.036 GC heap before
{Heap before GC invocations=6 (full 0):
 PSYoungGen      total 33280K, used 33272K [0x00000000db300000, 0x00000000dff00000, 0x0000000100000000)
  eden space 28672K, 100% used [0x00000000db300000,0x00000000dcf00000,0x00000000dcf00000)
  from space 4608K, 99% used [0x00000000dcf00000,0x00000000dd37e030,0x00000000dd380000)
  to   space 10240K, 0% used [0x00000000df500000,0x00000000df500000,0x00000000dff00000)
 ParOldGen       total 76800K, used 12220K [0x0000000091800000, 0x0000000096300000, 0x00000000db300000)
  object space 76800K, 15% used [0x0000000091800000,0x00000000923ef1c8,0x0000000096300000)
 Metaspace       used 16333K, capacity 16712K, committed 16896K, reserved 1064960K
  class space    used 1900K, capacity 2013K, committed 2048K, reserved 1048576K
Event: 8.054 GC heap after
Heap after GC invocations=6 (full 0):
 PSYoungGen      total 67072K, used 8968K [0x00000000db300000, 0x00000000e0000000, 0x0000000100000000)
  eden space 56832K, 0% used [0x00000000db300000,0x00000000db300000,0x00000000dea80000)
  from space 10240K, 87% used [0x00000000df500000,0x00000000dfdc2020,0x00000000dff00000)
  to   space 10752K, 0% used [0x00000000dea80000,0x00000000dea80000,0x00000000df500000)
 ParOldGen       total 76800K, used 12228K [0x0000000091800000, 0x0000000096300000, 0x00000000db300000)
  object space 76800K, 15% used [0x0000000091800000,0x00000000923f11c8,0x0000000096300000)
 Metaspace       used 16333K, capacity 16712K, committed 16896K, reserved 1064960K
  class space    used 1900K, capacity 2013K, committed 2048K, reserved 1048576K
}
Event: 9.738 GC heap before
{Heap before GC invocations=7 (full 0):
 PSYoungGen      total 67072K, used 65800K [0x00000000db300000, 0x00000000e0000000, 0x0000000100000000)
  eden space 56832K, 100% used [0x00000000db300000,0x00000000dea80000,0x00000000dea80000)
  from space 10240K, 87% used [0x00000000df500000,0x00000000dfdc2020,0x00000000dff00000)
  to   space 10752K, 0% used [0x00000000dea80000,0x00000000dea80000,0x00000000df500000)
 ParOldGen       total 76800K, used 12228K [0x0000000091800000, 0x0000000096300000, 0x00000000db300000)
  object space 76800K, 15% used [0x0000000091800000,0x00000000923f11c8,0x0000000096300000)
 Metaspace       used 16691K, capacity 17062K, committed 17408K, reserved 1064960K
  class space    used 1907K, capacity 2018K, committed 2048K, reserved 1048576K
Event: 9.759 GC heap after
Heap after GC invocations=7 (full 0):
 PSYoungGen      total 67584K, used 10736K [0x00000000db300000, 0x00000000e3e00000, 0x0000000100000000)
  eden space 56832K, 0% used [0x00000000db300000,0x00000000db300000,0x00000000dea80000)
  from space 10752K, 99% used [0x00000000dea80000,0x00000000df4fc010,0x00000000df500000)
  to   space 14336K, 0% used [0x00000000e3000000,0x00000000e3000000,0x00000000e3e00000)
 ParOldGen       total 76800K, used 17163K [0x0000000091800000, 0x0000000096300000, 0x00000000db300000)
  object space 76800K, 22% used [0x0000000091800000,0x00000000928c2fd0,0x0000000096300000)
 Metaspace       used 16691K, capacity 17062K, committed 17408K, reserved 1064960K
  class space    used 1907K, capacity 2018K, committed 2048K, reserved 1048576K
}
Event: 10.592 GC heap before
{Heap before GC invocations=8 (full 0):
 PSYoungGen      total 67584K, used 67568K [0x00000000db300000, 0x00000000e3e00000, 0x0000000100000000)
  eden space 56832K, 100% used [0x00000000db300000,0x00000000dea80000,0x00000000dea80000)
  from space 10752K, 99% used [0x00000000dea80000,0x00000000df4fc010,0x00000000df500000)
  to   space 14336K, 0% used [0x00000000e3000000,0x00000000e3000000,0x00000000e3e00000)
 ParOldGen       total 76800K, used 17163K [0x0000000091800000, 0x0000000096300000, 0x00000000db300000)
  object space 76800K, 22% used [0x0000000091800000,0x00000000928c2fd0,0x0000000096300000)
 Metaspace       used 16848K, capacity 17260K, committed 17408K, reserved 1064960K
  class space    used 1908K, capacity 2019K, committed 2048K, reserved 1048576K
Event: 10.612 GC heap after
Heap after GC invocations=8 (full 0):
 PSYoungGen      total 123392K, used 14336K [0x00000000db300000, 0x00000000e4700000, 0x0000000100000000)
  eden space 109056K, 0% used [0x00000000db300000,0x00000000db300000,0x00000000e1d80000)
  from space 14336K, 100% used [0x00000000e3000000,0x00000000e3e00000,0x00000000e3e00000)
  to   space 18944K, 0% used [0x00000000e1d80000,0x00000000e1d80000,0x00000000e3000000)
 ParOldGen       total 76800K, used 22704K [0x0000000091800000, 0x0000000096300000, 0x00000000db300000)
  object space 76800K, 29% used [0x0000000091800000,0x0000000092e2c1b0,0x0000000096300000)
 Metaspace       used 16848K, capacity 17260K, committed 17408K, reserved 1064960K
  class space    used 1908K, capacity 2019K, committed 2048K, reserved 1048576K
}
Event: 13.220 GC heap before
{Heap before GC invocations=9 (full 0):
 PSYoungGen      total 123392K, used 123392K [0x00000000db300000, 0x00000000e4700000, 0x0000000100000000)
  eden space 109056K, 100% used [0x00000000db300000,0x00000000e1d80000,0x00000000e1d80000)
  from space 14336K, 100% used [0x00000000e3000000,0x00000000e3e00000,0x00000000e3e00000)
  to   space 18944K, 0% used [0x00000000e1d80000,0x00000000e1d80000,0x00000000e3000000)
 ParOldGen       total 76800K, used 22704K [0x0000000091800000, 0x0000000096300000, 0x00000000db300000)
  object space 76800K, 29% used [0x0000000091800000,0x0000000092e2c1b0,0x0000000096300000)
 Metaspace       used 19056K, capacity 19682K, committed 19840K, reserved 1067008K
  class space    used 2174K, capacity 2311K, committed 2432K, reserved 1048576K
Event: 13.245 GC heap after
Heap after GC invocations=9 (full 0):
 PSYoungGen      total 128000K, used 18279K [0x00000000db300000, 0x00000000e8680000, 0x0000000100000000)
  eden space 109056K, 0% used [0x00000000db300000,0x00000000db300000,0x00000000e1d80000)
  from space 18944K, 96% used [0x00000000e1d80000,0x00000000e2f59c20,0x00000000e3000000)
  to   space 20992K, 0% used [0x00000000e7200000,0x00000000e7200000,0x00000000e8680000)
 ParOldGen       total 76800K, used 25723K [0x0000000091800000, 0x0000000096300000, 0x00000000db300000)
  object space 76800K, 33% used [0x0000000091800000,0x000000009311ef10,0x0000000096300000)
 Metaspace       used 19056K, capacity 19682K, committed 19840K, reserved 1067008K
  class space    used 2174K, capacity 2311K, committed 2432K, reserved 1048576K
}

