# JRE version: OpenJDK Runtime Environment (8.0_292-b10) (build 1.8.0_292-b10)
# Java VM: OpenJDK 64-Bit Server VM (25.292-b10 mixed mode windows-amd64 compressed oops)
Heap:
 PSYoungGen      total 129024K, used 50941K [0x00000000db300000, 0x00000000e4500000, 0x0000000100000000)
  eden space 111616K, 45% used [0x00000000db300000,0x00000000de4bf5b8,0x00000000e2000000)
  from space 17408K, 0% used [0x00000000e2000000,0x00000000e2000000,0x00000000e3100000)
  to   space 14336K, 0% used [0x00000000e3100000,0x00000000e3100000,0x00000000e3f00000)
 ParOldGen       total 78848K, used 30941K [0x0000000091800000, 0x0000000096500000, 0x00000000db300000)
  object space 78848K, 39% used [0x0000000091800000,0x0000000093637558,0x0000000096500000)
 Metaspace       used 22250K, capacity 22750K, committed 22960K, reserved 1069056K
  class space    used 2584K, capacity 2716K, committed 2736K, reserved 1048576K
GC Heap History (10 events):
Event: 3.733 GC heap before
{Heap before GC invocations=6 (full 0):
 PSYoungGen      total 33280K, used 33256K [0x00000000db300000, 0x00000000dff00000, 0x0000000100000000)
  eden space 28672K, 100% used [0x00000000db300000,0x00000000dcf00000,0x00000000dcf00000)
  from space 4608K, 99% used [0x00000000dcf00000,0x00000000dd37a040,0x00000000dd380000)
  to   space 10240K, 0% used [0x00000000df500000,0x00000000df500000,0x00000000dff00000)
 ParOldGen       total 76800K, used 12482K [0x0000000091800000, 0x0000000096300000, 0x00000000db300000)
  object space 76800K, 16% used [0x0000000091800000,0x0000000092430bc0,0x0000000096300000)
 Metaspace       used 16342K, capacity 16722K, committed 16896K, reserved 1064960K
  class space    used 1906K, capacity 2012K, committed 2048K, reserved 1048576K
Event: 3.741 GC heap after
Heap after GC invocations=6 (full 0):
 PSYoungGen      total 67584K, used 8584K [0x00000000db300000, 0x00000000dff00000, 0x0000000100000000)
  eden space 57344K, 0% used [0x00000000db300000,0x00000000db300000,0x00000000deb00000)
  from space 10240K, 83% used [0x00000000df500000,0x00000000dfd62060,0x00000000dff00000)
  to   space 10240K, 0% used [0x00000000deb00000,0x00000000deb00000,0x00000000df500000)
 ParOldGen       total 76800K, used 12490K [0x0000000091800000, 0x0000000096300000, 0x00000000db300000)
  object space 76800K, 16% used [0x0000000091800000,0x0000000092432bc0,0x0000000096300000)
 Metaspace       used 16342K, capacity 16722K, committed 16896K, reserved 1064960K
  class space    used 1906K, capacity 2012K, committed 2048K, reserved 1048576K
}
Event: 4.558 GC heap before
{Heap before GC invocations=7 (full 0):
 PSYoungGen      total 67584K, used 65928K [0x00000000db300000, 0x00000000dff00000, 0x0000000100000000)
  eden space 57344K, 100% used [0x00000000db300000,0x00000000deb00000,0x00000000deb00000)
  from space 10240K, 83% used [0x00000000df500000,0x00000000dfd62060,0x00000000dff00000)
  to   space 10240K, 0% used [0x00000000deb00000,0x00000000deb00000,0x00000000df500000)
 ParOldGen       total 76800K, used 12490K [0x0000000091800000, 0x0000000096300000, 0x00000000db300000)
  object space 76800K, 16% used [0x0000000091800000,0x0000000092432bc0,0x0000000096300000)
 Metaspace       used 16629K, capacity 16950K, committed 17152K, reserved 1064960K
  class space    used 1912K, capacity 2018K, committed 2048K, reserved 1048576K
Event: 4.570 GC heap after
Heap after GC invocations=7 (full 0):
 PSYoungGen      total 67584K, used 10224K [0x00000000db300000, 0x00000000e3f00000, 0x0000000100000000)
  eden space 57344K, 0% used [0x00000000db300000,0x00000000db300000,0x00000000deb00000)
  from space 10240K, 99% used [0x00000000deb00000,0x00000000df4fc030,0x00000000df500000)
  to   space 14336K, 0% used [0x00000000e3100000,0x00000000e3100000,0x00000000e3f00000)
 ParOldGen       total 76800K, used 18089K [0x0000000091800000, 0x0000000096300000, 0x00000000db300000)
  object space 76800K, 23% used [0x0000000091800000,0x00000000929aa6d0,0x0000000096300000)
 Metaspace       used 16629K, capacity 16950K, committed 17152K, reserved 1064960K
  class space    used 1912K, capacity 2018K, committed 2048K, reserved 1048576K
}
Event: 5.595 GC heap before
{Heap before GC invocations=8 (full 0):
 PSYoungGen      total 67584K, used 67568K [0x00000000db300000, 0x00000000e3f00000, 0x0000000100000000)
  eden space 57344K, 100% used [0x00000000db300000,0x00000000deb00000,0x00000000deb00000)
  from space 10240K, 99% used [0x00000000deb00000,0x00000000df4fc030,0x00000000df500000)
  to   space 14336K, 0% used [0x00000000e3100000,0x00000000e3100000,0x00000000e3f00000)
 ParOldGen       total 76800K, used 18089K [0x0000000091800000, 0x0000000096300000, 0x00000000db300000)
  object space 76800K, 23% used [0x0000000091800000,0x00000000929aa6d0,0x0000000096300000)
 Metaspace       used 16959K, capacity 17282K, committed 17408K, reserved 1064960K
  class space    used 1928K, capacity 2020K, committed 2048K, reserved 1048576K
Event: 5.609 GC heap after
Heap after GC invocations=8 (full 0):
 PSYoungGen      total 125952K, used 14336K [0x00000000db300000, 0x00000000e4500000, 0x0000000100000000)
  eden space 111616K, 0% used [0x00000000db300000,0x00000000db300000,0x00000000e2000000)
  from space 14336K, 100% used [0x00000000e3100000,0x00000000e3f00000,0x00000000e3f00000)
  to   space 17408K, 0% used [0x00000000e2000000,0x00000000e2000000,0x00000000e3100000)
 ParOldGen       total 76800K, used 20933K [0x0000000091800000, 0x0000000096300000, 0x00000000db300000)
  object space 76800K, 27% used [0x0000000091800000,0x0000000092c71658,0x0000000096300000)
 Metaspace       used 16959K, capacity 17282K, committed 17408K, reserved 1064960K
  class space    used 1928K, capacity 2020K, committed 2048K, reserved 1048576K
}
Event: 6.543 GC heap before
{Heap before GC invocations=9 (full 0):
 PSYoungGen      total 125952K, used 63112K [0x00000000db300000, 0x00000000e4500000, 0x0000000100000000)
  eden space 111616K, 43% used [0x00000000db300000,0x00000000de2a2080,0x00000000e2000000)
  from space 14336K, 100% used [0x00000000e3100000,0x00000000e3f00000,0x00000000e3f00000)
  to   space 17408K, 0% used [0x00000000e2000000,0x00000000e2000000,0x00000000e3100000)
 ParOldGen       total 76800K, used 20933K [0x0000000091800000, 0x0000000096300000, 0x00000000db300000)
  object space 76800K, 27% used [0x0000000091800000,0x0000000092c71658,0x0000000096300000)
 Metaspace       used 20749K, capacity 21214K, committed 21296K, reserved 1069056K
  class space    used 2441K, capacity 2588K, committed 2608K, reserved 1048576K
Event: 6.559 GC heap after
Heap after GC invocations=9 (full 0):
 PSYoungGen      total 129024K, used 14829K [0x00000000db300000, 0x00000000e4500000, 0x0000000100000000)
  eden space 111616K, 0% used [0x00000000db300000,0x00000000db300000,0x00000000e2000000)
  from space 17408K, 85% used [0x00000000e2000000,0x00000000e2e7b4b0,0x00000000e3100000)
  to   space 14336K, 0% used [0x00000000e3100000,0x00000000e3100000,0x00000000e3f00000)
 ParOldGen       total 76800K, used 23778K [0x0000000091800000, 0x0000000096300000, 0x00000000db300000)
  object space 76800K, 30% used [0x0000000091800000,0x0000000092f38a60,0x0000000096300000)
 Metaspace       used 20749K, capacity 21214K, committed 21296K, reserved 1069056K
  class space    used 2441K, capacity 2588K, committed 2608K, reserved 1048576K
}
Event: 6.559 GC heap before
{Heap before GC invocations=10 (full 1):
 PSYoungGen      total 129024K, used 14829K [0x00000000db300000, 0x00000000e4500000, 0x0000000100000000)
  eden space 111616K, 0% used [0x00000000db300000,0x00000000db300000,0x00000000e2000000)
  from space 17408K, 85% used [0x00000000e2000000,0x00000000e2e7b4b0,0x00000000e3100000)
  to   space 14336K, 0% used [0x00000000e3100000,0x00000000e3100000,0x00000000e3f00000)
 ParOldGen       total 76800K, used 23778K [0x0000000091800000, 0x0000000096300000, 0x00000000db300000)
  object space 76800K, 30% used [0x0000000091800000,0x0000000092f38a60,0x0000000096300000)
 Metaspace       used 20749K, capacity 21214K, committed 21296K, reserved 1069056K
  class space    used 2441K, capacity 2588K, committed 2608K, reserved 1048576K
Event: 6.636 GC heap after
Heap after GC invocations=10 (full 1):
 PSYoungGen      total 129024K, used 0K [0x00000000db300000, 0x00000000e4500000, 0x0000000100000000)
  eden space 111616K, 0% used [0x00000000db300000,0x00000000db300000,0x00000000e2000000)
  from space 17408K, 0% used [0x00000000e2000000,0x00000000e2000000,0x00000000e3100000)
  to   space 14336K, 0% used [0x00000000e3100000,0x00000000e3100000,0x00000000e3f00000)
 ParOldGen       total 78848K, used 30941K [0x0000000091800000, 0x0000000096500000, 0x00000000db300000)
  object space 78848K, 39% used [0x0000000091800000,0x0000000093637558,0x0000000096500000)
 Metaspace       used 20749K, capacity 21214K, committed 21296K, reserved 1069056K
  class space    used 2441K, capacity 2588K, committed 2608K, reserved 1048576K
}

