# JRE version: OpenJDK Runtime Environment (8.0_292-b10) (build 1.8.0_292-b10)
# Java VM: OpenJDK 64-Bit Server VM (25.292-b10 mixed mode windows-amd64 compressed oops)
Heap:
 PSYoungGen      total 128000K, used 42439K [0x00000000db300000, 0x00000000e8a80000, 0x0000000100000000)
  eden space 109568K, 21% used [0x00000000db300000,0x00000000dca76098,0x00000000e1e00000)
  from space 18432K, 99% used [0x00000000e1e00000,0x00000000e2ffbc50,0x00000000e3000000)
  to   space 22528K, 0% used [0x00000000e7480000,0x00000000e7480000,0x00000000e8a80000)
 ParOldGen       total 76800K, used 25550K [0x0000000091800000, 0x0000000096300000, 0x00000000db300000)
  object space 76800K, 33% used [0x0000000091800000,0x00000000930f38f8,0x0000000096300000)
 Metaspace       used 19082K, capacity 19710K, committed 20096K, reserved 1067008K
  class space    used 2174K, capacity 2313K, committed 2432K, reserved 1048576K
GC Heap History (10 events):
Event: 5.302 GC heap before
{Heap before GC invocations=5 (full 0):
 PSYoungGen      total 33280K, used 33262K [0x00000000db300000, 0x00000000dd800000, 0x0000000100000000)
  eden space 28672K, 100% used [0x00000000db300000,0x00000000dcf00000,0x00000000dcf00000)
  from space 4608K, 99% used [0x00000000dd380000,0x00000000dd7fb8d0,0x00000000dd800000)
  to   space 4608K, 0% used [0x00000000dcf00000,0x00000000dcf00000,0x00000000dd380000)
 ParOldGen       total 76800K, used 7895K [0x0000000091800000, 0x0000000096300000, 0x00000000db300000)
  object space 76800K, 10% used [0x0000000091800000,0x0000000091fb5c30,0x0000000096300000)
 Metaspace       used 16124K, capacity 16386K, committed 16640K, reserved 1064960K
  class space    used 1897K, capacity 2010K, committed 2048K, reserved 1048576K
Event: 5.314 GC heap after
Heap after GC invocations=5 (full 0):
 PSYoungGen      total 33280K, used 4584K [0x00000000db300000, 0x00000000dff00000, 0x0000000100000000)
  eden space 28672K, 0% used [0x00000000db300000,0x00000000db300000,0x00000000dcf00000)
  from space 4608K, 99% used [0x00000000dcf00000,0x00000000dd37a060,0x00000000dd380000)
  to   space 10240K, 0% used [0x00000000df500000,0x00000000df500000,0x00000000dff00000)
 ParOldGen       total 76800K, used 12100K [0x0000000091800000, 0x0000000096300000, 0x00000000db300000)
  object space 76800K, 15% used [0x0000000091800000,0x00000000923d1010,0x0000000096300000)
 Metaspace       used 16124K, capacity 16386K, committed 16640K, reserved 1064960K
  class space    used 1897K, capacity 2010K, committed 2048K, reserved 1048576K
}
Event: 5.845 GC heap before
{Heap before GC invocations=6 (full 0):
 PSYoungGen      total 33280K, used 33256K [0x00000000db300000, 0x00000000dff00000, 0x0000000100000000)
  eden space 28672K, 100% used [0x00000000db300000,0x00000000dcf00000,0x00000000dcf00000)
  from space 4608K, 99% used [0x00000000dcf00000,0x00000000dd37a060,0x00000000dd380000)
  to   space 10240K, 0% used [0x00000000df500000,0x00000000df500000,0x00000000dff00000)
 ParOldGen       total 76800K, used 12100K [0x0000000091800000, 0x0000000096300000, 0x00000000db300000)
  object space 76800K, 15% used [0x0000000091800000,0x00000000923d1010,0x0000000096300000)
 Metaspace       used 16359K, capacity 16660K, committed 16896K, reserved 1064960K
  class space    used 1900K, capacity 2013K, committed 2048K, reserved 1048576K
Event: 5.855 GC heap after
Heap after GC invocations=6 (full 0):
 PSYoungGen      total 67072K, used 8616K [0x00000000db300000, 0x00000000e0000000, 0x0000000100000000)
  eden space 56832K, 0% used [0x00000000db300000,0x00000000db300000,0x00000000dea80000)
  from space 10240K, 84% used [0x00000000df500000,0x00000000dfd6a040,0x00000000dff00000)
  to   space 10752K, 0% used [0x00000000dea80000,0x00000000dea80000,0x00000000df500000)
 ParOldGen       total 76800K, used 12108K [0x0000000091800000, 0x0000000096300000, 0x00000000db300000)
  object space 76800K, 15% used [0x0000000091800000,0x00000000923d3010,0x0000000096300000)
 Metaspace       used 16359K, capacity 16660K, committed 16896K, reserved 1064960K
  class space    used 1900K, capacity 2013K, committed 2048K, reserved 1048576K
}
Event: 6.924 GC heap before
{Heap before GC invocations=7 (full 0):
 PSYoungGen      total 67072K, used 65448K [0x00000000db300000, 0x00000000e0000000, 0x0000000100000000)
  eden space 56832K, 100% used [0x00000000db300000,0x00000000dea80000,0x00000000dea80000)
  from space 10240K, 84% used [0x00000000df500000,0x00000000dfd6a040,0x00000000dff00000)
  to   space 10752K, 0% used [0x00000000dea80000,0x00000000dea80000,0x00000000df500000)
 ParOldGen       total 76800K, used 12108K [0x0000000091800000, 0x0000000096300000, 0x00000000db300000)
  object space 76800K, 15% used [0x0000000091800000,0x00000000923d3010,0x0000000096300000)
 Metaspace       used 16677K, capacity 17078K, committed 17408K, reserved 1064960K
  class space    used 1906K, capacity 2018K, committed 2048K, reserved 1048576K
Event: 6.939 GC heap after
Heap after GC invocations=7 (full 0):
 PSYoungGen      total 67584K, used 10736K [0x00000000db300000, 0x00000000e3e00000, 0x0000000100000000)
  eden space 56832K, 0% used [0x00000000db300000,0x00000000db300000,0x00000000dea80000)
  from space 10752K, 99% used [0x00000000dea80000,0x00000000df4fc010,0x00000000df500000)
  to   space 14336K, 0% used [0x00000000e3000000,0x00000000e3000000,0x00000000e3e00000)
 ParOldGen       total 76800K, used 16990K [0x0000000091800000, 0x0000000096300000, 0x00000000db300000)
  object space 76800K, 22% used [0x0000000091800000,0x0000000092897af0,0x0000000096300000)
 Metaspace       used 16677K, capacity 17078K, committed 17408K, reserved 1064960K
  class space    used 1906K, capacity 2018K, committed 2048K, reserved 1048576K
}
Event: 7.690 GC heap before
{Heap before GC invocations=8 (full 0):
 PSYoungGen      total 67584K, used 67568K [0x00000000db300000, 0x00000000e3e00000, 0x0000000100000000)
  eden space 56832K, 100% used [0x00000000db300000,0x00000000dea80000,0x00000000dea80000)
  from space 10752K, 99% used [0x00000000dea80000,0x00000000df4fc010,0x00000000df500000)
  to   space 14336K, 0% used [0x00000000e3000000,0x00000000e3000000,0x00000000e3e00000)
 ParOldGen       total 76800K, used 16990K [0x0000000091800000, 0x0000000096300000, 0x00000000db300000)
  object space 76800K, 22% used [0x0000000091800000,0x0000000092897af0,0x0000000096300000)
 Metaspace       used 16832K, capacity 17212K, committed 17408K, reserved 1064960K
  class space    used 1908K, capacity 2019K, committed 2048K, reserved 1048576K
Event: 7.708 GC heap after
Heap after GC invocations=8 (full 0):
 PSYoungGen      total 123904K, used 14336K [0x00000000db300000, 0x00000000e4600000, 0x0000000100000000)
  eden space 109568K, 0% used [0x00000000db300000,0x00000000db300000,0x00000000e1e00000)
  from space 14336K, 100% used [0x00000000e3000000,0x00000000e3e00000,0x00000000e3e00000)
  to   space 18432K, 0% used [0x00000000e1e00000,0x00000000e1e00000,0x00000000e3000000)
 ParOldGen       total 76800K, used 22147K [0x0000000091800000, 0x0000000096300000, 0x00000000db300000)
  object space 76800K, 28% used [0x0000000091800000,0x0000000092da0d98,0x0000000096300000)
 Metaspace       used 16832K, capacity 17212K, committed 17408K, reserved 1064960K
  class space    used 1908K, capacity 2019K, committed 2048K, reserved 1048576K
}
Event: 11.287 GC heap before
{Heap before GC invocations=9 (full 0):
 PSYoungGen      total 123904K, used 123904K [0x00000000db300000, 0x00000000e4600000, 0x0000000100000000)
  eden space 109568K, 100% used [0x00000000db300000,0x00000000e1e00000,0x00000000e1e00000)
  from space 14336K, 100% used [0x00000000e3000000,0x00000000e3e00000,0x00000000e3e00000)
  to   space 18432K, 0% used [0x00000000e1e00000,0x00000000e1e00000,0x00000000e3000000)
 ParOldGen       total 76800K, used 22147K [0x0000000091800000, 0x0000000096300000, 0x00000000db300000)
  object space 76800K, 28% used [0x0000000091800000,0x0000000092da0d98,0x0000000096300000)
 Metaspace       used 19045K, capacity 19698K, committed 19840K, reserved 1067008K
  class space    used 2173K, capacity 2311K, committed 2432K, reserved 1048576K
Event: 11.313 GC heap after
Heap after GC invocations=9 (full 0):
 PSYoungGen      total 128000K, used 18415K [0x00000000db300000, 0x00000000e8a80000, 0x0000000100000000)
  eden space 109568K, 0% used [0x00000000db300000,0x00000000db300000,0x00000000e1e00000)
  from space 18432K, 99% used [0x00000000e1e00000,0x00000000e2ffbc50,0x00000000e3000000)
  to   space 22528K, 0% used [0x00000000e7480000,0x00000000e7480000,0x00000000e8a80000)
 ParOldGen       total 76800K, used 25550K [0x0000000091800000, 0x0000000096300000, 0x00000000db300000)
  object space 76800K, 33% used [0x0000000091800000,0x00000000930f38f8,0x0000000096300000)
 Metaspace       used 19045K, capacity 19698K, committed 19840K, reserved 1067008K
  class space    used 2173K, capacity 2311K, committed 2432K, reserved 1048576K
}

