# JRE version: OpenJDK Runtime Environment (8.0_292-b10) (build 1.8.0_292-b10)
# Java VM: OpenJDK 64-Bit Server VM (25.292-b10 mixed mode windows-amd64 compressed oops)
Heap:
 PSYoungGen      total 33280K, used 14822K [0x00000000db300000, 0x00000000dd800000, 0x0000000100000000)
  eden space 28672K, 44% used [0x00000000db300000,0x00000000dbf54df8,0x00000000dcf00000)
  from space 4608K, 47% used [0x00000000dcf00000,0x00000000dd124b08,0x00000000dd380000)
  to   space 4608K, 0% used [0x00000000dd380000,0x00000000dd380000,0x00000000dd800000)
 ParOldGen       total 76800K, used 40300K [0x0000000091800000, 0x0000000096300000, 0x00000000db300000)
  object space 76800K, 52% used [0x0000000091800000,0x0000000093f5b330,0x0000000096300000)
 Metaspace       used 19047K, capacity 19682K, committed 19840K, reserved 1067008K
  class space    used 2174K, capacity 2311K, committed 2432K, reserved 1048576K
GC Heap History (10 events):
Event: 8.635 GC heap before
{Heap before GC invocations=9 (full 0):
 PSYoungGen      total 33280K, used 33280K [0x00000000db300000, 0x00000000dd800000, 0x0000000100000000)
  eden space 28672K, 100% used [0x00000000db300000,0x00000000dcf00000,0x00000000dcf00000)
  from space 4608K, 100% used [0x00000000dd380000,0x00000000dd800000,0x00000000dd800000)
  to   space 4608K, 0% used [0x00000000dcf00000,0x00000000dcf00000,0x00000000dd380000)
 ParOldGen       total 76800K, used 24089K [0x0000000091800000, 0x0000000096300000, 0x00000000db300000)
  object space 76800K, 31% used [0x0000000091800000,0x0000000092f866c0,0x0000000096300000)
 Metaspace       used 16788K, capacity 17132K, committed 17408K, reserved 1064960K
  class space    used 1909K, capacity 2019K, committed 2048K, reserved 1048576K
Event: 8.645 GC heap after
Heap after GC invocations=9 (full 0):
 PSYoungGen      total 33280K, used 4608K [0x00000000db300000, 0x00000000dd800000, 0x0000000100000000)
  eden space 28672K, 0% used [0x00000000db300000,0x00000000db300000,0x00000000dcf00000)
  from space 4608K, 100% used [0x00000000dcf00000,0x00000000dd380000,0x00000000dd380000)
  to   space 4608K, 0% used [0x00000000dd380000,0x00000000dd380000,0x00000000dd800000)
 ParOldGen       total 76800K, used 27877K [0x0000000091800000, 0x0000000096300000, 0x00000000db300000)
  object space 76800K, 36% used [0x0000000091800000,0x0000000093339420,0x0000000096300000)
 Metaspace       used 16788K, capacity 17132K, committed 17408K, reserved 1064960K
  class space    used 1909K, capacity 2019K, committed 2048K, reserved 1048576K
}
Event: 9.061 GC heap before
{Heap before GC invocations=10 (full 0):
 PSYoungGen      total 33280K, used 33280K [0x00000000db300000, 0x00000000dd800000, 0x0000000100000000)
  eden space 28672K, 100% used [0x00000000db300000,0x00000000dcf00000,0x00000000dcf00000)
  from space 4608K, 100% used [0x00000000dcf00000,0x00000000dd380000,0x00000000dd380000)
  to   space 4608K, 0% used [0x00000000dd380000,0x00000000dd380000,0x00000000dd800000)
 ParOldGen       total 76800K, used 27877K [0x0000000091800000, 0x0000000096300000, 0x00000000db300000)
  object space 76800K, 36% used [0x0000000091800000,0x0000000093339420,0x0000000096300000)
 Metaspace       used 16828K, capacity 17196K, committed 17408K, reserved 1064960K
  class space    used 1909K, capacity 2019K, committed 2048K, reserved 1048576K
Event: 9.073 GC heap after
Heap after GC invocations=10 (full 0):
 PSYoungGen      total 33280K, used 4608K [0x00000000db300000, 0x00000000dd800000, 0x0000000100000000)
  eden space 28672K, 0% used [0x00000000db300000,0x00000000db300000,0x00000000dcf00000)
  from space 4608K, 100% used [0x00000000dd380000,0x00000000dd800000,0x00000000dd800000)
  to   space 4608K, 0% used [0x00000000dcf00000,0x00000000dcf00000,0x00000000dd380000)
 ParOldGen       total 76800K, used 33568K [0x0000000091800000, 0x0000000096300000, 0x00000000db300000)
  object space 76800K, 43% used [0x0000000091800000,0x00000000938c8228,0x0000000096300000)
 Metaspace       used 16828K, capacity 17196K, committed 17408K, reserved 1064960K
  class space    used 1909K, capacity 2019K, committed 2048K, reserved 1048576K
}
Event: 10.198 GC heap before
{Heap before GC invocations=11 (full 0):
 PSYoungGen      total 33280K, used 33280K [0x00000000db300000, 0x00000000dd800000, 0x0000000100000000)
  eden space 28672K, 100% used [0x00000000db300000,0x00000000dcf00000,0x00000000dcf00000)
  from space 4608K, 100% used [0x00000000dd380000,0x00000000dd800000,0x00000000dd800000)
  to   space 4608K, 0% used [0x00000000dcf00000,0x00000000dcf00000,0x00000000dd380000)
 ParOldGen       total 76800K, used 33568K [0x0000000091800000, 0x0000000096300000, 0x00000000db300000)
  object space 76800K, 43% used [0x0000000091800000,0x00000000938c8228,0x0000000096300000)
 Metaspace       used 17133K, capacity 17606K, committed 17920K, reserved 1064960K
  class space    used 1936K, capacity 2024K, committed 2048K, reserved 1048576K
Event: 10.203 GC heap after
Heap after GC invocations=11 (full 0):
 PSYoungGen      total 33280K, used 1376K [0x00000000db300000, 0x00000000dd800000, 0x0000000100000000)
  eden space 28672K, 0% used [0x00000000db300000,0x00000000db300000,0x00000000dcf00000)
  from space 4608K, 29% used [0x00000000dcf00000,0x00000000dd058000,0x00000000dd380000)
  to   space 4608K, 0% used [0x00000000dd380000,0x00000000dd380000,0x00000000dd800000)
 ParOldGen       total 76800K, used 38124K [0x0000000091800000, 0x0000000096300000, 0x00000000db300000)
  object space 76800K, 49% used [0x0000000091800000,0x0000000093d3b330,0x0000000096300000)
 Metaspace       used 17133K, capacity 17606K, committed 17920K, reserved 1064960K
  class space    used 1936K, capacity 2024K, committed 2048K, reserved 1048576K
}
Event: 10.791 GC heap before
{Heap before GC invocations=12 (full 0):
 PSYoungGen      total 33280K, used 30048K [0x00000000db300000, 0x00000000dd800000, 0x0000000100000000)
  eden space 28672K, 100% used [0x00000000db300000,0x00000000dcf00000,0x00000000dcf00000)
  from space 4608K, 29% used [0x00000000dcf00000,0x00000000dd058000,0x00000000dd380000)
  to   space 4608K, 0% used [0x00000000dd380000,0x00000000dd380000,0x00000000dd800000)
 ParOldGen       total 76800K, used 38124K [0x0000000091800000, 0x0000000096300000, 0x00000000db300000)
  object space 76800K, 49% used [0x0000000091800000,0x0000000093d3b330,0x0000000096300000)
 Metaspace       used 17684K, capacity 18122K, committed 18304K, reserved 1064960K
  class space    used 2001K, capacity 2092K, committed 2176K, reserved 1048576K
Event: 10.794 GC heap after
Heap after GC invocations=12 (full 0):
 PSYoungGen      total 33280K, used 2060K [0x00000000db300000, 0x00000000dd800000, 0x0000000100000000)
  eden space 28672K, 0% used [0x00000000db300000,0x00000000db300000,0x00000000dcf00000)
  from space 4608K, 44% used [0x00000000dd380000,0x00000000dd583050,0x00000000dd800000)
  to   space 4608K, 0% used [0x00000000dcf00000,0x00000000dcf00000,0x00000000dd380000)
 ParOldGen       total 76800K, used 39060K [0x0000000091800000, 0x0000000096300000, 0x00000000db300000)
  object space 76800K, 50% used [0x0000000091800000,0x0000000093e25330,0x0000000096300000)
 Metaspace       used 17684K, capacity 18122K, committed 18304K, reserved 1064960K
  class space    used 2001K, capacity 2092K, committed 2176K, reserved 1048576K
}
Event: 11.492 GC heap before
{Heap before GC invocations=13 (full 0):
 PSYoungGen      total 33280K, used 30732K [0x00000000db300000, 0x00000000dd800000, 0x0000000100000000)
  eden space 28672K, 100% used [0x00000000db300000,0x00000000dcf00000,0x00000000dcf00000)
  from space 4608K, 44% used [0x00000000dd380000,0x00000000dd583050,0x00000000dd800000)
  to   space 4608K, 0% used [0x00000000dcf00000,0x00000000dcf00000,0x00000000dd380000)
 ParOldGen       total 76800K, used 39060K [0x0000000091800000, 0x0000000096300000, 0x00000000db300000)
  object space 76800K, 50% used [0x0000000091800000,0x0000000093e25330,0x0000000096300000)
 Metaspace       used 18489K, capacity 19056K, committed 19200K, reserved 1067008K
  class space    used 2079K, capacity 2209K, committed 2304K, reserved 1048576K
Event: 11.496 GC heap after
Heap after GC invocations=13 (full 0):
 PSYoungGen      total 33280K, used 2194K [0x00000000db300000, 0x00000000dd800000, 0x0000000100000000)
  eden space 28672K, 0% used [0x00000000db300000,0x00000000db300000,0x00000000dcf00000)
  from space 4608K, 47% used [0x00000000dcf00000,0x00000000dd124b08,0x00000000dd380000)
  to   space 4608K, 0% used [0x00000000dd380000,0x00000000dd380000,0x00000000dd800000)
 ParOldGen       total 76800K, used 40300K [0x0000000091800000, 0x0000000096300000, 0x00000000db300000)
  object space 76800K, 52% used [0x0000000091800000,0x0000000093f5b330,0x0000000096300000)
 Metaspace       used 18489K, capacity 19056K, committed 19200K, reserved 1067008K
  class space    used 2079K, capacity 2209K, committed 2304K, reserved 1048576K
}

